net.liftweb.util.TimeHelpers - Service request (GET) /ranking returned 200, took 413 Milliseconds
net.liftweb.util.TimeHelpers - Service request (GET) /index returned 200, took 38 Milliseconds
net.liftweb.util.TimeHelpers - Service request (GET) /rules returned 200, took 37 Milliseconds
net.liftweb.util.TimeHelpers - Service request (GET) /ranking returned 200, took 29 Milliseconds
net.liftweb.util.TimeHelpers - Service request (GET) /game returned 200, took 111 Milliseconds
net.liftweb.util.TimeHelpers - Service request (GET) /ranking returned 200, took 27 Milliseconds
net.liftweb.util.TimeHelpers - Service request (GET) /game returned 200, took 41 Milliseconds
net.liftweb.util.TimeHelpers - Service request (GET) /api/ranking returned 200, took 70 Milliseconds
net.liftweb.util.TimeHelpers - Service request (GET) /player returned 200, took 28 Milliseconds
net.liftweb.util.TimeHelpers - Service request (GET) /rules returned 200, took 26 Milliseconds
net.liftweb.util.TimeHelpers - Service request (GET) /index returned 200, took 26 Milliseconds
net.liftweb.util.TimeHelpers - Service request (GET) /rules returned 200, took 23 Milliseconds
net.liftweb.util.TimeHelpers - Service request (GET) /rules returned 200, took 24 Milliseconds
net.liftweb.util.TimeHelpers - Service request (GET) /rules returned 200, took 25 Milliseconds
net.liftweb.util.TimeHelpers - Service request (GET) /player returned 200, took 21 Milliseconds
net.liftweb.util.TimeHelpers - Service request (GET) /game returned 200, took 37 Milliseconds
net.liftweb.util.TimeHelpers - Service request (GET) /rules returned 200, took 26 Milliseconds
net.liftweb.util.TimeHelpers - Service request (GET) /game returned 200, took 28 Milliseconds
net.liftweb.util.TimeHelpers - Service request (GET) /api/ranking returned 200, took 9 Milliseconds
net.liftweb.util.TimeHelpers - Service request (POST) /api/game returned 200, took 84 Milliseconds
net.liftweb.util.TimeHelpers - Service request (GET) /api/ranking returned 200, took 9 Milliseconds
net.liftweb.util.TimeHelpers - Service request (GET) /api/players returned 200, took 11 Milliseconds
net.liftweb.util.TimeHelpers - Service request (GET) /api/last-two-games/55c2fe8ccd6a5c78fffe9209 returned 200, took 8 Milliseconds
net.liftweb.util.TimeHelpers - Service request (POST) /api/game returned 200, took 14 Milliseconds
net.liftweb.util.TimeHelpers - Service request (GET) /api/last-two-games/55c2fe8ccd6a5c78fffe9209 returned 200, took 7 Milliseconds
net.liftweb.util.TimeHelpers - Service request (GET) /api/ranking returned 200, took 7 Milliseconds
net.liftweb.util.TimeHelpers - Service request (POST) /api/game returned 200, took 15 Milliseconds
net.liftweb.util.TimeHelpers - Service request (GET) /api/ranking returned 200, took 8 Milliseconds
net.liftweb.util.TimeHelpers - Service request (POST) /api/game returned 200, took 14 Milliseconds
net.liftweb.util.TimeHelpers - Service request (GET) /api/ranking returned 200, took 7 Milliseconds
net.liftweb.util.TimeHelpers - Service request (POST) /api/game returned 200, took 14 Milliseconds
net.liftweb.util.TimeHelpers - Service request (GET) /api/ranking returned 200, took 9 Milliseconds
net.liftweb.util.TimeHelpers - Service request (POST) /api/game returned 200, took 14 Milliseconds
net.liftweb.util.TimeHelpers - Service request (GET) /api/ranking returned 200, took 8 Milliseconds
net.liftweb.util.TimeHelpers - Service request (POST) /api/game returned 200, took 14 Milliseconds
net.liftweb.util.TimeHelpers - Service request (GET) /api/ranking returned 200, took 28 Milliseconds
net.liftweb.util.TimeHelpers - Service request (GET) /api/ranking returned 200, took 8 Milliseconds
net.liftweb.util.TimeHelpers - Service request (GET) /api/ranking returned 200, took 8 Milliseconds
net.liftweb.util.TimeHelpers - Service request (POST) /api/game returned 200, took 22 Milliseconds
net.liftweb.util.TimeHelpers - Service request (GET) /api/ranking returned 200, took 8 Milliseconds
net.liftweb.util.TimeHelpers - Service request (POST) /api/game returned 200, took 13 Milliseconds
net.liftweb.util.TimeHelpers - Service request (GET) /api/ranking returned 200, took 8 Milliseconds
net.liftweb.util.TimeHelpers - Service request (POST) /api/game returned 200, took 16 Milliseconds
net.liftweb.util.TimeHelpers - Service request (POST) /api/game returned 200, took 15 Milliseconds
net.liftweb.util.TimeHelpers - Service request (GET) /api/ranking returned 200, took 8 Milliseconds
net.liftweb.util.TimeHelpers - Service request (POST) /api/game returned 200, took 17 Milliseconds
net.liftweb.util.TimeHelpers - Service request (GET) /api/ranking returned 200, took 7 Milliseconds
