net.liftweb.util.TimeHelpers - Service request (GET) /index returned 200, took 349 Milliseconds
net.liftweb.http.LiftRules - Snippet Failure: SnippetFailure(/ranking -> ParsePath(List(ranking),,true,false),Full(RankingSnippet),Class Not Found)
net.liftweb.util.TimeHelpers - Service request (GET) /ranking returned 200, took 45 Milliseconds
net.liftweb.util.TimeHelpers - Service request (GET) /index returned 200, took 29 Milliseconds
net.liftweb.http.LiftRules - Snippet Failure: SnippetFailure(/ranking -> ParsePath(List(ranking),,true,false),Full(RankingSnippet),Class Not Found)
net.liftweb.util.TimeHelpers - Service request (GET) /ranking returned 200, took 33 Milliseconds
net.liftweb.http.LiftRules - Snippet Failure: SnippetFailure(/player -> ParsePath(List(player),,true,false),Full(RankingSnippet),Class Not Found)
net.liftweb.util.TimeHelpers - Service request (GET) /player returned 200, took 34 Milliseconds
net.liftweb.http.LiftRules - Snippet Failure: SnippetFailure(/player -> ParsePath(List(player),,true,false),Full(RankingSnippet),Class Not Found)
net.liftweb.util.TimeHelpers - Service request (GET) /player returned 200, took 35 Milliseconds
net.liftweb.util.TimeHelpers - Service request (GET) /index returned 200, took 25 Milliseconds
net.liftweb.util.TimeHelpers - Service request (GET) /index returned 200, took 24 Milliseconds
net.liftweb.util.TimeHelpers - Service request (GET) /index returned 200, took 26 Milliseconds
net.liftweb.util.TimeHelpers - Service request (GET) /index returned 200, took 23 Milliseconds
net.liftweb.util.TimeHelpers - Service request (GET) /index returned 200, took 24 Milliseconds
net.liftweb.util.TimeHelpers - Service request (GET) /index returned 200, took 22 Milliseconds
net.liftweb.util.TimeHelpers - Service request (GET) /index returned 200, took 23 Milliseconds
net.liftweb.util.TimeHelpers - Service request (GET) /index returned 200, took 21 Milliseconds
net.liftweb.util.TimeHelpers - Service request (GET) /index returned 200, took 24 Milliseconds
net.liftweb.util.TimeHelpers - Service request (GET) /index returned 200, took 21 Milliseconds
net.liftweb.util.TimeHelpers - Service request (GET) /index returned 200, took 20 Milliseconds
net.liftweb.util.TimeHelpers - Service request (GET) /index returned 200, took 25 Milliseconds
net.liftweb.util.TimeHelpers - Service request (GET) /index returned 200, took 21 Milliseconds
net.liftweb.http.LiftRules - Snippet Failure: SnippetFailure(/player -> ParsePath(List(player),,true,false),Full(RankingSnippet),Class Not Found)
net.liftweb.util.TimeHelpers - Service request (GET) /player returned 200, took 31 Milliseconds
net.liftweb.http.LiftRules - Snippet Failure: SnippetFailure(/ranking -> ParsePath(List(ranking),,true,false),Full(RankingSnippet),Class Not Found)
net.liftweb.util.TimeHelpers - Service request (GET) /ranking returned 200, took 27 Milliseconds
net.liftweb.util.TimeHelpers - Service request (GET) /index returned 200, took 21 Milliseconds
net.liftweb.http.LiftRules - Snippet Failure: SnippetFailure(/player -> ParsePath(List(player),,true,false),Full(RankingSnippet),Class Not Found)
net.liftweb.util.TimeHelpers - Service request (GET) /player returned 200, took 25 Milliseconds
net.liftweb.util.TimeHelpers - Service request (GET) /index returned 200, took 19 Milliseconds
net.liftweb.util.TimeHelpers - Service request (GET) /index returned 200, took 18 Milliseconds
net.liftweb.util.TimeHelpers - Service request (GET) /index returned 200, took 17 Milliseconds
net.liftweb.util.TimeHelpers - Service request (GET) /index returned 200, took 19 Milliseconds
net.liftweb.util.TimeHelpers - Service request (GET) /index returned 200, took 22 Milliseconds
net.liftweb.util.TimeHelpers - Service request (GET) /index returned 200, took 25 Milliseconds
net.liftweb.util.TimeHelpers - Service request (GET) /index returned 200, took 18 Milliseconds
net.liftweb.util.TimeHelpers - Service request (GET) /index returned 200, took 16 Milliseconds
net.liftweb.util.TimeHelpers - Service request (GET) /index returned 200, took 18 Milliseconds
net.liftweb.util.TimeHelpers - Service request (GET) /index returned 200, took 20 Milliseconds
net.liftweb.util.TimeHelpers - Service request (GET) /index returned 200, took 17 Milliseconds
net.liftweb.util.TimeHelpers - Service request (GET) /index returned 200, took 16 Milliseconds
net.liftweb.util.TimeHelpers - Service request (GET) /index returned 200, took 17 Milliseconds
net.liftweb.util.TimeHelpers - Service request (GET) /index returned 200, took 15 Milliseconds
net.liftweb.util.TimeHelpers - Service request (GET) /index returned 200, took 20 Milliseconds
net.liftweb.util.TimeHelpers - Service request (GET) /index returned 200, took 17 Milliseconds
net.liftweb.util.TimeHelpers - Service request (GET) /index returned 200, took 16 Milliseconds
net.liftweb.util.TimeHelpers - Service request (GET) /index returned 200, took 18 Milliseconds
net.liftweb.util.TimeHelpers - Service request (GET) /index returned 200, took 20 Milliseconds
net.liftweb.util.TimeHelpers - Service request (GET) /index returned 200, took 17 Milliseconds
net.liftweb.util.TimeHelpers - Service request (GET) /index returned 200, took 17 Milliseconds
net.liftweb.util.TimeHelpers - Service request (GET) /index returned 200, took 23 Milliseconds
net.liftweb.util.TimeHelpers - Service request (GET) /index returned 200, took 19 Milliseconds
net.liftweb.util.TimeHelpers - Service request (GET) /index returned 200, took 18 Milliseconds
net.liftweb.util.TimeHelpers - Service request (GET) /index returned 200, took 17 Milliseconds
net.liftweb.util.TimeHelpers - Service request (GET) /index returned 200, took 18 Milliseconds
net.liftweb.util.TimeHelpers - Service request (GET) /index returned 200, took 17 Milliseconds
net.liftweb.util.TimeHelpers - Service request (GET) /index returned 200, took 17 Milliseconds
net.liftweb.util.TimeHelpers - Service request (GET) /index returned 200, took 15 Milliseconds
net.liftweb.util.TimeHelpers - Service request (GET) /index returned 200, took 16 Milliseconds
net.liftweb.util.TimeHelpers - Service request (GET) /index returned 200, took 19 Milliseconds
net.liftweb.util.TimeHelpers - Service request (GET) /index returned 200, took 14 Milliseconds
net.liftweb.util.TimeHelpers - Service request (GET) /index returned 200, took 18 Milliseconds
net.liftweb.util.TimeHelpers - Service request (GET) /index returned 200, took 18 Milliseconds
net.liftweb.util.TimeHelpers - Service request (GET) /rules returned 404, took 6 Milliseconds
