net.liftweb.util.TimeHelpers - Service request (GET) /ranking returned 200, took 529 Milliseconds
net.liftweb.util.TimeHelpers - Service request (GET) /api/games/55cec366d4c67265498db20c returned 200, took 70 Milliseconds
net.liftweb.util.TimeHelpers - Service request (GET) /api/games/55cec35cd4c67265498db20b returned 200, took 23 Milliseconds
net.liftweb.util.TimeHelpers - Service request (GET) /ranking returned 200, took 65 Milliseconds
net.liftweb.util.TimeHelpers - Service request (GET) /jquery.loadmask.min.js returned 404, took 9 Milliseconds
net.liftweb.util.TimeHelpers - Service request (GET) /jquery.loadmask.css returned 404, took 9 Milliseconds
net.liftweb.util.TimeHelpers - Service request (GET) /ranking returned 200, took 67 Milliseconds
net.liftweb.util.TimeHelpers - Service request (GET) /jquery.loadmask.css returned 404, took 5 Milliseconds
net.liftweb.util.TimeHelpers - Service request (GET) /jquery.loadmask.min.js returned 404, took 5 Milliseconds
net.liftweb.util.TimeHelpers - Service request (GET) /ranking returned 200, took 46 Milliseconds
net.liftweb.util.TimeHelpers - Service request (GET) /jquery.loadmask.css returned 404, took 4 Milliseconds
net.liftweb.util.TimeHelpers - Service request (GET) /jquery.loadmask.min.js returned 404, took 4 Milliseconds
net.liftweb.util.TimeHelpers - Service request (GET) /ranking returned 200, took 39 Milliseconds
net.liftweb.util.TimeHelpers - Service request (GET) /jquery.loadmask.min.js returned 404, took 5 Milliseconds
net.liftweb.util.TimeHelpers - Service request (GET) /jquery.loadmask.css returned 404, took 5 Milliseconds
net.liftweb.util.TimeHelpers - Service request (GET) /api/games/55cec366d4c67265498db20c returned 200, took 12 Milliseconds
net.liftweb.util.TimeHelpers - Service request (GET) /game returned 200, took 46 Milliseconds
net.liftweb.util.TimeHelpers - Service request (GET) /jquery.loadmask.css returned 404, took 5 Milliseconds
net.liftweb.util.TimeHelpers - Service request (GET) /jquery.loadmask.min.js returned 404, took 5 Milliseconds
net.liftweb.util.TimeHelpers - Service request (POST) /api/game returned 200, took 78 Milliseconds
net.liftweb.util.TimeHelpers - Service request (POST) /api/game returned 200, took 16 Milliseconds
net.liftweb.util.TimeHelpers - Service request (GET) /ranking returned 200, took 40 Milliseconds
net.liftweb.util.TimeHelpers - Service request (GET) /jquery.loadmask.min.js returned 404, took 4 Milliseconds
net.liftweb.util.TimeHelpers - Service request (GET) /jquery.loadmask.css returned 404, took 4 Milliseconds
net.liftweb.util.TimeHelpers - Service request (GET) /game returned 200, took 28 Milliseconds
net.liftweb.util.TimeHelpers - Service request (GET) /jquery.loadmask.css returned 404, took 5 Milliseconds
net.liftweb.util.TimeHelpers - Service request (GET) /jquery.loadmask.min.js returned 404, took 5 Milliseconds
net.liftweb.util.TimeHelpers - Service request (POST) /api/game returned 200, took 19 Milliseconds
net.liftweb.util.TimeHelpers - Service request (GET) /ranking returned 200, took 35 Milliseconds
net.liftweb.util.TimeHelpers - Service request (GET) /jquery.loadmask.css returned 404, took 5 Milliseconds
net.liftweb.util.TimeHelpers - Service request (GET) /jquery.loadmask.min.js returned 404, took 5 Milliseconds
net.liftweb.util.TimeHelpers - Service request (GET) /player returned 200, took 24 Milliseconds
net.liftweb.util.TimeHelpers - Service request (GET) /jquery.loadmask.css returned 404, took 5 Milliseconds
net.liftweb.util.TimeHelpers - Service request (GET) /jquery.loadmask.min.js returned 404, took 5 Milliseconds
net.liftweb.util.TimeHelpers - Service request (GET) /game returned 200, took 28 Milliseconds
net.liftweb.util.TimeHelpers - Service request (GET) /jquery.loadmask.min.js returned 404, took 4 Milliseconds
net.liftweb.util.TimeHelpers - Service request (GET) /jquery.loadmask.css returned 404, took 4 Milliseconds
net.liftweb.util.TimeHelpers - Service request (GET) /rules returned 200, took 20 Milliseconds
net.liftweb.util.TimeHelpers - Service request (GET) /jquery.loadmask.css returned 404, took 3 Milliseconds
net.liftweb.util.TimeHelpers - Service request (GET) /jquery.loadmask.min.js returned 404, took 3 Milliseconds
net.liftweb.util.TimeHelpers - Service request (GET) /index returned 200, took 17 Milliseconds
net.liftweb.util.TimeHelpers - Service request (GET) /jquery.loadmask.min.js returned 404, took 5 Milliseconds
net.liftweb.util.TimeHelpers - Service request (GET) /jquery.loadmask.css returned 404, took 5 Milliseconds
net.liftweb.util.TimeHelpers - Service request (GET) /rules returned 200, took 19 Milliseconds
net.liftweb.util.TimeHelpers - Service request (GET) /jquery.loadmask.min.js returned 404, took 4 Milliseconds
net.liftweb.util.TimeHelpers - Service request (GET) /jquery.loadmask.css returned 404, took 4 Milliseconds
net.liftweb.util.TimeHelpers - Service request (GET) /index returned 200, took 15 Milliseconds
net.liftweb.util.TimeHelpers - Service request (GET) /jquery.loadmask.min.js returned 404, took 5 Milliseconds
net.liftweb.util.TimeHelpers - Service request (GET) /jquery.loadmask.css returned 404, took 4 Milliseconds
net.liftweb.util.TimeHelpers - Service request (GET) /jquery.loadmask.css returned 404, took 2 Milliseconds
net.liftweb.util.TimeHelpers - Service request (GET) /rules returned 200, took 23 Milliseconds
net.liftweb.util.TimeHelpers - Service request (GET) /jquery.loadmask.css returned 404, took 4 Milliseconds
net.liftweb.util.TimeHelpers - Service request (GET) /jquery.loadmask.min.js returned 404, took 3 Milliseconds
net.liftweb.util.TimeHelpers - Service request (GET) /ranking returned 200, took 33 Milliseconds
net.liftweb.util.TimeHelpers - Service request (GET) /jquery.loadmask.css returned 404, took 5 Milliseconds
net.liftweb.util.TimeHelpers - Service request (GET) /jquery.loadmask.min.js returned 404, took 4 Milliseconds
net.liftweb.util.TimeHelpers - Service request (GET) /api/games/55cec387d4c67265498db210 returned 200, took 10 Milliseconds
net.liftweb.util.TimeHelpers - Service request (GET) /index returned 200, took 18 Milliseconds
net.liftweb.util.TimeHelpers - Service request (GET) /jquery.loadmask.css returned 404, took 4 Milliseconds
net.liftweb.util.TimeHelpers - Service request (GET) /jquery.loadmask.min.js returned 404, took 4 Milliseconds
net.liftweb.util.TimeHelpers - Service request (GET) /rules returned 200, took 18 Milliseconds
net.liftweb.util.TimeHelpers - Service request (GET) /jquery.loadmask.min.js returned 404, took 4 Milliseconds
net.liftweb.util.TimeHelpers - Service request (GET) /jquery.loadmask.css returned 404, took 4 Milliseconds
net.liftweb.util.TimeHelpers - Service request (GET) /player returned 200, took 20 Milliseconds
net.liftweb.util.TimeHelpers - Service request (GET) /jquery.loadmask.min.js returned 404, took 3 Milliseconds
net.liftweb.util.TimeHelpers - Service request (GET) /jquery.loadmask.css returned 404, took 3 Milliseconds
net.liftweb.util.TimeHelpers - Service request (GET) /rules returned 200, took 17 Milliseconds
net.liftweb.util.TimeHelpers - Service request (GET) /jquery.loadmask.css returned 404, took 3 Milliseconds
net.liftweb.util.TimeHelpers - Service request (GET) /jquery.loadmask.min.js returned 404, took 3 Milliseconds
net.liftweb.util.TimeHelpers - Service request (GET) /index returned 200, took 16 Milliseconds
net.liftweb.util.TimeHelpers - Service request (GET) /jquery.loadmask.min.js returned 404, took 4 Milliseconds
net.liftweb.util.TimeHelpers - Service request (GET) /jquery.loadmask.css returned 404, took 4 Milliseconds
net.liftweb.util.TimeHelpers - Service request (GET) /rules returned 200, took 17 Milliseconds
net.liftweb.util.TimeHelpers - Service request (GET) /jquery.loadmask.min.js returned 404, took 4 Milliseconds
net.liftweb.util.TimeHelpers - Service request (GET) /jquery.loadmask.css returned 404, took 4 Milliseconds
net.liftweb.util.TimeHelpers - Service request (GET) /player returned 200, took 19 Milliseconds
net.liftweb.util.TimeHelpers - Service request (GET) /jquery.loadmask.min.js returned 404, took 3 Milliseconds
net.liftweb.util.TimeHelpers - Service request (GET) /jquery.loadmask.css returned 404, took 3 Milliseconds
net.liftweb.util.TimeHelpers - Service request (GET) /game returned 200, took 24 Milliseconds
net.liftweb.util.TimeHelpers - Service request (GET) /jquery.loadmask.css returned 404, took 3 Milliseconds
net.liftweb.util.TimeHelpers - Service request (GET) /jquery.loadmask.min.js returned 404, took 3 Milliseconds
net.liftweb.util.TimeHelpers - Service request (GET) /player returned 200, took 20 Milliseconds
net.liftweb.util.TimeHelpers - Service request (GET) /jquery.loadmask.min.js returned 404, took 3 Milliseconds
net.liftweb.util.TimeHelpers - Service request (GET) /jquery.loadmask.css returned 404, took 3 Milliseconds
net.liftweb.util.TimeHelpers - Service request (GET) /game returned 200, took 26 Milliseconds
net.liftweb.util.TimeHelpers - Service request (GET) /jquery.loadmask.min.js returned 404, took 4 Milliseconds
net.liftweb.util.TimeHelpers - Service request (GET) /jquery.loadmask.css returned 404, took 4 Milliseconds
net.liftweb.util.TimeHelpers - Service request (GET) /ranking returned 200, took 29 Milliseconds
net.liftweb.util.TimeHelpers - Service request (GET) /jquery.loadmask.min.js returned 404, took 3 Milliseconds
net.liftweb.util.TimeHelpers - Service request (GET) /jquery.loadmask.css returned 404, took 3 Milliseconds
net.liftweb.util.TimeHelpers - Service request (GET) /game returned 200, took 22 Milliseconds
net.liftweb.util.TimeHelpers - Service request (GET) /jquery.loadmask.css returned 404, took 3 Milliseconds
net.liftweb.util.TimeHelpers - Service request (GET) /jquery.loadmask.min.js returned 404, took 3 Milliseconds
net.liftweb.util.TimeHelpers - Service request (GET) /player returned 200, took 19 Milliseconds
net.liftweb.util.TimeHelpers - Service request (GET) /jquery.loadmask.min.js returned 404, took 4 Milliseconds
net.liftweb.util.TimeHelpers - Service request (GET) /jquery.loadmask.css returned 404, took 4 Milliseconds
net.liftweb.util.TimeHelpers - Service request (GET) /rules returned 200, took 17 Milliseconds
net.liftweb.util.TimeHelpers - Service request (GET) /jquery.loadmask.css returned 404, took 1 Milliseconds
net.liftweb.util.TimeHelpers - Service request (GET) /jquery.loadmask.min.js returned 404, took 2 Milliseconds
net.liftweb.util.TimeHelpers - Service request (GET) /index returned 200, took 16 Milliseconds
net.liftweb.util.TimeHelpers - Service request (GET) /jquery.loadmask.css returned 404, took 3 Milliseconds
net.liftweb.util.TimeHelpers - Service request (GET) /jquery.loadmask.min.js returned 404, took 3 Milliseconds
net.liftweb.util.TimeHelpers - Service request (GET) /rules returned 200, took 19 Milliseconds
net.liftweb.util.TimeHelpers - Service request (GET) /jquery.loadmask.min.js returned 404, took 3 Milliseconds
net.liftweb.util.TimeHelpers - Service request (GET) /jquery.loadmask.css returned 404, took 3 Milliseconds
net.liftweb.util.TimeHelpers - Service request (GET) /player returned 200, took 19 Milliseconds
net.liftweb.util.TimeHelpers - Service request (GET) /jquery.loadmask.min.js returned 404, took 3 Milliseconds
net.liftweb.util.TimeHelpers - Service request (GET) /jquery.loadmask.css returned 404, took 3 Milliseconds
net.liftweb.util.TimeHelpers - Service request (GET) /game returned 200, took 22 Milliseconds
net.liftweb.util.TimeHelpers - Service request (GET) /jquery.loadmask.min.js returned 404, took 2 Milliseconds
net.liftweb.util.TimeHelpers - Service request (GET) /jquery.loadmask.css returned 404, took 2 Milliseconds
net.liftweb.util.TimeHelpers - Service request (GET) /ranking returned 200, took 37 Milliseconds
net.liftweb.util.TimeHelpers - Service request (GET) /jquery.loadmask.min.js returned 404, took 2 Milliseconds
net.liftweb.util.TimeHelpers - Service request (GET) /jquery.loadmask.css returned 404, took 2 Milliseconds
