net.liftweb.util.TimeHelpers - Service request (GET) /ranking returned 200, took 542 Milliseconds
net.liftweb.util.TimeHelpers - Service request (GET) /jquery.loadmask.min.js returned 404, took 11 Milliseconds
net.liftweb.util.TimeHelpers - Service request (GET) /jquery.loadmask.css returned 404, took 11 Milliseconds
net.liftweb.util.TimeHelpers - Service request (GET) /index returned 200, took 32 Milliseconds
net.liftweb.util.TimeHelpers - Service request (GET) /jquery.loadmask.min.js returned 404, took 7 Milliseconds
net.liftweb.util.TimeHelpers - Service request (GET) /jquery.loadmask.css returned 404, took 7 Milliseconds
net.liftweb.util.TimeHelpers - Service request (GET) /rules returned 200, took 33 Milliseconds
net.liftweb.util.TimeHelpers - Service request (GET) /jquery.loadmask.min.js returned 404, took 5 Milliseconds
net.liftweb.util.TimeHelpers - Service request (GET) /jquery.loadmask.css returned 404, took 5 Milliseconds
net.liftweb.util.TimeHelpers - Service request (GET) /player returned 200, took 43 Milliseconds
net.liftweb.util.TimeHelpers - Service request (GET) /jquery.loadmask.css returned 404, took 5 Milliseconds
net.liftweb.util.TimeHelpers - Service request (GET) /jquery.loadmask.min.js returned 404, took 5 Milliseconds
net.liftweb.util.TimeHelpers - Service request (GET) /index returned 200, took 23 Milliseconds
net.liftweb.util.TimeHelpers - Service request (GET) /jquery.loadmask.css returned 404, took 6 Milliseconds
net.liftweb.util.TimeHelpers - Service request (GET) /jquery.loadmask.min.js returned 404, took 6 Milliseconds
net.liftweb.util.TimeHelpers - Service request (GET) /rules returned 200, took 27 Milliseconds
net.liftweb.util.TimeHelpers - Service request (GET) /jquery.loadmask.css returned 404, took 4 Milliseconds
net.liftweb.util.TimeHelpers - Service request (GET) /jquery.loadmask.min.js returned 404, took 4 Milliseconds
net.liftweb.util.TimeHelpers - Service request (GET) /player returned 200, took 30 Milliseconds
net.liftweb.util.TimeHelpers - Service request (GET) /jquery.loadmask.min.js returned 404, took 4 Milliseconds
net.liftweb.util.TimeHelpers - Service request (GET) /jquery.loadmask.css returned 404, took 4 Milliseconds
net.liftweb.util.TimeHelpers - Service request (POST) /api/player returned 200, took 278 Milliseconds
net.liftweb.util.TimeHelpers - Service request (GET) /game returned 200, took 46 Milliseconds
net.liftweb.util.TimeHelpers - Service request (GET) /jquery.loadmask.min.js returned 404, took 4 Milliseconds
net.liftweb.util.TimeHelpers - Service request (GET) /jquery.loadmask.css returned 404, took 4 Milliseconds
net.liftweb.util.TimeHelpers - Service request (GET) /ranking returned 200, took 46 Milliseconds
net.liftweb.util.TimeHelpers - Service request (GET) /jquery.loadmask.min.js returned 404, took 4 Milliseconds
net.liftweb.util.TimeHelpers - Service request (GET) /jquery.loadmask.css returned 404, took 4 Milliseconds
net.liftweb.util.TimeHelpers - Service request (GET) /game returned 200, took 32 Milliseconds
net.liftweb.util.TimeHelpers - Service request (GET) /jquery.loadmask.css returned 404, took 4 Milliseconds
net.liftweb.util.TimeHelpers - Service request (GET) /jquery.loadmask.min.js returned 404, took 4 Milliseconds
net.liftweb.util.TimeHelpers - Service request (POST) /api/game returned 200, took 51 Milliseconds
net.liftweb.util.TimeHelpers - Service request (POST) /api/game returned 200, took 25 Milliseconds
net.liftweb.util.TimeHelpers - Service request (GET) /ranking returned 200, took 38 Milliseconds
net.liftweb.util.TimeHelpers - Service request (GET) /jquery.loadmask.min.js returned 404, took 4 Milliseconds
net.liftweb.util.TimeHelpers - Service request (GET) /jquery.loadmask.css returned 404, took 4 Milliseconds
net.liftweb.util.TimeHelpers - Service request (GET) /api/games/55cec36fd4c67265498db20d returned 200, took 12 Milliseconds
net.liftweb.util.TimeHelpers - Service request (GET) /api/games/55cec375d4c67265498db20e returned 200, took 7 Milliseconds
net.liftweb.util.TimeHelpers - Service request (GET) /game returned 200, took 32 Milliseconds
net.liftweb.util.TimeHelpers - Service request (GET) /jquery.loadmask.min.js returned 404, took 4 Milliseconds
net.liftweb.util.TimeHelpers - Service request (GET) /jquery.loadmask.css returned 404, took 4 Milliseconds
net.liftweb.util.TimeHelpers - Service request (POST) /api/game returned 200, took 13 Milliseconds
net.liftweb.util.TimeHelpers - Service request (POST) /api/game returned 200, took 14 Milliseconds
net.liftweb.util.TimeHelpers - Service request (POST) /api/game returned 200, took 15 Milliseconds
net.liftweb.util.TimeHelpers - Service request (GET) /ranking returned 200, took 33 Milliseconds
net.liftweb.util.TimeHelpers - Service request (GET) /jquery.loadmask.css returned 404, took 4 Milliseconds
net.liftweb.util.TimeHelpers - Service request (GET) /jquery.loadmask.min.js returned 404, took 4 Milliseconds
net.liftweb.util.TimeHelpers - Service request (GET) /api/games/55cec390d4c67265498db211 returned 200, took 6 Milliseconds
net.liftweb.util.TimeHelpers - Service request (GET) /api/games/55cec387d4c67265498db210 returned 200, took 5 Milliseconds
net.liftweb.util.TimeHelpers - Service request (GET) /api/games/55cec37dd4c67265498db20f returned 200, took 7 Milliseconds
net.liftweb.util.TimeHelpers - Service request (GET) /api/games/55cec36fd4c67265498db20d returned 200, took 8 Milliseconds
net.liftweb.util.TimeHelpers - Service request (GET) /game returned 200, took 27 Milliseconds
net.liftweb.util.TimeHelpers - Service request (GET) /jquery.loadmask.min.js returned 404, took 4 Milliseconds
net.liftweb.util.TimeHelpers - Service request (GET) /jquery.loadmask.css returned 404, took 4 Milliseconds
net.liftweb.util.TimeHelpers - Service request (POST) /api/game returned 200, took 14 Milliseconds
net.liftweb.util.TimeHelpers - Service request (POST) /api/game returned 200, took 9 Milliseconds
net.liftweb.util.TimeHelpers - Service request (POST) /api/game returned 200, took 17 Milliseconds
net.liftweb.util.TimeHelpers - Service request (POST) /api/game returned 200, took 18 Milliseconds
net.liftweb.util.TimeHelpers - Service request (GET) /ranking returned 200, took 33 Milliseconds
net.liftweb.util.TimeHelpers - Service request (GET) /jquery.loadmask.min.js returned 404, took 3 Milliseconds
net.liftweb.util.TimeHelpers - Service request (GET) /jquery.loadmask.css returned 404, took 3 Milliseconds
net.liftweb.util.TimeHelpers - Service request (GET) /api/games/55cec375d4c67265498db20e returned 200, took 9 Milliseconds
net.liftweb.util.TimeHelpers - Service request (GET) /api/games/55cec387d4c67265498db210 returned 200, took 7 Milliseconds
net.liftweb.util.TimeHelpers - Service request (GET) /game returned 200, took 27 Milliseconds
net.liftweb.util.TimeHelpers - Service request (GET) /jquery.loadmask.css returned 404, took 3 Milliseconds
net.liftweb.util.TimeHelpers - Service request (GET) /jquery.loadmask.min.js returned 404, took 3 Milliseconds
net.liftweb.util.TimeHelpers - Service request (POST) /api/game returned 200, took 17 Milliseconds
net.liftweb.util.TimeHelpers - Service request (POST) /api/game returned 200, took 15 Milliseconds
net.liftweb.util.TimeHelpers - Service request (GET) /ranking returned 200, took 31 Milliseconds
net.liftweb.util.TimeHelpers - Service request (GET) /jquery.loadmask.min.js returned 404, took 4 Milliseconds
net.liftweb.util.TimeHelpers - Service request (GET) /jquery.loadmask.css returned 404, took 4 Milliseconds
net.liftweb.util.TimeHelpers - Service request (GET) /api/games/55cec375d4c67265498db20e returned 200, took 9 Milliseconds
net.liftweb.util.TimeHelpers - Service request (GET) /api/games/55cec387d4c67265498db210 returned 200, took 7 Milliseconds
net.liftweb.util.TimeHelpers - Service request (GET) /api/games/55cec366d4c67265498db20c returned 200, took 7 Milliseconds
net.liftweb.util.TimeHelpers - Service request (GET) /api/games/55cec37dd4c67265498db20f returned 200, took 7 Milliseconds
net.liftweb.util.TimeHelpers - Service request (GET) /api/games/55cec375d4c67265498db20e returned 200, took 9 Milliseconds
net.liftweb.util.TimeHelpers - Service request (GET) /api/games/55d40639d4c6d2aa446a488a returned 200, took 8 Milliseconds
net.liftweb.util.TimeHelpers - Service request (GET) /api/games/55cec390d4c67265498db211 returned 200, took 9 Milliseconds
net.liftweb.util.TimeHelpers - Service request (GET) /api/games/55cec36fd4c67265498db20d returned 200, took 7 Milliseconds
net.liftweb.util.TimeHelpers - Service request (GET) /api/games/55cec37dd4c67265498db20f returned 200, took 8 Milliseconds
net.liftweb.util.TimeHelpers - Service request (GET) /api/games/55cec366d4c67265498db20c returned 200, took 7 Milliseconds
net.liftweb.util.TimeHelpers - Service request (GET) /api/games/55cec387d4c67265498db210 returned 200, took 7 Milliseconds
net.liftweb.util.TimeHelpers - Service request (GET) /api/games/55cec37dd4c67265498db20f returned 200, took 9 Milliseconds
net.liftweb.util.TimeHelpers - Service request (GET) /game returned 200, took 25 Milliseconds
net.liftweb.util.TimeHelpers - Service request (GET) /jquery.loadmask.min.js returned 404, took 3 Milliseconds
net.liftweb.util.TimeHelpers - Service request (GET) /jquery.loadmask.css returned 404, took 3 Milliseconds
net.liftweb.util.TimeHelpers - Service request (POST) /api/game returned 200, took 7 Milliseconds
net.liftweb.util.TimeHelpers - Service request (GET) /ranking returned 200, took 30 Milliseconds
net.liftweb.util.TimeHelpers - Service request (GET) /jquery.loadmask.css returned 404, took 4 Milliseconds
net.liftweb.util.TimeHelpers - Service request (GET) /jquery.loadmask.min.js returned 404, took 4 Milliseconds
net.liftweb.util.TimeHelpers - Service request (GET) /api/games/55cec37dd4c67265498db20f returned 200, took 7 Milliseconds
