net.liftweb.util.TimeHelpers - Service request (GET) / returned 200, took 412 Milliseconds
net.liftweb.util.TimeHelpers - Service request (GET) /rules returned 200, took 40 Milliseconds
net.liftweb.util.TimeHelpers - Service request (GET) /player returned 200, took 101 Milliseconds
net.liftweb.util.TimeHelpers - Service request (POST) /api/player returned 200, took 342 Milliseconds
net.liftweb.util.TimeHelpers - Service request (GET) /game returned 200, took 90 Milliseconds
net.liftweb.util.TimeHelpers - Service request (GET) /ranking returned 200, took 106 Milliseconds
net.liftweb.util.TimeHelpers - Service request (GET) /api/games/55cec35cd4c67265498db20b returned 200, took 69 Milliseconds
net.liftweb.util.TimeHelpers - Service request (GET) /api/games/55cec4c1d4c67265498db215 returned 200, took 15 Milliseconds
net.liftweb.util.TimeHelpers - Service request (GET) /api/games/55d40639d4c6d2aa446a488a returned 200, took 14 Milliseconds
net.liftweb.util.TimeHelpers - Service request (GET) /api/games/55cec390d4c67265498db211 returned 200, took 15 Milliseconds
net.liftweb.util.TimeHelpers - Service request (GET) /api/games/55d1e65ca7c894cc2c2a7769 returned 200, took 6 Milliseconds
net.liftweb.util.TimeHelpers - Service request (GET) /api/games/55d01b97d4c66220111e675e returned 200, took 9 Milliseconds
net.liftweb.util.TimeHelpers - Service request (GET) /game returned 200, took 44 Milliseconds
net.liftweb.util.TimeHelpers - Service request (POST) /api/game returned 200, took 58 Milliseconds
net.liftweb.util.TimeHelpers - Service request (GET) /ranking returned 200, took 55 Milliseconds
net.liftweb.util.TimeHelpers - Service request (GET) /api/games/55d01b97d4c66220111e675e returned 200, took 9 Milliseconds
net.liftweb.util.TimeHelpers - Service request (GET) /api/games/55d15c26d4c69d8300165ba8 returned 200, took 8 Milliseconds
net.liftweb.util.TimeHelpers - Service request (GET) /api/games/55d15c26d4c69d8300165ba8 returned 200, took 8 Milliseconds
net.liftweb.util.TimeHelpers - Service request (GET) /api/games/55cec375d4c67265498db20e returned 200, took 11 Milliseconds
net.liftweb.util.TimeHelpers - Service request (GET) /api/games/55d15becd4c69d8300165ba7 returned 200, took 7 Milliseconds
net.liftweb.util.TimeHelpers - Service request (GET) /api/games/55d15c26d4c69d8300165ba8 returned 200, took 7 Milliseconds
net.liftweb.util.TimeHelpers - Service request (GET) /api/games/55d15becd4c69d8300165ba7 returned 200, took 8 Milliseconds
net.liftweb.util.TimeHelpers - Service request (GET) /api/games/55d1e65ca7c894cc2c2a7769 returned 200, took 5 Milliseconds
net.liftweb.util.TimeHelpers - Service request (GET) /api/games/55d0cf3fd4c6203cc2705b96 returned 200, took 10 Milliseconds
net.liftweb.util.TimeHelpers - Service request (GET) /api/games/55cec35cd4c67265498db20b returned 200, took 30 Milliseconds
net.liftweb.util.TimeHelpers - Service request (GET) /api/games/55cec375d4c67265498db20e returned 200, took 12 Milliseconds
net.liftweb.util.TimeHelpers - Service request (GET) /game returned 200, took 34 Milliseconds
net.liftweb.util.TimeHelpers - Service request (GET) /player returned 200, took 20 Milliseconds
net.liftweb.util.TimeHelpers - Service request (GET) /index returned 200, took 17 Milliseconds
net.liftweb.util.TimeHelpers - Service request (GET) /rules returned 200, took 19 Milliseconds
net.liftweb.util.TimeHelpers - Service request (GET) /player returned 200, took 19 Milliseconds
net.liftweb.util.TimeHelpers - Service request (GET) /game returned 200, took 31 Milliseconds
net.liftweb.util.TimeHelpers - Service request (GET) /ranking returned 200, took 42 Milliseconds
