net.liftweb.util.TimeHelpers - Service request (GET) /game returned 200, took 505 Milliseconds
net.liftweb.util.TimeHelpers - Service request (GET) /game returned 200, took 44 Milliseconds
net.liftweb.util.TimeHelpers - Service request (POST) /api/game returned 200, took 15335 Milliseconds
net.liftweb.util.TimeHelpers - Service request (GET) /api/games returned 200, took 22 Milliseconds
net.liftweb.util.TimeHelpers - Service request (GET) /api/ranking returned 200, took 15 Milliseconds
net.liftweb.util.TimeHelpers - Service request (POST) /api/game returned 200, took 4044 Milliseconds
net.liftweb.util.TimeHelpers - Service request (GET) /api/ranking returned 200, took 9 Milliseconds
net.liftweb.util.TimeHelpers - Service request (POST) /api/game returned 200, took 18 Milliseconds
net.liftweb.util.TimeHelpers - Service request (GET) /api/ranking returned 200, took 11 Milliseconds
net.liftweb.util.TimeHelpers - Service request (GET) /api/games returned 200, took 16 Milliseconds
net.liftweb.util.TimeHelpers - Service request (GET) /api/last-two/55c2d4f6cd6aa03672d81890 returned 404, took 8 Milliseconds
net.liftweb.util.TimeHelpers - Service request (GET) /api/last-two-games/55c2d4f6cd6aa03672d81890 returned 200, took 8 Milliseconds
net.liftweb.util.TimeHelpers - Service request (GET) /api/players returned 200, took 15 Milliseconds
net.liftweb.util.TimeHelpers - Service request (GET) /api/last-two/55c2d4f6cd6aa03672d81890 returned 404, took 5 Milliseconds
net.liftweb.util.TimeHelpers - Service request (GET) /api/last-two-games/55c2d4f6cd6aa03672d81890 returned 200, took 10 Milliseconds
net.liftweb.util.TimeHelpers - Service request (GET) /api/last-two-games/55c2d4f6cd6aa03672d81890 returned 200, took 7 Milliseconds
net.liftweb.util.TimeHelpers - Service request (GET) /api/last-two-games/55c2d4f6cd6aa03672d81890 returned 200, took 5 Milliseconds
net.liftweb.util.TimeHelpers - Service request (GET) /api/games returned 200, took 5 Milliseconds
net.liftweb.util.TimeHelpers - Service request (GET) /api/ranking returned 200, took 10 Milliseconds
net.liftweb.util.TimeHelpers - Service request (POST) /api/game returned 200, took 14432 Milliseconds
net.liftweb.util.TimeHelpers - Service request (GET) /api/ranking returned 200, took 9 Milliseconds
