net.liftweb.util.TimeHelpers - Service request (GET) /ranking returned 200, took 623 Milliseconds
net.liftweb.util.TimeHelpers - Service request (GET) /rules returned 200, took 33 Milliseconds
net.liftweb.util.TimeHelpers - Service request (GET) /index returned 200, took 27 Milliseconds
net.liftweb.util.TimeHelpers - Service request (GET) /rules returned 200, took 30 Milliseconds
net.liftweb.util.TimeHelpers - Service request (GET) /player returned 200, took 44 Milliseconds
net.liftweb.util.TimeHelpers - Service request (GET) /game returned 200, took 48 Milliseconds
net.liftweb.util.TimeHelpers - Service request (GET) /player returned 200, took 29 Milliseconds
net.liftweb.util.TimeHelpers - Service request (GET) /game returned 200, took 37 Milliseconds
net.liftweb.util.TimeHelpers - Service request (GET) /player returned 200, took 28 Milliseconds
net.liftweb.util.TimeHelpers - Service request (GET) /game returned 200, took 37 Milliseconds
net.liftweb.util.TimeHelpers - Service request (GET) /ranking returned 200, took 42 Milliseconds
net.liftweb.util.TimeHelpers - Service request (GET) /api/games/55c2d507cd6aa03672d81891 returned 200, took 63 Milliseconds
net.liftweb.util.TimeHelpers - Service request (GET) /api/games/55ceb17bd4c6e25ce850abdd returned 200, took 11 Milliseconds
net.liftweb.util.TimeHelpers - Service request (GET) /api/games/55c2fee9cd6a5c78fffe920b returned 200, took 11 Milliseconds
net.liftweb.util.TimeHelpers - Service request (GET) /api/games/55cd66bca7c86d55d7b8cd8f returned 200, took 8 Milliseconds
net.liftweb.util.TimeHelpers - Service request (GET) /api/games/55ceb38cd4c6e25ce850abe1 returned 200, took 7 Milliseconds
net.liftweb.util.TimeHelpers - Service request (GET) /api/games/55c2feb4cd6a5c78fffe920a returned 200, took 13 Milliseconds
net.liftweb.util.TimeHelpers - Service request (GET) /api/games/55ceb38cd4c6e25ce850abe1 returned 200, took 6 Milliseconds
net.liftweb.util.TimeHelpers - Service request (GET) /api/games/55cebc38d4c6c7886562ae1c returned 200, took 5 Milliseconds
net.liftweb.util.TimeHelpers - Service request (GET) /api/games/55cec20bd4c69d50a7dd3ab0 returned 200, took 5 Milliseconds
net.liftweb.util.TimeHelpers - Service request (GET) /api/games/55ceb38cd4c6e25ce850abe1 returned 200, took 6 Milliseconds
net.liftweb.util.TimeHelpers - Service request (GET) /api/games/55cec20bd4c69d50a7dd3ab0 returned 200, took 6 Milliseconds
net.liftweb.util.TimeHelpers - Service request (GET) /game returned 200, took 29 Milliseconds
net.liftweb.util.TimeHelpers - Service request (POST) /api/reset-games returned 200, took 50 Milliseconds
net.liftweb.util.TimeHelpers - Service request (GET) /ranking returned 200, took 37 Milliseconds
net.liftweb.util.TimeHelpers - Service request (GET) /ranking returned 200, took 45 Milliseconds
net.liftweb.util.TimeHelpers - Service request (GET) /api/games/55c2d507cd6aa03672d81891 returned 200, took 5 Milliseconds
net.liftweb.util.TimeHelpers - Service request (GET) /api/games/55c2fe8ccd6a5c78fffe9209 returned 200, took 4 Milliseconds
net.liftweb.util.TimeHelpers - Service request (GET) /api/games/55ceb17bd4c6e25ce850abdd returned 200, took 6 Milliseconds
net.liftweb.util.TimeHelpers - Service request (GET) /api/games/55c2d4f6cd6aa03672d81890 returned 200, took 5 Milliseconds
net.liftweb.util.TimeHelpers - Service request (GET) /api/games/55c2d4f6cd6aa03672d81890 returned 200, took 4 Milliseconds
net.liftweb.util.TimeHelpers - Service request (GET) /api/games/55c2d4f6cd6aa03672d81890 returned 200, took 4 Milliseconds
net.liftweb.util.TimeHelpers - Service request (POST) /api/reset-players returned 200, took 21 Milliseconds
net.liftweb.util.TimeHelpers - Service request (GET) /ranking returned 200, took 42 Milliseconds
net.liftweb.util.TimeHelpers - Service request (GET) /api/games returned 200, took 5 Milliseconds
net.liftweb.util.TimeHelpers - Service request (POST) /api/player returned 200, took 239 Milliseconds
net.liftweb.util.TimeHelpers - Service request (GET) /ranking returned 200, took 33 Milliseconds
net.liftweb.util.TimeHelpers - Service request (GET) /ranking returned 200, took 21 Milliseconds
net.liftweb.util.TimeHelpers - Service request (GET) /ranking returned 200, took 20 Milliseconds
net.liftweb.util.TimeHelpers - Service request (GET) /game returned 200, took 21 Milliseconds
net.liftweb.util.TimeHelpers - Service request (GET) /player returned 200, took 20 Milliseconds
net.liftweb.util.TimeHelpers - Service request (GET) /game returned 200, took 20 Milliseconds
net.liftweb.util.TimeHelpers - Service request (GET) /player returned 200, took 17 Milliseconds
net.liftweb.util.TimeHelpers - Service request (GET) /rules returned 200, took 18 Milliseconds
net.liftweb.util.TimeHelpers - Service request (GET) /index returned 200, took 16 Milliseconds
net.liftweb.util.TimeHelpers - Service request (GET) /player returned 200, took 18 Milliseconds
net.liftweb.util.TimeHelpers - Service request (POST) /api/player returned 200, took 9 Milliseconds
net.liftweb.util.TimeHelpers - Service request (POST) /api/player returned 200, took 5 Milliseconds
net.liftweb.util.TimeHelpers - Service request (POST) /api/player returned 200, took 6 Milliseconds
net.liftweb.util.TimeHelpers - Service request (POST) /api/player returned 200, took 6 Milliseconds
net.liftweb.util.TimeHelpers - Service request (POST) /api/player returned 200, took 6 Milliseconds
net.liftweb.util.TimeHelpers - Service request (POST) /api/player returned 200, took 6 Milliseconds
net.liftweb.util.TimeHelpers - Service request (POST) /api/player returned 200, took 6 Milliseconds
net.liftweb.util.TimeHelpers - Service request (GET) /game returned 200, took 23 Milliseconds
net.liftweb.util.TimeHelpers - Service request (GET) /ranking returned 200, took 30 Milliseconds
net.liftweb.util.TimeHelpers - Service request (GET) /game returned 200, took 24 Milliseconds
net.liftweb.util.TimeHelpers - Service request (POST) /api/game returned 200, took 31 Milliseconds
net.liftweb.util.TimeHelpers - Service request (GET) /ranking returned 200, took 26 Milliseconds
net.liftweb.util.TimeHelpers - Service request (GET) /api/games/55cec35cd4c67265498db20b returned 200, took 5 Milliseconds
net.liftweb.util.TimeHelpers - Service request (GET) /api/games/55cec390d4c67265498db211 returned 200, took 5 Milliseconds
net.liftweb.util.TimeHelpers - Service request (GET) /api/games/55cec387d4c67265498db210 returned 200, took 5 Milliseconds
net.liftweb.util.TimeHelpers - Service request (GET) /api/games/55cec37dd4c67265498db20f returned 200, took 4 Milliseconds
net.liftweb.util.TimeHelpers - Service request (GET) /api/games/55cec375d4c67265498db20e returned 200, took 5 Milliseconds
net.liftweb.util.TimeHelpers - Service request (GET) /api/games/55cec36fd4c67265498db20d returned 200, took 5 Milliseconds
net.liftweb.util.TimeHelpers - Service request (GET) /api/games/55cec366d4c67265498db20c returned 200, took 5 Milliseconds
net.liftweb.util.TimeHelpers - Service request (GET) /game returned 200, took 21 Milliseconds
net.liftweb.util.TimeHelpers - Service request (POST) /api/game returned 200, took 11 Milliseconds
net.liftweb.util.TimeHelpers - Service request (GET) /ranking returned 200, took 26 Milliseconds
net.liftweb.util.TimeHelpers - Service request (POST) /api/reset-games returned 200, took 7 Milliseconds
net.liftweb.util.TimeHelpers - Service request (POST) /api/reset-players returned 200, took 11 Milliseconds
net.liftweb.util.TimeHelpers - Service request (GET) /ranking returned 200, took 26 Milliseconds
net.liftweb.util.TimeHelpers - Service request (GET) /game returned 200, took 24 Milliseconds
net.liftweb.util.TimeHelpers - Service request (POST) /api/game returned 200, took 10 Milliseconds
net.liftweb.util.TimeHelpers - Service request (GET) /ranking returned 200, took 23 Milliseconds
net.liftweb.util.TimeHelpers - Service request (GET) /rules returned 200, took 17 Milliseconds
net.liftweb.util.TimeHelpers - Service request (GET) /rules returned 200, took 14 Milliseconds
net.liftweb.util.TimeHelpers - Service request (GET) /ranking returned 200, took 24 Milliseconds
net.liftweb.util.TimeHelpers - Service request (POST) /api/reset-games returned 200, took 5 Milliseconds
net.liftweb.util.TimeHelpers - Service request (GET) /game returned 200, took 21 Milliseconds
net.liftweb.util.TimeHelpers - Service request (GET) /ranking returned 200, took 22 Milliseconds
net.liftweb.util.TimeHelpers - Service request (POST) /api/reset-players returned 200, took 11 Milliseconds
net.liftweb.util.TimeHelpers - Service request (GET) /ranking returned 200, took 24 Milliseconds
net.liftweb.util.TimeHelpers - Service request (GET) /game returned 200, took 17 Milliseconds
net.liftweb.util.TimeHelpers - Service request (GET) /player returned 200, took 16 Milliseconds
net.liftweb.util.TimeHelpers - Service request (POST) /api/player returned 200, took 4 Milliseconds
net.liftweb.util.TimeHelpers - Service request (GET) /ranking returned 200, took 23 Milliseconds
net.liftweb.util.TimeHelpers - Service request (GET) /game returned 200, took 22 Milliseconds
