net.liftweb.util.TimeHelpers - Service request (GET) / returned 200, took 410 Milliseconds
net.liftweb.util.TimeHelpers - Service request (GET) /ranking returned 200, took 201 Milliseconds
net.liftweb.util.TimeHelpers - Service request (GET) /api/games/55d0198ad4c66220111e675b returned 200, took 58 Milliseconds
net.liftweb.util.TimeHelpers - Service request (GET) /api/games/55cec366d4c67265498db20c returned 200, took 17 Milliseconds
net.liftweb.util.TimeHelpers - Service request (GET) /player returned 200, took 44 Milliseconds
net.liftweb.util.TimeHelpers - Service request (POST) /api/player returned 200, took 260 Milliseconds
net.liftweb.util.TimeHelpers - Service request (GET) /game returned 200, took 57 Milliseconds
net.liftweb.util.TimeHelpers - Service request (POST) /api/game returned 200, took 50 Milliseconds
net.liftweb.util.TimeHelpers - Service request (GET) /ranking returned 200, took 56 Milliseconds
net.liftweb.util.TimeHelpers - Service request (GET) /api/games/55d0cf3fd4c6203cc2705b96 returned 200, took 9 Milliseconds
net.liftweb.util.TimeHelpers - Service request (GET) /rules returned 200, took 26 Milliseconds
net.liftweb.util.TimeHelpers - Service request (GET) /index returned 200, took 21 Milliseconds
net.liftweb.util.TimeHelpers - Service request (GET) /ranking returned 200, took 43 Milliseconds
net.liftweb.util.TimeHelpers - Service request (GET) /game returned 200, took 32 Milliseconds
net.liftweb.util.TimeHelpers - Service request (POST) /api/game returned 200, took 19 Milliseconds
net.liftweb.util.TimeHelpers - Service request (GET) /ranking returned 200, took 42 Milliseconds
net.liftweb.util.TimeHelpers - Service request (GET) /api/games/55cec366d4c67265498db20c returned 200, took 10 Milliseconds
net.liftweb.util.TimeHelpers - Service request (GET) /api/games/55cec37dd4c67265498db20f returned 200, took 18 Milliseconds
net.liftweb.util.TimeHelpers - Service request (GET) /ranking returned 200, took 37 Milliseconds
net.liftweb.util.TimeHelpers - Service request (GET) /ranking returned 200, took 39 Milliseconds
net.liftweb.util.TimeHelpers - Service request (GET) /api/players returned 200, took 19 Milliseconds
net.liftweb.util.TimeHelpers - Service request (GET) /ranking returned 200, took 38 Milliseconds
net.liftweb.util.TimeHelpers - Service request (GET) /game returned 200, took 28 Milliseconds
net.liftweb.util.TimeHelpers - Service request (POST) /api/game returned 200, took 19 Milliseconds
net.liftweb.util.TimeHelpers - Service request (GET) /ranking returned 200, took 33 Milliseconds
