net.liftweb.util.TimeHelpers - Service request (POST) /api/reset-games returned 200, took 257 Milliseconds
net.liftweb.util.TimeHelpers - Service request (POST) /api/reset-players returned 200, took 47 Milliseconds
net.liftweb.util.TimeHelpers - Service request (GET) /api/ranking returned 200, took 61 Milliseconds
net.liftweb.util.TimeHelpers - Service request (GET) /game returned 200, took 304 Milliseconds
net.liftweb.util.TimeHelpers - Service request (POST) /api/game returned 200, took 84 Milliseconds
net.liftweb.util.TimeHelpers - Service request (GET) /api/ranking returned 200, took 9 Milliseconds
net.liftweb.util.TimeHelpers - Service request (POST) /api/game returned 200, took 14 Milliseconds
net.liftweb.util.TimeHelpers - Service request (GET) /api/ranking returned 200, took 9 Milliseconds
net.liftweb.util.TimeHelpers - Service request (POST) /api/game returned 200, took 14 Milliseconds
net.liftweb.util.TimeHelpers - Service request (GET) /api/ranking returned 200, took 11 Milliseconds
net.liftweb.util.TimeHelpers - Service request (POST) /api/game returned 200, took 13 Milliseconds
net.liftweb.util.TimeHelpers - Service request (GET) /api/ranking returned 200, took 12 Milliseconds
net.liftweb.util.TimeHelpers - Service request (POST) /api/game returned 200, took 54 Milliseconds
net.liftweb.util.TimeHelpers - Service request (GET) /api/ranking returned 200, took 9 Milliseconds
net.liftweb.util.TimeHelpers - Service request (GET) /api/ranking returned 200, took 11 Milliseconds
net.liftweb.util.TimeHelpers - Service request (POST) /api/game returned 200, took 13 Milliseconds
net.liftweb.util.TimeHelpers - Service request (POST) /api/game returned 200, took 43059 Milliseconds
net.liftweb.util.TimeHelpers - Service request (GET) /api/ranking returned 200, took 10 Milliseconds
net.liftweb.util.TimeHelpers - Service request (GET) /api/games returned 200, took 20 Milliseconds
net.liftweb.util.TimeHelpers - Service request (POST) /api/reset-games returned 200, took 12 Milliseconds
net.liftweb.util.TimeHelpers - Service request (POST) /api/reset-players returned 200, took 11 Milliseconds
net.liftweb.util.TimeHelpers - Service request (GET) /api/ranking returned 200, took 11 Milliseconds
net.liftweb.util.TimeHelpers - Service request (POST) /api/game returned 200, took 6087 Milliseconds
net.liftweb.util.TimeHelpers - Service request (GET) /api/ranking returned 200, took 12 Milliseconds
net.liftweb.util.TimeHelpers - Service request (POST) /api/game returned 200, took 21 Milliseconds
net.liftweb.util.TimeHelpers - Service request (GET) /api/ranking returned 200, took 9 Milliseconds
net.liftweb.util.TimeHelpers - Service request (POST) /api/game returned 200, took 16 Milliseconds
net.liftweb.util.TimeHelpers - Service request (GET) /api/ranking returned 200, took 10 Milliseconds
net.liftweb.util.TimeHelpers - Service request (POST) /api/game returned 200, took 16 Milliseconds
net.liftweb.util.TimeHelpers - Service request (GET) /api/ranking returned 200, took 10 Milliseconds
net.liftweb.util.TimeHelpers - Service request (POST) /api/game returned 200, took 17 Milliseconds
net.liftweb.util.TimeHelpers - Service request (GET) /api/ranking returned 200, took 10 Milliseconds
net.liftweb.util.TimeHelpers - Service request (POST) /api/game returned 200, took 16 Milliseconds
net.liftweb.util.TimeHelpers - Service request (GET) /api/ranking returned 200, took 9 Milliseconds
net.liftweb.util.TimeHelpers - Service request (POST) /api/game returned 200, took 16 Milliseconds
net.liftweb.util.TimeHelpers - Service request (GET) /api/ranking returned 200, took 9 Milliseconds
net.liftweb.util.TimeHelpers - Service request (POST) /api/game returned 200, took 13 Milliseconds
net.liftweb.util.TimeHelpers - Service request (GET) /api/ranking returned 200, took 9 Milliseconds
net.liftweb.util.TimeHelpers - Service request (POST) /api/game returned 200, took 11 Milliseconds
net.liftweb.util.TimeHelpers - Service request (GET) /api/ranking returned 200, took 9 Milliseconds
net.liftweb.util.TimeHelpers - Service request (GET) /api/ranking returned 200, took 9 Milliseconds
net.liftweb.util.TimeHelpers - Service request (GET) /api/ranking returned 200, took 10 Milliseconds
net.liftweb.util.TimeHelpers - Service request (GET) /api/ranking returned 200, took 8 Milliseconds
net.liftweb.util.TimeHelpers - Service request (GET) /api/ranking returned 200, took 7 Milliseconds
net.liftweb.util.TimeHelpers - Service request (GET) /api/ranking returned 200, took 8 Milliseconds
net.liftweb.util.TimeHelpers - Service request (GET) /api/ranking returned 200, took 7 Milliseconds
net.liftweb.util.TimeHelpers - Service request (GET) /api/ranking returned 200, took 8 Milliseconds
net.liftweb.util.TimeHelpers - Service request (GET) /api/ranking returned 200, took 8 Milliseconds
net.liftweb.util.TimeHelpers - Service request (GET) /api/ranking returned 200, took 11 Milliseconds
net.liftweb.util.TimeHelpers - Service request (GET) /api/ranking returned 200, took 8 Milliseconds
net.liftweb.util.TimeHelpers - Service request (GET) /api/ranking returned 200, took 8 Milliseconds
net.liftweb.util.TimeHelpers - Service request (GET) /api/ranking returned 200, took 9 Milliseconds
net.liftweb.util.TimeHelpers - Service request (GET) /api/ranking returned 200, took 9 Milliseconds
net.liftweb.util.TimeHelpers - Service request (GET) /api/ranking returned 200, took 9 Milliseconds
net.liftweb.util.TimeHelpers - Service request (GET) /api/ranking returned 200, took 9 Milliseconds
net.liftweb.util.TimeHelpers - Service request (GET) /api/ranking returned 200, took 8 Milliseconds
net.liftweb.util.TimeHelpers - Service request (GET) /api/ranking returned 200, took 11 Milliseconds
net.liftweb.util.TimeHelpers - Service request (GET) /api/ranking returned 200, took 8 Milliseconds
net.liftweb.util.TimeHelpers - Service request (POST) /api/game returned 200, took 11 Milliseconds
net.liftweb.util.TimeHelpers - Service request (GET) /api/ranking returned 200, took 9 Milliseconds
net.liftweb.util.TimeHelpers - Service request (POST) /api/game returned 200, took 15 Milliseconds
net.liftweb.util.TimeHelpers - Service request (GET) /api/ranking returned 200, took 9 Milliseconds
net.liftweb.util.TimeHelpers - Service request (POST) /api/game returned 200, took 17 Milliseconds
net.liftweb.util.TimeHelpers - Service request (GET) /api/ranking returned 200, took 7 Milliseconds
