net.liftweb.util.TimeHelpers - Service request (GET) /ranking returned 200, took 549 Milliseconds
net.liftweb.util.TimeHelpers - Service request (GET) /jquery.loadmask.css returned 404, took 13 Milliseconds
net.liftweb.util.TimeHelpers - Service request (GET) /jquery.loadmask.min.js returned 404, took 13 Milliseconds
net.liftweb.util.TimeHelpers - Service request (GET) /ranking returned 200, took 59 Milliseconds
net.liftweb.util.TimeHelpers - Service request (GET) /jquery.loadmask.min.js returned 404, took 5 Milliseconds
net.liftweb.util.TimeHelpers - Service request (GET) /jquery.loadmask.css returned 404, took 5 Milliseconds
net.liftweb.util.TimeHelpers - Service request (GET) /ranking returned 200, took 52 Milliseconds
net.liftweb.util.TimeHelpers - Service request (GET) /jquery.loadmask.min.js returned 404, took 5 Milliseconds
net.liftweb.util.TimeHelpers - Service request (GET) /jquery.loadmask.css returned 404, took 5 Milliseconds
net.liftweb.util.TimeHelpers - Service request (GET) /game returned 200, took 54 Milliseconds
net.liftweb.util.TimeHelpers - Service request (GET) /jquery.loadmask.min.js returned 404, took 4 Milliseconds
net.liftweb.util.TimeHelpers - Service request (GET) /jquery.loadmask.css returned 404, took 4 Milliseconds
net.liftweb.util.TimeHelpers - Service request (POST) /api/game returned 200, took 110 Milliseconds
net.liftweb.util.TimeHelpers - Service request (POST) /api/game returned 200, took 23 Milliseconds
net.liftweb.util.TimeHelpers - Service request (POST) /api/game returned 200, took 27 Milliseconds
net.liftweb.util.TimeHelpers - Service request (GET) /ranking returned 200, took 43 Milliseconds
net.liftweb.util.TimeHelpers - Service request (GET) /jquery.loadmask.min.js returned 404, took 5 Milliseconds
net.liftweb.util.TimeHelpers - Service request (GET) /jquery.loadmask.css returned 404, took 5 Milliseconds
net.liftweb.util.TimeHelpers - Service request (GET) /game returned 200, took 35 Milliseconds
net.liftweb.util.TimeHelpers - Service request (GET) /jquery.loadmask.min.js returned 404, took 4 Milliseconds
net.liftweb.util.TimeHelpers - Service request (GET) /jquery.loadmask.css returned 404, took 5 Milliseconds
net.liftweb.util.TimeHelpers - Service request (POST) /api/game returned 200, took 16539 Milliseconds
net.liftweb.util.TimeHelpers - Service request (GET) /game returned 200, took 34 Milliseconds
net.liftweb.util.TimeHelpers - Service request (GET) /jquery.loadmask.css returned 404, took 3 Milliseconds
net.liftweb.util.TimeHelpers - Service request (GET) /jquery.loadmask.min.js returned 404, took 3 Milliseconds
net.liftweb.util.TimeHelpers - Service request (GET) /ranking returned 200, took 36 Milliseconds
net.liftweb.util.TimeHelpers - Service request (GET) /jquery.loadmask.min.js returned 404, took 4 Milliseconds
net.liftweb.util.TimeHelpers - Service request (GET) /jquery.loadmask.css returned 404, took 4 Milliseconds
net.liftweb.util.TimeHelpers - Service request (GET) /game returned 200, took 32 Milliseconds
net.liftweb.util.TimeHelpers - Service request (GET) /jquery.loadmask.css returned 404, took 4 Milliseconds
net.liftweb.util.TimeHelpers - Service request (GET) /jquery.loadmask.min.js returned 404, took 5 Milliseconds
net.liftweb.util.TimeHelpers - Service request (POST) /api/game returned 200, took 57689 Milliseconds
net.liftweb.util.TimeHelpers - Service request (GET) /ranking returned 200, took 34 Milliseconds
net.liftweb.util.TimeHelpers - Service request (GET) /jquery.loadmask.css returned 404, took 4 Milliseconds
net.liftweb.util.TimeHelpers - Service request (GET) /jquery.loadmask.min.js returned 404, took 3 Milliseconds
net.liftweb.util.TimeHelpers - Service request (GET) /api/games/55cec366d4c67265498db20c returned 200, took 11 Milliseconds
