net.liftweb.http.LiftRules - Exception being returned to browser when processing /api/games: Message: com.mongodb.MongoTimeoutException: Timed out while waiting to connect after 10000 ms
	com.mongodb.BaseCluster.getDescription(BaseCluster.java:131)
	com.mongodb.DBTCPConnector.getClusterDescription(DBTCPConnector.java:396)
	com.mongodb.DBTCPConnector.getType(DBTCPConnector.java:569)
	com.mongodb.DBTCPConnector.isMongosConnection(DBTCPConnector.java:370)
	com.mongodb.Mongo.isMongosConnection(Mongo.java:645)
	com.mongodb.DBCursor._check(DBCursor.java:454)
	com.mongodb.DBCursor._hasNext(DBCursor.java:546)
	com.mongodb.DBCursor._fill(DBCursor.java:605)
	com.mongodb.DBCursor.toArray(DBCursor.java:640)
	com.mongodb.DBCursor.toArray(DBCursor.java:629)
	net.liftweb.mongodb.record.MongoMetaRecord$$anonfun$findAll$1.apply(MongoMetaRecord.scala:140)
	net.liftweb.mongodb.record.MongoMetaRecord$$anonfun$findAll$1.apply(MongoMetaRecord.scala:139)
	net.liftweb.mongodb.MongoDB$.useCollection(Mongo.scala:178)
	net.liftweb.mongodb.MongoMeta$class.useColl(MongoMeta.scala:71)
	br.com.ranking.model.Game$.useColl(Game.scala:41)
	net.liftweb.mongodb.record.MongoMetaRecord$class.findAll(MongoMetaRecord.scala:139)
	br.com.ranking.model.Game$.findAll(Game.scala:41)
	br.com.ranking.model.GameDAO$class.findAll(Game.scala:86)
	br.com.ranking.model.GameDAO$.findAll(Game.scala:90)
	br.com.ranking.rest.RankingRest$$anonfun$1.apply(RankingRest.scala:21)
	br.com.ranking.rest.RankingRest$$anonfun$1.apply(RankingRest.scala:18)
	net.liftweb.http.rest.RestHelper$class.apply(RestHelper.scala:508)
	br.com.ranking.rest.RankingRest$.apply(RankingRest.scala:11)
	br.com.ranking.rest.RankingRest$.apply(RankingRest.scala:11)
	net.liftweb.http.LiftServlet$$anonfun$liftedTree1$1$1.apply(LiftServlet.scala:343)
	net.liftweb.http.LiftServlet$$anonfun$liftedTree1$1$1.apply(LiftServlet.scala:343)
	net.liftweb.util.ThreadGlobal.doWith(ThreadGlobal.scala:71)
	net.liftweb.http.S$class.functionLifespan(S.scala:1631)
	net.liftweb.http.LiftServlet.liftedTree1$1(LiftServlet.scala:342)
	net.liftweb.http.LiftServlet.net$liftweb$http$LiftServlet$$dispatchStatefulRequest(LiftServlet.scala:329)
	net.liftweb.http.LiftServlet$$anonfun$doSession$1$1.apply(LiftServlet.scala:279)
	net.liftweb.http.LiftServlet$$anonfun$doSession$1$1.apply(LiftServlet.scala:279)
	net.liftweb.http.S$class.net$liftweb$http$S$$wrapQuery(S.scala:1376)
	net.liftweb.http.S$$anonfun$net$liftweb$http$S$$_nest2InnerInit$1$$anonfun$apply$34.apply(S.scala:1524)
	net.liftweb.http.S$class.net$liftweb$http$S$$doAround(S.scala:1305)
	net.liftweb.http.S$$anonfun$net$liftweb$http$S$$_nest2InnerInit$1.apply(S.scala:1522)
	net.liftweb.util.ThreadGlobal.doWith(ThreadGlobal.scala:71)
	net.liftweb.http.S$class.net$liftweb$http$S$$_nest2InnerInit(S.scala:1521)
	net.liftweb.http.S$$anonfun$net$liftweb$http$S$$_innerInit$1$$anonfun$apply$38$$anonfun$apply$39$$anonfun$apply$40$$anonfun$apply$41.apply(S.scala:1561)
	net.liftweb.util.ThreadGlobal.doWith(ThreadGlobal.scala:71)
	net.liftweb.http.S$$anonfun$withReq$1.apply(S.scala:1571)
	net.liftweb.util.ThreadGlobal.doWith(ThreadGlobal.scala:71)
	net.liftweb.http.S$class.withReq(S.scala:1570)
	net.liftweb.http.S$.withReq(S.scala:48)
	net.liftweb.http.S$$anonfun$net$liftweb$http$S$$_innerInit$1$$anonfun$apply$38$$anonfun$apply$39$$anonfun$apply$40.apply(S.scala:1560)
	net.liftweb.util.ThreadGlobal.doWith(ThreadGlobal.scala:71)
	net.liftweb.http.S$$anonfun$net$liftweb$http$S$$_innerInit$1$$anonfun$apply$38$$anonfun$apply$39.apply(S.scala:1559)
	net.liftweb.util.ThreadGlobal.doWith(ThreadGlobal.scala:71)
	net.liftweb.http.S$$anonfun$net$liftweb$http$S$$_innerInit$1$$anonfun$apply$38.apply(S.scala:1558)
	net.liftweb.util.ThreadGlobal.doWith(ThreadGlobal.scala:71)
	net.liftweb.http.S$$anonfun$net$liftweb$http$S$$_innerInit$1.apply(S.scala:1557)
	net.liftweb.util.ThreadGlobal.doWith(ThreadGlobal.scala:71)
	net.liftweb.http.S$class.net$liftweb$http$S$$_innerInit(S.scala:1556)
	net.liftweb.http.S$$anonfun$net$liftweb$http$S$$_init$1$$anonfun$apply$44$$anonfun$apply$45$$anonfun$apply$46$$anonfun$apply$47$$anonfun$apply$48.apply(S.scala:1594)
	net.liftweb.util.ThreadGlobal.doWith(ThreadGlobal.scala:71)
	net.liftweb.http.S$$anonfun$net$liftweb$http$S$$_init$1$$anonfun$apply$44$$anonfun$apply$45$$anonfun$apply$46$$anonfun$apply$47.apply(S.scala:1592)
	net.liftweb.http.CoreRequestVarHandler$class.apply(Vars.scala:613)
	net.liftweb.http.RequestVarHandler$.apply(Vars.scala:515)
	net.liftweb.http.S$$anonfun$net$liftweb$http$S$$_init$1$$anonfun$apply$44$$anonfun$apply$45$$anonfun$apply$46.apply(S.scala:1591)
	net.liftweb.http.CoreRequestVarHandler$class.apply(Vars.scala:613)
	net.liftweb.http.TransientRequestVarHandler$.apply(Vars.scala:528)
	net.liftweb.http.S$$anonfun$net$liftweb$http$S$$_init$1$$anonfun$apply$44$$anonfun$apply$45.apply(S.scala:1590)
	net.liftweb.util.ThreadGlobal.doWith(ThreadGlobal.scala:71)
	net.liftweb.http.S$$anonfun$net$liftweb$http$S$$_init$1$$anonfun$apply$44.apply(S.scala:1589)
	net.liftweb.util.ThreadGlobal.doWith(ThreadGlobal.scala:71)
	net.liftweb.http.S$$anonfun$net$liftweb$http$S$$_init$1.apply(S.scala:1588)
	net.liftweb.util.ThreadGlobal.doWith(ThreadGlobal.scala:71)
	net.liftweb.http.S$class.net$liftweb$http$S$$_init(S.scala:1587)
	net.liftweb.http.S$class.init(S.scala:1190)
	net.liftweb.http.LiftServlet.doSession$1(LiftServlet.scala:278)
	net.liftweb.http.LiftServlet.doService(LiftServlet.scala:288)
	net.liftweb.http.LiftServlet$$anonfun$doIt$1$1.apply(LiftServlet.scala:132)
	net.liftweb.http.LiftServlet$$anonfun$doIt$1$1.apply(LiftServlet.scala:131)
	net.liftweb.util.TimeHelpers$class.calcTime(TimeHelpers.scala:344)
	net.liftweb.util.Helpers$.calcTime(Helpers.scala:34)
	net.liftweb.util.TimeHelpers$class.logTime(TimeHelpers.scala:363)
	net.liftweb.util.Helpers$.logTime(Helpers.scala:34)
	net.liftweb.http.LiftServlet.doIt$1(LiftServlet.scala:131)
	net.liftweb.http.LiftServlet.service(LiftServlet.scala:142)
	net.liftweb.http.provider.HTTPProvider$$anonfun$service$2$$anonfun$apply$mcV$sp$1$$anonfun$apply$mcV$sp$2.apply$mcV$sp(HTTPProvider.scala:72)
	net.liftweb.http.provider.HTTPProvider$$anonfun$service$2$$anonfun$apply$mcV$sp$1$$anonfun$apply$mcV$sp$2.apply(HTTPProvider.scala:71)
	net.liftweb.http.provider.HTTPProvider$$anonfun$service$2$$anonfun$apply$mcV$sp$1$$anonfun$apply$mcV$sp$2.apply(HTTPProvider.scala:71)
	net.liftweb.util.ThreadGlobal.doWith(ThreadGlobal.scala:71)
	net.liftweb.http.URLRewriter$.doWith(Req.scala:1253)
	net.liftweb.http.provider.HTTPProvider$$anonfun$service$2$$anonfun$apply$mcV$sp$1.apply$mcV$sp(HTTPProvider.scala:70)
	net.liftweb.http.provider.HTTPProvider$$anonfun$service$2$$anonfun$apply$mcV$sp$1.apply(HTTPProvider.scala:70)
	net.liftweb.http.provider.HTTPProvider$$anonfun$service$2$$anonfun$apply$mcV$sp$1.apply(HTTPProvider.scala:70)
	net.liftweb.util.ThreadGlobal.doWith(ThreadGlobal.scala:71)
	net.liftweb.http.provider.HTTPProvider$$anonfun$service$2.apply$mcV$sp(HTTPProvider.scala:66)
	net.liftweb.http.provider.HTTPProvider$$anonfun$service$2.apply(HTTPProvider.scala:60)
	net.liftweb.http.provider.HTTPProvider$$anonfun$service$2.apply(HTTPProvider.scala:60)
	net.liftweb.util.ThreadGlobal.doWith(ThreadGlobal.scala:71)
	net.liftweb.http.provider.HTTPProvider$class.service(HTTPProvider.scala:60)
	net.liftweb.http.LiftFilter.service(LiftServlet.scala:757)
	net.liftweb.http.provider.servlet.ServletFilterProvider$$anonfun$doFilter$1$$anonfun$apply$mcV$sp$1.apply$mcV$sp(ServletFilterProvider.scala:67)
	net.liftweb.http.provider.servlet.ServletFilterProvider$$anonfun$doFilter$1$$anonfun$apply$mcV$sp$1.apply(ServletFilterProvider.scala:62)
	net.liftweb.http.provider.servlet.ServletFilterProvider$$anonfun$doFilter$1$$anonfun$apply$mcV$sp$1.apply(ServletFilterProvider.scala:62)
	net.liftweb.http.CoreRequestVarHandler$$anonfun$apply$16$$anonfun$apply$17$$anonfun$apply$18$$anonfun$apply$19.apply(Vars.scala:619)
	net.liftweb.util.ThreadGlobal.doWith(ThreadGlobal.scala:71)
	net.liftweb.http.CoreRequestVarHandler$$anonfun$apply$16$$anonfun$apply$17$$anonfun$apply$18.apply(Vars.scala:618)
	net.liftweb.util.ThreadGlobal.doWith(ThreadGlobal.scala:71)
	net.liftweb.http.CoreRequestVarHandler$$anonfun$apply$16$$anonfun$apply$17.apply(Vars.scala:617)
	net.liftweb.util.ThreadGlobal.doWith(ThreadGlobal.scala:71)
	net.liftweb.http.CoreRequestVarHandler$$anonfun$apply$16.apply(Vars.scala:616)
	net.liftweb.util.ThreadGlobal.doWith(ThreadGlobal.scala:71)
	net.liftweb.http.CoreRequestVarHandler$class.apply(Vars.scala:615)
	net.liftweb.http.RequestVarHandler$.apply(Vars.scala:515)
	net.liftweb.http.provider.servlet.ServletFilterProvider$$anonfun$doFilter$1.apply(ServletFilterProvider.scala:61)
	net.liftweb.http.provider.servlet.ServletFilterProvider$$anonfun$doFilter$1.apply(ServletFilterProvider.scala:61)
	net.liftweb.http.CoreRequestVarHandler$$anonfun$apply$16$$anonfun$apply$17$$anonfun$apply$18$$anonfun$apply$19.apply(Vars.scala:619)
	net.liftweb.util.ThreadGlobal.doWith(ThreadGlobal.scala:71)
	net.liftweb.http.CoreRequestVarHandler$$anonfun$apply$16$$anonfun$apply$17$$anonfun$apply$18.apply(Vars.scala:618)
	net.liftweb.util.ThreadGlobal.doWith(ThreadGlobal.scala:71)
	net.liftweb.http.CoreRequestVarHandler$$anonfun$apply$16$$anonfun$apply$17.apply(Vars.scala:617)
	net.liftweb.util.ThreadGlobal.doWith(ThreadGlobal.scala:71)
	net.liftweb.http.CoreRequestVarHandler$$anonfun$apply$16.apply(Vars.scala:616)
	net.liftweb.util.ThreadGlobal.doWith(ThreadGlobal.scala:71)
	net.liftweb.http.CoreRequestVarHandler$class.apply(Vars.scala:615)
	net.liftweb.http.provider.servlet.ServletFilterProvider$class.doFilter(ServletFilterProvider.scala:60)
	net.liftweb.http.LiftFilter.doFilter(LiftServlet.scala:757)
	org.eclipse.jetty.servlet.ServletHandler$CachedChain.doFilter(ServletHandler.java:1476)
	org.eclipse.jetty.servlet.ServletHandler.doHandle(ServletHandler.java:499)
	org.eclipse.jetty.server.handler.ScopedHandler.handle(ScopedHandler.java:137)
	org.eclipse.jetty.security.SecurityHandler.handle(SecurityHandler.java:557)
	org.eclipse.jetty.server.session.SessionHandler.doHandle(SessionHandler.java:231)
	org.eclipse.jetty.server.handler.ContextHandler.doHandle(ContextHandler.java:1086)
	org.eclipse.jetty.servlet.ServletHandler.doScope(ServletHandler.java:428)
	org.eclipse.jetty.server.session.SessionHandler.doScope(SessionHandler.java:193)
	org.eclipse.jetty.server.handler.ContextHandler.doScope(ContextHandler.java:1020)
	org.eclipse.jetty.server.handler.ScopedHandler.handle(ScopedHandler.java:135)
	org.eclipse.jetty.server.handler.ContextHandlerCollection.handle(ContextHandlerCollection.java:255)
	org.eclipse.jetty.server.handler.HandlerCollection.handle(HandlerCollection.java:154)
	org.eclipse.jetty.server.handler.HandlerWrapper.handle(HandlerWrapper.java:116)
	org.eclipse.jetty.server.Server.handle(Server.java:370)
	org.eclipse.jetty.server.AbstractHttpConnection.handleRequest(AbstractHttpConnection.java:494)
	org.eclipse.jetty.server.AbstractHttpConnection.headerComplete(AbstractHttpConnection.java:971)
	org.eclipse.jetty.server.AbstractHttpConnection$RequestHandler.headerComplete(AbstractHttpConnection.java:1033)
	org.eclipse.jetty.http.HttpParser.parseNext(HttpParser.java:644)
	org.eclipse.jetty.http.HttpParser.parseAvailable(HttpParser.java:235)
	org.eclipse.jetty.server.AsyncHttpConnection.handle(AsyncHttpConnection.java:82)
	org.eclipse.jetty.io.nio.SelectChannelEndPoint.handle(SelectChannelEndPoint.java:667)
	org.eclipse.jetty.io.nio.SelectChannelEndPoint$1.run(SelectChannelEndPoint.java:52)
	org.eclipse.jetty.util.thread.QueuedThreadPool.runJob(QueuedThreadPool.java:608)
	org.eclipse.jetty.util.thread.QueuedThreadPool$3.run(QueuedThreadPool.java:543)
	java.lang.Thread.run(Thread.java:695)

net.liftweb.util.TimeHelpers - Service request (GET) /api/games returned 500, took 10197 Milliseconds
net.liftweb.util.TimeHelpers - Service request (GET) /api/games returned 200, took 57 Milliseconds
net.liftweb.util.TimeHelpers - Service request (GET) /api/games returned 200, took 6 Milliseconds
net.liftweb.util.TimeHelpers - Service request (GET) /api/players returned 200, took 16 Milliseconds
net.liftweb.util.TimeHelpers - Service request (GET) /api/games returned 200, took 6 Milliseconds
net.liftweb.util.TimeHelpers - Service request (POST) /api/player returned 200, took 297 Milliseconds
net.liftweb.util.TimeHelpers - Service request (POST) /api/player returned 200, took 8 Milliseconds
net.liftweb.util.TimeHelpers - Service request (GET) /api/players returned 200, took 11 Milliseconds
net.liftweb.util.TimeHelpers - Service request (GET) /api/games returned 200, took 5 Milliseconds
