net.liftweb.util.TimeHelpers - Service request (GET) /ranking returned 200, took 506 Milliseconds
net.liftweb.util.TimeHelpers - Service request (GET) /ranking returned 200, took 44 Milliseconds
net.liftweb.util.TimeHelpers - Service request (GET) /ranking returned 200, took 39 Milliseconds
net.liftweb.util.TimeHelpers - Service request (GET) /ranking returned 200, took 38 Milliseconds
net.liftweb.util.TimeHelpers - Service request (GET) /ranking returned 200, took 37 Milliseconds
net.liftweb.util.TimeHelpers - Service request (POST) /api/reset-games returned 200, took 68 Milliseconds
net.liftweb.util.TimeHelpers - Service request (POST) /api/reset-players returned 200, took 18 Milliseconds
net.liftweb.util.TimeHelpers - Service request (GET) /ranking returned 200, took 34 Milliseconds
net.liftweb.util.TimeHelpers - Service request (GET) /ranking returned 200, took 32 Milliseconds
net.liftweb.util.TimeHelpers - Service request (GET) /ranking returned 200, took 33 Milliseconds
net.liftweb.util.TimeHelpers - Service request (GET) /game returned 200, took 44 Milliseconds
net.liftweb.util.TimeHelpers - Service request (POST) /api/game returned 200, took 62 Milliseconds
net.liftweb.util.TimeHelpers - Service request (GET) /ranking returned 200, took 29 Milliseconds
net.liftweb.util.TimeHelpers - Service request (POST) /api/game returned 200, took 14 Milliseconds
net.liftweb.util.TimeHelpers - Service request (GET) /ranking returned 200, took 28 Milliseconds
net.liftweb.util.TimeHelpers - Service request (GET) /player returned 200, took 22 Milliseconds
net.liftweb.util.TimeHelpers - Service request (GET) /game returned 200, took 26 Milliseconds
net.liftweb.util.TimeHelpers - Service request (POST) /api/game returned 200, took 20 Milliseconds
net.liftweb.util.TimeHelpers - Service request (GET) /ranking returned 200, took 25 Milliseconds
net.liftweb.util.TimeHelpers - Service request (POST) /api/game returned 200, took 16 Milliseconds
net.liftweb.util.TimeHelpers - Service request (GET) /ranking returned 200, took 24 Milliseconds
net.liftweb.util.TimeHelpers - Service request (POST) /api/game returned 200, took 14 Milliseconds
net.liftweb.util.TimeHelpers - Service request (GET) /ranking returned 200, took 23 Milliseconds
net.liftweb.util.TimeHelpers - Service request (POST) /api/game returned 200, took 16 Milliseconds
net.liftweb.util.TimeHelpers - Service request (GET) /ranking returned 200, took 22 Milliseconds
net.liftweb.util.TimeHelpers - Service request (GET) /game returned 200, took 27 Milliseconds
net.liftweb.util.TimeHelpers - Service request (GET) /game returned 200, took 22 Milliseconds
net.liftweb.util.TimeHelpers - Service request (POST) /api/game returned 200, took 14 Milliseconds
net.liftweb.util.TimeHelpers - Service request (GET) /ranking returned 200, took 22 Milliseconds
net.liftweb.util.TimeHelpers - Service request (GET) /ranking returned 200, took 24 Milliseconds
net.liftweb.util.TimeHelpers - Service request (GET) /game returned 200, took 24 Milliseconds
net.liftweb.util.TimeHelpers - Service request (GET) /ranking returned 200, took 25 Milliseconds
net.liftweb.util.TimeHelpers - Service request (GET) /game returned 200, took 23 Milliseconds
net.liftweb.util.TimeHelpers - Service request (POST) /api/game returned 200, took 13 Milliseconds
net.liftweb.util.TimeHelpers - Service request (GET) /ranking returned 200, took 24 Milliseconds
net.liftweb.util.TimeHelpers - Service request (GET) /ranking returned 200, took 25 Milliseconds
net.liftweb.util.TimeHelpers - Service request (GET) /ranking returned 200, took 21 Milliseconds
net.liftweb.util.TimeHelpers - Service request (GET) /ranking returned 200, took 21 Milliseconds
net.liftweb.util.TimeHelpers - Service request (GET) /ranking returned 200, took 21 Milliseconds
