net.liftweb.util.TimeHelpers - Service request (GET) /ranking returned 200, took 591 Milliseconds
net.liftweb.util.TimeHelpers - Service request (GET) /ranking returned 200, took 87 Milliseconds
net.liftweb.util.TimeHelpers - Service request (GET) /api/games/55cec366d4c67265498db20c returned 200, took 76 Milliseconds
net.liftweb.util.TimeHelpers - Service request (GET) /api/games/55cec366d4c67265498db20c returned 200, took 18 Milliseconds
net.liftweb.util.TimeHelpers - Service request (GET) /api/games/55cec387d4c67265498db210 returned 200, took 16 Milliseconds
net.liftweb.util.TimeHelpers - Service request (GET) /api/games/55cec375d4c67265498db20e returned 200, took 16 Milliseconds
net.liftweb.util.TimeHelpers - Service request (GET) /api/games/55d40639d4c6d2aa446a488a returned 200, took 14 Milliseconds
net.liftweb.util.TimeHelpers - Service request (GET) /api/games/55d40639d4c6d2aa446a488a returned 200, took 15 Milliseconds
net.liftweb.util.TimeHelpers - Service request (GET) /api/games/55cec36fd4c67265498db20d returned 200, took 15 Milliseconds
net.liftweb.util.TimeHelpers - Service request (GET) /api/games/55d15becd4c69d8300165ba7 returned 200, took 10 Milliseconds
net.liftweb.util.TimeHelpers - Service request (GET) /api/games/55cec35cd4c67265498db20b returned 200, took 29 Milliseconds
net.liftweb.util.TimeHelpers - Service request (GET) /api/games/55cec35cd4c67265498db20b returned 200, took 30 Milliseconds
net.liftweb.util.TimeHelpers - Service request (GET) /game returned 200, took 62 Milliseconds
net.liftweb.util.TimeHelpers - Service request (POST) /api/game returned 200, took 79 Milliseconds
net.liftweb.util.TimeHelpers - Service request (POST) /api/game returned 200, took 19 Milliseconds
net.liftweb.util.TimeHelpers - Service request (POST) /api/game returned 200, took 27 Milliseconds
net.liftweb.util.TimeHelpers - Service request (POST) /api/game returned 200, took 24 Milliseconds
net.liftweb.util.TimeHelpers - Service request (GET) /ranking returned 200, took 59 Milliseconds
net.liftweb.util.TimeHelpers - Service request (GET) /api/games/55cec35cd4c67265498db20b returned 200, took 28 Milliseconds
net.liftweb.util.TimeHelpers - Service request (GET) /api/games/55cec35cd4c67265498db20b returned 200, took 26 Milliseconds
net.liftweb.util.TimeHelpers - Service request (GET) /game returned 200, took 36 Milliseconds
net.liftweb.util.TimeHelpers - Service request (POST) /api/game returned 200, took 22 Milliseconds
net.liftweb.util.TimeHelpers - Service request (POST) /api/game returned 200, took 22 Milliseconds
net.liftweb.util.TimeHelpers - Service request (GET) /ranking returned 200, took 47 Milliseconds
net.liftweb.util.TimeHelpers - Service request (GET) /api/games/55cec35cd4c67265498db20b returned 200, took 25 Milliseconds
net.liftweb.util.TimeHelpers - Service request (GET) /game returned 200, took 32 Milliseconds
net.liftweb.util.TimeHelpers - Service request (POST) /api/game returned 200, took 21 Milliseconds
net.liftweb.util.TimeHelpers - Service request (GET) /ranking returned 200, took 44 Milliseconds
net.liftweb.util.TimeHelpers - Service request (GET) /api/games/55cec35cd4c67265498db20b returned 200, took 26 Milliseconds
net.liftweb.util.TimeHelpers - Service request (GET) /api/games/55d0cf3fd4c6203cc2705b96 returned 200, took 8 Milliseconds
net.liftweb.util.TimeHelpers - Service request (GET) /api/games/55d0198ad4c66220111e675b returned 200, took 8 Milliseconds
net.liftweb.util.TimeHelpers - Service request (GET) /api/games/55d15b51d4c69d8300165ba5 returned 200, took 8 Milliseconds
net.liftweb.util.TimeHelpers - Service request (GET) /api/games/55cec375d4c67265498db20e returned 200, took 11 Milliseconds
net.liftweb.util.TimeHelpers - Service request (GET) /api/games/55d15becd4c69d8300165ba7 returned 200, took 7 Milliseconds
net.liftweb.util.TimeHelpers - Service request (GET) /player returned 200, took 30 Milliseconds
net.liftweb.util.TimeHelpers - Service request (GET) /game returned 200, took 30 Milliseconds
net.liftweb.util.TimeHelpers - Service request (GET) /game returned 200, took 29 Milliseconds
