net.liftweb.util.TimeHelpers - Service request (GET) / returned 200, took 390 Milliseconds
net.liftweb.util.TimeHelpers - Service request (GET) / returned 200, took 35 Milliseconds
net.liftweb.util.TimeHelpers - Service request (GET) / returned 200, took 30 Milliseconds
net.liftweb.util.TimeHelpers - Service request (GET) / returned 200, took 26 Milliseconds
net.liftweb.util.TimeHelpers - Service request (GET) / returned 200, took 26 Milliseconds
net.liftweb.util.TimeHelpers - Service request (GET) / returned 200, took 29 Milliseconds
net.liftweb.util.TimeHelpers - Service request (GET) /rules returned 200, took 28 Milliseconds
net.liftweb.util.TimeHelpers - Service request (GET) /player returned 200, took 65 Milliseconds
net.liftweb.util.TimeHelpers - Service request (GET) /game returned 200, took 26 Milliseconds
net.liftweb.util.TimeHelpers - Service request (GET) /ranking returned 200, took 105 Milliseconds
net.liftweb.util.TimeHelpers - Service request (GET) /index returned 200, took 22 Milliseconds
net.liftweb.util.TimeHelpers - Service request (GET) /index returned 200, took 21 Milliseconds
net.liftweb.util.TimeHelpers - Service request (GET) /index returned 200, took 21 Milliseconds
net.liftweb.util.TimeHelpers - Service request (GET) /rules returned 200, took 23 Milliseconds
net.liftweb.util.TimeHelpers - Service request (GET) /player returned 200, took 21 Milliseconds
net.liftweb.util.TimeHelpers - Service request (GET) /game returned 200, took 23 Milliseconds
net.liftweb.util.TimeHelpers - Service request (GET) /ranking returned 200, took 30 Milliseconds
net.liftweb.util.TimeHelpers - Service request (GET) /ranking returned 200, took 28 Milliseconds
net.liftweb.util.TimeHelpers - Service request (GET) /rules returned 200, took 22 Milliseconds
net.liftweb.util.TimeHelpers - Service request (GET) /player returned 200, took 22 Milliseconds
net.liftweb.util.TimeHelpers - Service request (GET) /game returned 200, took 23 Milliseconds
net.liftweb.util.TimeHelpers - Service request (GET) /index returned 200, took 18 Milliseconds
net.liftweb.util.TimeHelpers - Service request (GET) /index returned 200, took 18 Milliseconds
net.liftweb.util.TimeHelpers - Service request (GET) /rules returned 200, took 19 Milliseconds
net.liftweb.util.TimeHelpers - Service request (GET) /player returned 200, took 21 Milliseconds
net.liftweb.util.TimeHelpers - Service request (GET) /player returned 200, took 22 Milliseconds
net.liftweb.util.TimeHelpers - Service request (GET) /game returned 200, took 23 Milliseconds
net.liftweb.util.TimeHelpers - Service request (GET) /game returned 200, took 20 Milliseconds
net.liftweb.util.TimeHelpers - Service request (GET) /ranking returned 200, took 21 Milliseconds
net.liftweb.util.TimeHelpers - Service request (GET) /ranking returned 200, took 22 Milliseconds
net.liftweb.util.TimeHelpers - Service request (GET) /game returned 200, took 18 Milliseconds
net.liftweb.util.TimeHelpers - Service request (GET) /player returned 200, took 18 Milliseconds
net.liftweb.util.TimeHelpers - Service request (GET) /rules returned 200, took 18 Milliseconds
net.liftweb.util.TimeHelpers - Service request (GET) /game returned 200, took 19 Milliseconds
net.liftweb.util.TimeHelpers - Service request (GET) /game returned 200, took 17 Milliseconds
net.liftweb.util.TimeHelpers - Service request (GET) /game returned 200, took 17 Milliseconds
net.liftweb.util.TimeHelpers - Service request (GET) /ranking returned 200, took 24 Milliseconds
net.liftweb.util.TimeHelpers - Service request (GET) /game returned 200, took 18 Milliseconds
net.liftweb.util.TimeHelpers - Service request (GET) /ranking returned 200, took 22 Milliseconds
net.liftweb.util.TimeHelpers - Service request (GET) /game returned 200, took 19 Milliseconds
net.liftweb.util.TimeHelpers - Service request (GET) /ranking returned 200, took 23 Milliseconds
net.liftweb.util.TimeHelpers - Service request (GET) /game returned 200, took 22 Milliseconds
net.liftweb.util.TimeHelpers - Service request (GET) /player returned 200, took 20 Milliseconds
net.liftweb.util.TimeHelpers - Service request (GET) /rules returned 200, took 17 Milliseconds
net.liftweb.util.TimeHelpers - Service request (GET) /index returned 200, took 17 Milliseconds
net.liftweb.util.TimeHelpers - Service request (GET) /game returned 200, took 20 Milliseconds
net.liftweb.util.TimeHelpers - Service request (GET) /ranking returned 200, took 21 Milliseconds
net.liftweb.util.TimeHelpers - Service request (GET) /game returned 200, took 17 Milliseconds
net.liftweb.util.TimeHelpers - Service request (GET) /game returned 200, took 16 Milliseconds
net.liftweb.util.TimeHelpers - Service request (GET) /index returned 200, took 15 Milliseconds
net.liftweb.util.TimeHelpers - Service request (GET) /index returned 200, took 15 Milliseconds
net.liftweb.util.TimeHelpers - Service request (GET) /index returned 200, took 16 Milliseconds
net.liftweb.util.TimeHelpers - Service request (GET) /index returned 200, took 16 Milliseconds
net.liftweb.util.TimeHelpers - Service request (GET) /rules returned 200, took 18 Milliseconds
net.liftweb.util.TimeHelpers - Service request (GET) /player returned 200, took 15 Milliseconds
net.liftweb.util.TimeHelpers - Service request (GET) / returned 200, took 16 Milliseconds
net.liftweb.util.TimeHelpers - Service request (GET) / returned 200, took 14 Milliseconds
net.liftweb.util.TimeHelpers - Service request (GET) / returned 200, took 13 Milliseconds
net.liftweb.util.TimeHelpers - Service request (GET) /rules returned 200, took 18 Milliseconds
net.liftweb.util.TimeHelpers - Service request (GET) /rules returned 200, took 29 Milliseconds
net.liftweb.util.TimeHelpers - Service request (GET) /player returned 200, took 17 Milliseconds
net.liftweb.util.TimeHelpers - Service request (GET) /game returned 200, took 26 Milliseconds
net.liftweb.util.TimeHelpers - Service request (GET) /player returned 200, took 17 Milliseconds
net.liftweb.util.TimeHelpers - Service request (GET) /rules returned 200, took 20 Milliseconds
net.liftweb.util.TimeHelpers - Service request (GET) /player returned 200, took 16 Milliseconds
net.liftweb.util.TimeHelpers - Service request (GET) /player returned 200, took 15 Milliseconds
net.liftweb.util.TimeHelpers - Service request (GET) /game returned 200, took 16 Milliseconds
net.liftweb.util.TimeHelpers - Service request (GET) /ranking returned 200, took 19 Milliseconds
net.liftweb.util.TimeHelpers - Service request (GET) /ranking returned 200, took 19 Milliseconds
net.liftweb.util.TimeHelpers - Service request (GET) /game returned 200, took 16 Milliseconds
net.liftweb.util.TimeHelpers - Service request (GET) /player returned 200, took 16 Milliseconds
net.liftweb.util.TimeHelpers - Service request (GET) /rules returned 200, took 17 Milliseconds
net.liftweb.util.TimeHelpers - Service request (GET) /player returned 200, took 15 Milliseconds
net.liftweb.util.TimeHelpers - Service request (GET) /game returned 200, took 17 Milliseconds
net.liftweb.util.TimeHelpers - Service request (GET) /ranking returned 200, took 19 Milliseconds
net.liftweb.util.TimeHelpers - Service request (GET) /game returned 200, took 16 Milliseconds
net.liftweb.util.TimeHelpers - Service request (GET) /player returned 200, took 17 Milliseconds
net.liftweb.util.TimeHelpers - Service request (GET) /rules returned 200, took 16 Milliseconds
net.liftweb.util.TimeHelpers - Service request (GET) /index returned 200, took 14 Milliseconds
net.liftweb.util.TimeHelpers - Service request (GET) /rules returned 200, took 16 Milliseconds
net.liftweb.util.TimeHelpers - Service request (GET) /rules returned 200, took 15 Milliseconds
net.liftweb.util.TimeHelpers - Service request (GET) /player returned 200, took 16 Milliseconds
net.liftweb.util.TimeHelpers - Service request (GET) /player returned 200, took 15 Milliseconds
net.liftweb.util.TimeHelpers - Service request (GET) /player returned 200, took 14 Milliseconds
net.liftweb.util.TimeHelpers - Service request (GET) /player returned 200, took 15 Milliseconds
net.liftweb.util.TimeHelpers - Service request (GET) /rules returned 200, took 15 Milliseconds
net.liftweb.util.TimeHelpers - Service request (GET) /player returned 200, took 15 Milliseconds
net.liftweb.util.TimeHelpers - Service request (GET) /player returned 200, took 15 Milliseconds
net.liftweb.util.TimeHelpers - Service request (GET) /rules returned 200, took 16 Milliseconds
net.liftweb.util.TimeHelpers - Service request (GET) /rules returned 200, took 15 Milliseconds
net.liftweb.util.TimeHelpers - Service request (GET) /rules returned 200, took 16 Milliseconds
net.liftweb.util.TimeHelpers - Service request (GET) /rules returned 200, took 13 Milliseconds
net.liftweb.util.TimeHelpers - Service request (GET) /rules returned 200, took 14 Milliseconds
net.liftweb.util.TimeHelpers - Service request (GET) /player returned 200, took 14 Milliseconds
net.liftweb.util.TimeHelpers - Service request (GET) /player returned 200, took 14 Milliseconds
net.liftweb.util.TimeHelpers - Service request (GET) /rules returned 200, took 15 Milliseconds
net.liftweb.util.TimeHelpers - Service request (GET) /player returned 200, took 14 Milliseconds
net.liftweb.util.TimeHelpers - Service request (GET) /player returned 200, took 14 Milliseconds
net.liftweb.util.TimeHelpers - Service request (GET) /player returned 200, took 12 Milliseconds
net.liftweb.util.TimeHelpers - Service request (GET) /player returned 200, took 17 Milliseconds
net.liftweb.util.TimeHelpers - Service request (GET) /player returned 200, took 12 Milliseconds
net.liftweb.util.TimeHelpers - Service request (GET) /player returned 200, took 15 Milliseconds
net.liftweb.util.TimeHelpers - Service request (GET) /player returned 200, took 14 Milliseconds
net.liftweb.util.TimeHelpers - Service request (GET) /player returned 200, took 13 Milliseconds
net.liftweb.util.TimeHelpers - Service request (GET) /player returned 200, took 15 Milliseconds
net.liftweb.util.TimeHelpers - Service request (GET) /player returned 200, took 13 Milliseconds
net.liftweb.util.TimeHelpers - Service request (GET) /player returned 200, took 15 Milliseconds
net.liftweb.util.TimeHelpers - Service request (GET) /player returned 200, took 13 Milliseconds
net.liftweb.util.TimeHelpers - Service request (GET) /player returned 200, took 15 Milliseconds
net.liftweb.util.TimeHelpers - Service request (GET) /index returned 200, took 15 Milliseconds
net.liftweb.util.TimeHelpers - Service request (GET) /index returned 200, took 12 Milliseconds
net.liftweb.util.TimeHelpers - Service request (GET) /index returned 200, took 13 Milliseconds
net.liftweb.util.TimeHelpers - Service request (GET) /index returned 200, took 13 Milliseconds
net.liftweb.util.TimeHelpers - Service request (GET) /rules returned 200, took 19 Milliseconds
net.liftweb.util.TimeHelpers - Service request (GET) /rules returned 200, took 14 Milliseconds
net.liftweb.util.TimeHelpers - Service request (GET) /player returned 200, took 15 Milliseconds
net.liftweb.util.TimeHelpers - Service request (GET) /game returned 200, took 14 Milliseconds
net.liftweb.util.TimeHelpers - Service request (GET) /game returned 200, took 14 Milliseconds
net.liftweb.util.TimeHelpers - Service request (GET) /ranking returned 200, took 16 Milliseconds
net.liftweb.util.TimeHelpers - Service request (GET) /player returned 200, took 14 Milliseconds
net.liftweb.util.TimeHelpers - Service request (GET) /rules returned 200, took 14 Milliseconds
net.liftweb.util.TimeHelpers - Service request (GET) /player returned 200, took 13 Milliseconds
net.liftweb.util.TimeHelpers - Service request (GET) /game returned 200, took 14 Milliseconds
net.liftweb.util.TimeHelpers - Service request (GET) /ranking returned 200, took 16 Milliseconds
net.liftweb.util.TimeHelpers - Service request (GET) /rules returned 200, took 12 Milliseconds
net.liftweb.util.TimeHelpers - Service request (GET) /player returned 200, took 13 Milliseconds
net.liftweb.util.TimeHelpers - Service request (GET) /player returned 200, took 15 Milliseconds
net.liftweb.util.TimeHelpers - Service request (GET) /player returned 200, took 14 Milliseconds
net.liftweb.util.TimeHelpers - Service request (GET) /rules returned 200, took 12 Milliseconds
net.liftweb.util.TimeHelpers - Service request (GET) /index returned 200, took 14 Milliseconds
net.liftweb.util.TimeHelpers - Service request (GET) /player returned 200, took 14 Milliseconds
net.liftweb.util.TimeHelpers - Service request (GET) /game returned 200, took 15 Milliseconds
net.liftweb.util.TimeHelpers - Service request (GET) /ranking returned 200, took 18 Milliseconds
net.liftweb.util.TimeHelpers - Service request (GET) /player returned 200, took 14 Milliseconds
net.liftweb.util.TimeHelpers - Service request (GET) /rules returned 200, took 13 Milliseconds
net.liftweb.util.TimeHelpers - Service request (GET) /player returned 200, took 14 Milliseconds
net.liftweb.util.TimeHelpers - Service request (GET) /player returned 200, took 13 Milliseconds
net.liftweb.util.TimeHelpers - Service request (GET) /index returned 200, took 12 Milliseconds
net.liftweb.util.TimeHelpers - Service request (GET) /player returned 200, took 14 Milliseconds
net.liftweb.util.TimeHelpers - Service request (GET) /rules returned 200, took 12 Milliseconds
net.liftweb.util.TimeHelpers - Service request (GET) /game returned 200, took 14 Milliseconds
net.liftweb.util.TimeHelpers - Service request (GET) /player returned 200, took 13 Milliseconds
net.liftweb.util.TimeHelpers - Service request (GET) /rules returned 200, took 14 Milliseconds
net.liftweb.util.TimeHelpers - Service request (GET) /player returned 200, took 14 Milliseconds
net.liftweb.util.TimeHelpers - Service request (GET) /rules returned 200, took 13 Milliseconds
net.liftweb.util.TimeHelpers - Service request (GET) /player returned 200, took 13 Milliseconds
net.liftweb.util.TimeHelpers - Service request (GET) /rules returned 200, took 14 Milliseconds
net.liftweb.util.TimeHelpers - Service request (GET) /ranking returned 200, took 20 Milliseconds
net.liftweb.util.TimeHelpers - Service request (GET) /game returned 200, took 14 Milliseconds
net.liftweb.util.TimeHelpers - Service request (GET) /player returned 200, took 15 Milliseconds
net.liftweb.http.SessionMaster -  Session gl3hsgt6dlmavucd1l91cldw expired
net.liftweb.util.TimeHelpers - Service request (GET) /rules returned 200, took 18 Milliseconds
net.liftweb.util.TimeHelpers - Service request (GET) /game returned 200, took 17 Milliseconds
net.liftweb.util.TimeHelpers - Service request (GET) /player returned 200, took 14 Milliseconds
net.liftweb.util.TimeHelpers - Service request (GET) /game returned 200, took 14 Milliseconds
net.liftweb.util.TimeHelpers - Service request (GET) /ranking returned 200, took 18 Milliseconds
net.liftweb.util.TimeHelpers - Service request (GET) /ranking returned 200, took 16 Milliseconds
net.liftweb.util.TimeHelpers - Service request (GET) /ranking returned 200, took 16 Milliseconds
net.liftweb.util.TimeHelpers - Service request (GET) /player returned 200, took 14 Milliseconds
net.liftweb.util.TimeHelpers - Service request (GET) /ranking returned 200, took 17 Milliseconds
net.liftweb.util.TimeHelpers - Service request (GET) /ranking returned 200, took 16 Milliseconds
net.liftweb.util.TimeHelpers - Service request (GET) /index returned 200, took 14 Milliseconds
net.liftweb.util.TimeHelpers - Service request (GET) /rules returned 200, took 15 Milliseconds
net.liftweb.util.TimeHelpers - Service request (GET) /player returned 200, took 14 Milliseconds
net.liftweb.util.TimeHelpers - Service request (GET) /game returned 200, took 14 Milliseconds
net.liftweb.util.TimeHelpers - Service request (GET) /ranking returned 200, took 17 Milliseconds
net.liftweb.util.TimeHelpers - Service request (GET) /player returned 200, took 15 Milliseconds
net.liftweb.util.TimeHelpers - Service request (GET) /game returned 200, took 14 Milliseconds
net.liftweb.util.TimeHelpers - Service request (GET) /player returned 200, took 14 Milliseconds
net.liftweb.util.TimeHelpers - Service request (GET) /game returned 200, took 16 Milliseconds
net.liftweb.util.TimeHelpers - Service request (GET) /ranking returned 200, took 16 Milliseconds
net.liftweb.util.TimeHelpers - Service request (GET) /ranking returned 200, took 16 Milliseconds
net.liftweb.util.TimeHelpers - Service request (GET) /ranking returned 200, took 15 Milliseconds
net.liftweb.util.TimeHelpers - Service request (GET) /index returned 200, took 14 Milliseconds
net.liftweb.util.TimeHelpers - Service request (GET) /rules returned 200, took 16 Milliseconds
net.liftweb.util.TimeHelpers - Service request (GET) /player returned 200, took 14 Milliseconds
net.liftweb.util.TimeHelpers - Service request (GET) /game returned 200, took 13 Milliseconds
net.liftweb.util.TimeHelpers - Service request (GET) /ranking returned 200, took 18 Milliseconds
net.liftweb.util.TimeHelpers - Service request (GET) /ranking returned 200, took 21 Milliseconds
net.liftweb.util.TimeHelpers - Service request (GET) /index returned 200, took 11 Milliseconds
net.liftweb.util.TimeHelpers - Service request (GET) /rules returned 200, took 14 Milliseconds
net.liftweb.util.TimeHelpers - Service request (GET) /player returned 200, took 15 Milliseconds
net.liftweb.util.TimeHelpers - Service request (GET) /game returned 200, took 16 Milliseconds
net.liftweb.util.TimeHelpers - Service request (GET) /ranking returned 200, took 16 Milliseconds
net.liftweb.util.TimeHelpers - Service request (GET) /ranking returned 200, took 15 Milliseconds
net.liftweb.util.TimeHelpers - Service request (GET) /index returned 200, took 14 Milliseconds
net.liftweb.util.TimeHelpers - Service request (GET) /rules returned 200, took 15 Milliseconds
net.liftweb.util.TimeHelpers - Service request (GET) /player returned 200, took 14 Milliseconds
net.liftweb.util.TimeHelpers - Service request (GET) /game returned 200, took 13 Milliseconds
net.liftweb.util.TimeHelpers - Service request (GET) /ranking returned 200, took 17 Milliseconds
net.liftweb.util.TimeHelpers - Service request (GET) /player returned 200, took 13 Milliseconds
net.liftweb.util.TimeHelpers - Service request (GET) /rules returned 200, took 14 Milliseconds
net.liftweb.util.TimeHelpers - Service request (GET) /index returned 200, took 13 Milliseconds
net.liftweb.util.TimeHelpers - Service request (GET) /player returned 200, took 14 Milliseconds
net.liftweb.util.TimeHelpers - Service request (GET) /game returned 200, took 13 Milliseconds
net.liftweb.util.TimeHelpers - Service request (GET) /player returned 200, took 15 Milliseconds
net.liftweb.util.TimeHelpers - Service request (GET) /rules returned 200, took 13 Milliseconds
net.liftweb.util.TimeHelpers - Service request (GET) /game returned 200, took 14 Milliseconds
net.liftweb.util.TimeHelpers - Service request (GET) /ranking returned 200, took 15 Milliseconds
net.liftweb.util.TimeHelpers - Service request (GET) /player returned 200, took 14 Milliseconds
net.liftweb.util.TimeHelpers - Service request (GET) /game returned 200, took 13 Milliseconds
net.liftweb.util.TimeHelpers - Service request (GET) /rules returned 200, took 13 Milliseconds
net.liftweb.util.TimeHelpers - Service request (GET) /player returned 200, took 14 Milliseconds
net.liftweb.util.TimeHelpers - Service request (GET) /game returned 200, took 14 Milliseconds
net.liftweb.util.TimeHelpers - Service request (GET) /ranking returned 200, took 15 Milliseconds
net.liftweb.util.TimeHelpers - Service request (GET) /game returned 200, took 14 Milliseconds
net.liftweb.util.TimeHelpers - Service request (GET) /player returned 200, took 14 Milliseconds
net.liftweb.util.TimeHelpers - Service request (GET) /rules returned 200, took 14 Milliseconds
net.liftweb.util.TimeHelpers - Service request (GET) /index returned 200, took 13 Milliseconds
net.liftweb.util.TimeHelpers - Service request (GET) /game returned 200, took 15 Milliseconds
net.liftweb.util.TimeHelpers - Service request (GET) /ranking returned 200, took 16 Milliseconds
net.liftweb.util.TimeHelpers - Service request (GET) /game returned 200, took 14 Milliseconds
net.liftweb.util.TimeHelpers - Service request (GET) /rules returned 200, took 14 Milliseconds
net.liftweb.util.TimeHelpers - Service request (GET) /player returned 200, took 14 Milliseconds
net.liftweb.util.TimeHelpers - Service request (GET) /ranking returned 200, took 14 Milliseconds
net.liftweb.util.TimeHelpers - Service request (GET) /game returned 200, took 15 Milliseconds
net.liftweb.util.TimeHelpers - Service request (GET) /index returned 200, took 13 Milliseconds
net.liftweb.util.TimeHelpers - Service request (GET) /index returned 200, took 13 Milliseconds
net.liftweb.util.TimeHelpers - Service request (GET) /player returned 200, took 13 Milliseconds
net.liftweb.util.TimeHelpers - Service request (GET) /game returned 200, took 13 Milliseconds
net.liftweb.util.TimeHelpers - Service request (GET) /player returned 200, took 12 Milliseconds
net.liftweb.util.TimeHelpers - Service request (GET) /rules returned 200, took 14 Milliseconds
net.liftweb.util.TimeHelpers - Service request (GET) /index returned 200, took 14 Milliseconds
net.liftweb.util.TimeHelpers - Service request (GET) /player returned 200, took 15 Milliseconds
net.liftweb.util.TimeHelpers - Service request (GET) /game returned 200, took 13 Milliseconds
net.liftweb.util.TimeHelpers - Service request (GET) /game returned 200, took 14 Milliseconds
net.liftweb.util.TimeHelpers - Service request (GET) /player returned 200, took 16 Milliseconds
net.liftweb.util.TimeHelpers - Service request (GET) /player returned 200, took 12 Milliseconds
net.liftweb.util.TimeHelpers - Service request (GET) /game returned 200, took 17 Milliseconds
net.liftweb.util.TimeHelpers - Service request (GET) /ranking returned 200, took 16 Milliseconds
net.liftweb.util.TimeHelpers - Service request (GET) /game returned 200, took 14 Milliseconds
net.liftweb.util.TimeHelpers - Service request (GET) /ranking returned 200, took 15 Milliseconds
net.liftweb.util.TimeHelpers - Service request (GET) /game returned 200, took 13 Milliseconds
net.liftweb.util.TimeHelpers - Service request (GET) /player returned 200, took 14 Milliseconds
net.liftweb.util.TimeHelpers - Service request (GET) /rules returned 200, took 13 Milliseconds
net.liftweb.util.TimeHelpers - Service request (GET) /index returned 200, took 10 Milliseconds
net.liftweb.util.TimeHelpers - Service request (GET) /rules returned 200, took 12 Milliseconds
net.liftweb.util.TimeHelpers - Service request (GET) /player returned 200, took 12 Milliseconds
net.liftweb.util.TimeHelpers - Service request (GET) /player returned 200, took 13 Milliseconds
net.liftweb.util.TimeHelpers - Service request (GET) /game returned 200, took 13 Milliseconds
