net.liftweb.util.TimeHelpers - Service request (GET) /ranking returned 200, took 515 Milliseconds
net.liftweb.util.TimeHelpers - Service request (GET) /ranking returned 200, took 68 Milliseconds
net.liftweb.util.TimeHelpers - Service request (GET) /ranking returned 200, took 70 Milliseconds
net.liftweb.util.TimeHelpers - Service request (GET) /api/games/55c2fee9cd6a5c78fffe920b returned 200, took 62 Milliseconds
net.liftweb.util.TimeHelpers - Service request (GET) /api/games/55cd66bca7c86d55d7b8cd8f returned 200, took 7 Milliseconds
net.liftweb.util.TimeHelpers - Service request (GET) /api/games/55ceb38cd4c6e25ce850abe1 returned 200, took 7 Milliseconds
net.liftweb.util.TimeHelpers - Service request (GET) /api/games/55c2d507cd6aa03672d81891 returned 200, took 19 Milliseconds
net.liftweb.util.TimeHelpers - Service request (GET) /ranking returned 200, took 45 Milliseconds
net.liftweb.util.TimeHelpers - Service request (GET) /api/games/55c2d507cd6aa03672d81891 returned 200, took 17 Milliseconds
net.liftweb.util.TimeHelpers - Service request (GET) /api/games/55ceb17bd4c6e25ce850abdd returned 200, took 9 Milliseconds
net.liftweb.util.TimeHelpers - Service request (GET) /index returned 200, took 26 Milliseconds
net.liftweb.util.TimeHelpers - Service request (GET) /rules returned 200, took 25 Milliseconds
net.liftweb.util.TimeHelpers - Service request (GET) /index returned 200, took 21 Milliseconds
net.liftweb.util.TimeHelpers - Service request (GET) /index returned 200, took 18 Milliseconds
net.liftweb.util.TimeHelpers - Service request (GET) /index returned 200, took 18 Milliseconds
net.liftweb.util.TimeHelpers - Service request (GET) /index returned 200, took 20 Milliseconds
net.liftweb.util.TimeHelpers - Service request (GET) /index returned 200, took 17 Milliseconds
net.liftweb.util.TimeHelpers - Service request (GET) /index returned 200, took 16 Milliseconds
net.liftweb.util.TimeHelpers - Service request (GET) /index returned 200, took 17 Milliseconds
net.liftweb.util.TimeHelpers - Service request (GET) /index returned 200, took 16 Milliseconds
net.liftweb.util.TimeHelpers - Service request (GET) /index returned 200, took 20 Milliseconds
net.liftweb.util.TimeHelpers - Service request (GET) /rules returned 200, took 22 Milliseconds
net.liftweb.util.TimeHelpers - Service request (GET) /index returned 200, took 18 Milliseconds
net.liftweb.util.TimeHelpers - Service request (GET) /player returned 200, took 31 Milliseconds
net.liftweb.util.TimeHelpers - Service request (GET) /game returned 200, took 37 Milliseconds
net.liftweb.util.TimeHelpers - Service request (GET) /rules returned 200, took 22 Milliseconds
net.liftweb.util.TimeHelpers - Service request (GET) /index returned 200, took 17 Milliseconds
net.liftweb.util.TimeHelpers - Service request (GET) /rules returned 200, took 22 Milliseconds
net.liftweb.util.TimeHelpers - Service request (GET) /rules returned 200, took 35 Milliseconds
net.liftweb.util.TimeHelpers - Service request (GET) /rules returned 200, took 16 Milliseconds
net.liftweb.util.TimeHelpers - Service request (GET) /rules returned 200, took 18 Milliseconds
net.liftweb.util.TimeHelpers - Service request (GET) /rules returned 200, took 18 Milliseconds
net.liftweb.util.TimeHelpers - Service request (GET) /rules returned 200, took 16 Milliseconds
net.liftweb.util.TimeHelpers - Service request (GET) /rules returned 200, took 18 Milliseconds
net.liftweb.util.TimeHelpers - Service request (GET) /rules returned 200, took 16 Milliseconds
net.liftweb.util.TimeHelpers - Service request (GET) /rules returned 200, took 23 Milliseconds
net.liftweb.util.TimeHelpers - Service request (GET) /rules returned 200, took 18 Milliseconds
net.liftweb.util.TimeHelpers - Service request (GET) /rules returned 200, took 14 Milliseconds
net.liftweb.util.TimeHelpers - Service request (GET) /rules returned 200, took 15 Milliseconds
net.liftweb.util.TimeHelpers - Service request (GET) /rules returned 200, took 16 Milliseconds
net.liftweb.util.TimeHelpers - Service request (GET) /rules returned 200, took 18 Milliseconds
net.liftweb.util.TimeHelpers - Service request (GET) /rules returned 200, took 15 Milliseconds
net.liftweb.util.TimeHelpers - Service request (GET) /rules returned 200, took 15 Milliseconds
net.liftweb.util.TimeHelpers - Service request (GET) /rules returned 200, took 16 Milliseconds
net.liftweb.util.TimeHelpers - Service request (GET) /rules returned 200, took 17 Milliseconds
net.liftweb.util.TimeHelpers - Service request (GET) /rules returned 200, took 15 Milliseconds
net.liftweb.util.TimeHelpers - Service request (GET) /rules returned 200, took 14 Milliseconds
net.liftweb.util.TimeHelpers - Service request (GET) /rules returned 200, took 16 Milliseconds
net.liftweb.util.TimeHelpers - Service request (GET) /rules returned 200, took 16 Milliseconds
net.liftweb.util.TimeHelpers - Service request (GET) /rules returned 200, took 14 Milliseconds
net.liftweb.util.TimeHelpers - Service request (GET) /rules returned 200, took 15 Milliseconds
net.liftweb.util.TimeHelpers - Service request (GET) /rules returned 200, took 15 Milliseconds
net.liftweb.util.TimeHelpers - Service request (GET) /rules returned 200, took 15 Milliseconds
net.liftweb.util.TimeHelpers - Service request (GET) /rules returned 200, took 16 Milliseconds
net.liftweb.util.TimeHelpers - Service request (GET) /index returned 200, took 17 Milliseconds
net.liftweb.util.TimeHelpers - Service request (GET) /rules returned 200, took 16 Milliseconds
net.liftweb.util.TimeHelpers - Service request (GET) /player returned 200, took 18 Milliseconds
net.liftweb.util.TimeHelpers - Service request (GET) /game returned 200, took 23 Milliseconds
net.liftweb.util.TimeHelpers - Service request (GET) /ranking returned 200, took 28 Milliseconds
net.liftweb.util.TimeHelpers - Service request (GET) /api/games/55ceb38cd4c6e25ce850abe1 returned 200, took 5 Milliseconds
net.liftweb.util.TimeHelpers - Service request (GET) /api/games/55c2d507cd6aa03672d81891 returned 200, took 13 Milliseconds
net.liftweb.util.TimeHelpers - Service request (GET) /index returned 200, took 14 Milliseconds
net.liftweb.util.TimeHelpers - Service request (GET) /rules returned 200, took 16 Milliseconds
net.liftweb.util.TimeHelpers - Service request (GET) /index returned 200, took 15 Milliseconds
net.liftweb.util.TimeHelpers - Service request (GET) /rules returned 200, took 16 Milliseconds
net.liftweb.util.TimeHelpers - Service request (GET) /player returned 200, took 18 Milliseconds
net.liftweb.util.TimeHelpers - Service request (GET) /rules returned 200, took 14 Milliseconds
net.liftweb.util.TimeHelpers - Service request (GET) /player returned 200, took 17 Milliseconds
net.liftweb.util.TimeHelpers - Service request (GET) /game returned 200, took 23 Milliseconds
net.liftweb.util.TimeHelpers - Service request (GET) /player returned 200, took 18 Milliseconds
net.liftweb.util.TimeHelpers - Service request (GET) /player returned 200, took 15 Milliseconds
net.liftweb.util.TimeHelpers - Service request (GET) /player returned 200, took 16 Milliseconds
net.liftweb.util.TimeHelpers - Service request (GET) /player returned 200, took 16 Milliseconds
net.liftweb.util.TimeHelpers - Service request (GET) /player returned 200, took 16 Milliseconds
net.liftweb.util.TimeHelpers - Service request (GET) /player returned 200, took 17 Milliseconds
net.liftweb.util.TimeHelpers - Service request (GET) /player returned 200, took 15 Milliseconds
net.liftweb.util.TimeHelpers - Service request (GET) /player returned 200, took 15 Milliseconds
net.liftweb.util.TimeHelpers - Service request (GET) /player returned 200, took 15 Milliseconds
net.liftweb.util.TimeHelpers - Service request (GET) /player returned 200, took 14 Milliseconds
net.liftweb.util.TimeHelpers - Service request (GET) /player returned 200, took 14 Milliseconds
net.liftweb.util.TimeHelpers - Service request (GET) /player returned 200, took 16 Milliseconds
net.liftweb.util.TimeHelpers - Service request (GET) /player returned 200, took 14 Milliseconds
net.liftweb.util.TimeHelpers - Service request (GET) /player returned 200, took 14 Milliseconds
net.liftweb.util.TimeHelpers - Service request (GET) /player returned 200, took 15 Milliseconds
net.liftweb.util.TimeHelpers - Service request (GET) /player returned 200, took 14 Milliseconds
net.liftweb.util.TimeHelpers - Service request (GET) /player returned 200, took 14 Milliseconds
net.liftweb.util.TimeHelpers - Service request (GET) /player returned 200, took 13 Milliseconds
net.liftweb.util.TimeHelpers - Service request (GET) /player returned 200, took 14 Milliseconds
net.liftweb.util.TimeHelpers - Service request (GET) /player returned 200, took 14 Milliseconds
net.liftweb.util.TimeHelpers - Service request (GET) /player returned 200, took 13 Milliseconds
net.liftweb.util.TimeHelpers - Service request (GET) /player returned 200, took 13 Milliseconds
net.liftweb.util.TimeHelpers - Service request (GET) /player returned 200, took 16 Milliseconds
net.liftweb.util.TimeHelpers - Service request (GET) /player returned 200, took 14 Milliseconds
net.liftweb.util.TimeHelpers - Service request (GET) /player returned 200, took 12 Milliseconds
net.liftweb.util.TimeHelpers - Service request (GET) /player returned 200, took 13 Milliseconds
net.liftweb.util.TimeHelpers - Service request (GET) /player returned 200, took 13 Milliseconds
net.liftweb.util.TimeHelpers - Service request (GET) /player returned 200, took 12 Milliseconds
net.liftweb.util.TimeHelpers - Service request (GET) /player returned 200, took 14 Milliseconds
net.liftweb.util.TimeHelpers - Service request (GET) /player returned 200, took 15 Milliseconds
net.liftweb.util.TimeHelpers - Service request (GET) /player returned 200, took 13 Milliseconds
net.liftweb.util.TimeHelpers - Service request (GET) /player returned 200, took 13 Milliseconds
net.liftweb.util.TimeHelpers - Service request (GET) /player returned 200, took 13 Milliseconds
net.liftweb.util.TimeHelpers - Service request (GET) /player returned 200, took 13 Milliseconds
net.liftweb.util.TimeHelpers - Service request (GET) /player returned 200, took 13 Milliseconds
net.liftweb.util.TimeHelpers - Service request (POST) /api/player returned 200, took 251 Milliseconds
net.liftweb.util.TimeHelpers - Service request (GET) /game returned 200, took 22 Milliseconds
net.liftweb.util.TimeHelpers - Service request (GET) /ranking returned 200, took 22 Milliseconds
