net.liftweb.util.TimeHelpers - Service request (POST) /api/reset-games returned 200, took 230 Milliseconds
net.liftweb.util.TimeHelpers - Service request (POST) /api/reset-players returned 200, took 55 Milliseconds
net.liftweb.util.TimeHelpers - Service request (GET) /ranking returned 200, took 348 Milliseconds
net.liftweb.util.TimeHelpers - Service request (GET) /game returned 200, took 62 Milliseconds
net.liftweb.util.TimeHelpers - Service request (POST) /api/game returned 200, took 69 Milliseconds
net.liftweb.util.TimeHelpers - Service request (POST) /api/game returned 200, took 14 Milliseconds
net.liftweb.util.TimeHelpers - Service request (POST) /api/game returned 200, took 23 Milliseconds
net.liftweb.util.TimeHelpers - Service request (GET) /ranking returned 200, took 66 Milliseconds
net.liftweb.util.TimeHelpers - Service request (GET) /game returned 200, took 43 Milliseconds
net.liftweb.util.TimeHelpers - Service request (POST) /api/game returned 200, took 11 Milliseconds
net.liftweb.util.TimeHelpers - Service request (GET) /ranking returned 200, took 44 Milliseconds
net.liftweb.util.TimeHelpers - Service request (GET) /game returned 200, took 34 Milliseconds
net.liftweb.util.TimeHelpers - Service request (POST) /api/game returned 200, took 10 Milliseconds
net.liftweb.util.TimeHelpers - Service request (GET) /ranking returned 200, took 37 Milliseconds
net.liftweb.util.TimeHelpers - Service request (GET) /game returned 200, took 29 Milliseconds
net.liftweb.util.TimeHelpers - Service request (POST) /api/game returned 200, took 10 Milliseconds
net.liftweb.util.TimeHelpers - Service request (POST) /api/game returned 200, took 39824 Milliseconds
net.liftweb.util.TimeHelpers - Service request (GET) /ranking returned 200, took 37 Milliseconds
net.liftweb.util.TimeHelpers - Service request (GET) /game returned 200, took 29 Milliseconds
net.liftweb.util.TimeHelpers - Service request (POST) /api/game returned 200, took 64647 Milliseconds
net.liftweb.util.TimeHelpers - Service request (GET) /ranking returned 200, took 38 Milliseconds
net.liftweb.util.TimeHelpers - Service request (GET) /game returned 200, took 31 Milliseconds
net.liftweb.util.TimeHelpers - Service request (POST) /api/game returned 200, took 57460 Milliseconds
net.liftweb.util.TimeHelpers - Service request (GET) /ranking returned 200, took 36 Milliseconds
net.liftweb.util.TimeHelpers - Service request (GET) /api/games/55cec36fd4c67265498db20d returned 200, took 17 Milliseconds
net.liftweb.util.TimeHelpers - Service request (GET) /api/games/55cec35cd4c67265498db20b returned 200, took 6 Milliseconds
net.liftweb.util.TimeHelpers - Service request (GET) /game returned 200, took 28 Milliseconds
net.liftweb.util.TimeHelpers - Service request (POST) /api/game returned 200, took 2812 Milliseconds
net.liftweb.util.TimeHelpers - Service request (GET) /ranking returned 200, took 36 Milliseconds
net.liftweb.util.TimeHelpers - Service request (GET) /game returned 200, took 30 Milliseconds
net.liftweb.util.TimeHelpers - Service request (POST) /api/game returned 200, took 2244 Milliseconds
net.liftweb.util.TimeHelpers - Service request (GET) /ranking returned 200, took 38 Milliseconds
net.liftweb.util.TimeHelpers - Service request (GET) /api/games/55cec35cd4c67265498db20b returned 200, took 9 Milliseconds
net.liftweb.util.TimeHelpers - Service request (GET) /game returned 200, took 29 Milliseconds
net.liftweb.util.TimeHelpers - Service request (POST) /api/game returned 200, took 24483 Milliseconds
net.liftweb.util.TimeHelpers - Service request (GET) /ranking returned 200, took 37 Milliseconds
net.liftweb.util.TimeHelpers - Service request (GET) /game returned 200, took 28 Milliseconds
net.liftweb.util.TimeHelpers - Service request (GET) /player returned 200, took 23 Milliseconds
net.liftweb.util.TimeHelpers - Service request (POST) /api/reset-games returned 200, took 16 Milliseconds
net.liftweb.util.TimeHelpers - Service request (POST) /api/reset-players returned 200, took 17 Milliseconds
net.liftweb.util.TimeHelpers - Service request (GET) /ranking returned 200, took 29 Milliseconds
net.liftweb.util.TimeHelpers - Service request (GET) /game returned 200, took 26 Milliseconds
net.liftweb.util.TimeHelpers - Service request (POST) /api/game returned 200, took 10 Milliseconds
net.liftweb.util.TimeHelpers - Service request (POST) /api/game returned 200, took 10 Milliseconds
net.liftweb.util.TimeHelpers - Service request (GET) /api/games returned 200, took 11770 Milliseconds
net.liftweb.util.TimeHelpers - Service request (POST) /api/game returned 200, took 108131 Milliseconds
