net.liftweb.util.TimeHelpers - Service request (POST) /ajax_request/F1336177912649W5CX5H/ returned 200, took 59 Milliseconds
net.liftweb.util.TimeHelpers - Service request (GET) /deal/55c3d2d2e4b0e82e7f5ec613 returned 404, took 93 Milliseconds
net.liftweb.util.TimeHelpers - Service request (GET) / returned 200, took 252 Milliseconds
net.liftweb.util.TimeHelpers - Service request (GET) /game returned 200, took 170 Milliseconds
net.liftweb.util.TimeHelpers - Service request (GET) /player returned 200, took 36 Milliseconds
net.liftweb.util.TimeHelpers - Service request (POST) /api/player returned 200, took 288 Milliseconds
net.liftweb.util.TimeHelpers - Service request (GET) /game returned 200, took 51 Milliseconds
net.liftweb.util.TimeHelpers - Service request (GET) /ranking returned 200, took 102 Milliseconds
net.liftweb.util.TimeHelpers - Service request (GET) /api/games/55d1e65ca7c894cc2c2a7769 returned 200, took 29 Milliseconds
net.liftweb.util.TimeHelpers - Service request (GET) /api/games/55d27e87d4c6b2efaf5760a5 returned 200, took 9 Milliseconds
net.liftweb.util.TimeHelpers - Service request (GET) /api/games/55cec375d4c67265498db20e returned 200, took 20 Milliseconds
net.liftweb.util.TimeHelpers - Service request (GET) /player returned 200, took 25 Milliseconds
net.liftweb.util.TimeHelpers - Service request (GET) /rules returned 200, took 22 Milliseconds
net.liftweb.util.TimeHelpers - Service request (GET) /player returned 200, took 23 Milliseconds
net.liftweb.util.TimeHelpers - Service request (GET) /game returned 200, took 37 Milliseconds
net.liftweb.util.TimeHelpers - Service request (POST) /api/game returned 200, took 60 Milliseconds
net.liftweb.util.TimeHelpers - Service request (GET) /ranking returned 200, took 54 Milliseconds
net.liftweb.util.TimeHelpers - Service request (GET) /api/games/55d27e87d4c6b2efaf5760a5 returned 200, took 7 Milliseconds
net.liftweb.util.TimeHelpers - Service request (GET) /player returned 200, took 24 Milliseconds
net.liftweb.util.TimeHelpers - Service request (GET) /game returned 200, took 32 Milliseconds
net.liftweb.util.TimeHelpers - Service request (POST) /api/game returned 200, took 15 Milliseconds
net.liftweb.util.TimeHelpers - Service request (GET) /ranking returned 200, took 46 Milliseconds
net.liftweb.util.TimeHelpers - Service request (GET) /game returned 200, took 31 Milliseconds
net.liftweb.util.TimeHelpers - Service request (POST) /api/game returned 200, took 11 Milliseconds
net.liftweb.util.TimeHelpers - Service request (GET) /ranking returned 200, took 41 Milliseconds
net.liftweb.util.TimeHelpers - Service request (GET) /api/games/55d27e87d4c6b2efaf5760a5 returned 200, took 9 Milliseconds
net.liftweb.util.TimeHelpers - Service request (GET) /rules returned 200, took 18 Milliseconds
net.liftweb.util.TimeHelpers - Service request (POST) /api/divide-score returned 200, took 19 Milliseconds
net.liftweb.util.TimeHelpers - Service request (GET) /ranking returned 200, took 40 Milliseconds
net.liftweb.util.TimeHelpers - Service request (GET) /api/games/55d27e87d4c6b2efaf5760a5 returned 200, took 9 Milliseconds
net.liftweb.util.TimeHelpers - Service request (GET) /api/games/55cec35cd4c67265498db20b returned 200, took 30 Milliseconds
net.liftweb.util.TimeHelpers - Service request (GET) /game returned 200, took 28 Milliseconds
net.liftweb.util.TimeHelpers - Service request (GET) /player returned 200, took 19 Milliseconds
net.liftweb.util.TimeHelpers - Service request (GET) /rules returned 200, took 15 Milliseconds
net.liftweb.util.TimeHelpers - Service request (GET) /index returned 200, took 15 Milliseconds
net.liftweb.util.TimeHelpers - Service request (GET) /ranking returned 200, took 35 Milliseconds
net.liftweb.util.TimeHelpers - Service request (GET) /game returned 200, took 26 Milliseconds
net.liftweb.util.TimeHelpers - Service request (POST) /api/game returned 200, took 13 Milliseconds
net.liftweb.util.TimeHelpers - Service request (GET) /ranking returned 200, took 33 Milliseconds
net.liftweb.util.TimeHelpers - Service request (GET) /api/games/55cec36fd4c67265498db20d returned 200, took 13 Milliseconds
net.liftweb.http.SessionMaster -  Session gt3wio4pxrs11r31aiqhxud8c expired
