net.liftweb.util.TimeHelpers - Service request (GET) /players returned 404, took 128 Milliseconds
net.liftweb.util.TimeHelpers - Service request (GET) /players returned 404, took 7 Milliseconds
net.liftweb.util.TimeHelpers - Service request (GET) /games returned 404, took 6 Milliseconds
net.liftweb.util.TimeHelpers - Service request (GET) /api/players returned 200, took 94 Milliseconds
net.liftweb.util.TimeHelpers - Service request (GET) /api/games returned 200, took 24 Milliseconds
net.liftweb.util.TimeHelpers - Service request (GET) /api/players returned 200, took 10 Milliseconds
net.liftweb.util.TimeHelpers - Service request (GET) /api/players returned 200, took 8 Milliseconds
net.liftweb.http.LiftRules - Snippet Failure: SnippetFailure(/player -> ParsePath(List(player),,true,false),Full(RankingSnippet.render),Class Not Found)
net.liftweb.util.TimeHelpers - Service request (POST) /player returned 200, took 259 Milliseconds
net.liftweb.util.TimeHelpers - Service request (GET) /api/players returned 200, took 7 Milliseconds
net.liftweb.util.TimeHelpers - Service request (POST) /api/player returned 200, took 260 Milliseconds
net.liftweb.util.TimeHelpers - Service request (GET) /api/players returned 200, took 7 Milliseconds
net.liftweb.util.TimeHelpers - Service request (GET) /api/players returned 200, took 7 Milliseconds
net.liftweb.util.TimeHelpers - Service request (GET) /api/players returned 200, took 8 Milliseconds
net.liftweb.util.TimeHelpers - Service request (POST) /api/player returned 200, took 7 Milliseconds
net.liftweb.util.TimeHelpers - Service request (GET) /api/players returned 200, took 8 Milliseconds
net.liftweb.util.TimeHelpers - Service request (POST) /game returned 404, took 13 Milliseconds
net.liftweb.util.TimeHelpers - Service request (POST) /api/game returned 200, took 55 Milliseconds
net.liftweb.util.TimeHelpers - Service request (GET) /api/games returned 200, took 8 Milliseconds
net.liftweb.util.TimeHelpers - Service request (GET) / returned 200, took 24 Milliseconds
net.liftweb.util.TimeHelpers - Service request (GET) /rules returned 200, took 28 Milliseconds
