net.liftweb.util.TimeHelpers - Service request (POST) /api/reset-players returned 200, took 247 Milliseconds
net.liftweb.util.TimeHelpers - Service request (POST) /api/reset-games returned 200, took 35 Milliseconds
net.liftweb.util.TimeHelpers - Service request (GET) /ranking returned 200, took 354 Milliseconds
net.liftweb.util.TimeHelpers - Service request (GET) /jquery.loadmask.css returned 404, took 8 Milliseconds
net.liftweb.util.TimeHelpers - Service request (GET) /jquery.loadmask.min.js returned 404, took 9 Milliseconds
net.liftweb.util.TimeHelpers - Service request (GET) /ranking returned 200, took 68 Milliseconds
net.liftweb.util.TimeHelpers - Service request (GET) /jquery.loadmask.css returned 404, took 4 Milliseconds
net.liftweb.util.TimeHelpers - Service request (GET) /jquery.loadmask.min.js returned 404, took 4 Milliseconds
net.liftweb.util.TimeHelpers - Service request (GET) /game returned 200, took 55 Milliseconds
net.liftweb.util.TimeHelpers - Service request (GET) /jquery.loadmask.min.js returned 404, took 5 Milliseconds
net.liftweb.util.TimeHelpers - Service request (GET) /jquery.loadmask.css returned 404, took 5 Milliseconds
net.liftweb.util.TimeHelpers - Service request (POST) /api/game returned 200, took 76 Milliseconds
net.liftweb.util.TimeHelpers - Service request (GET) /ranking returned 200, took 50 Milliseconds
net.liftweb.util.TimeHelpers - Service request (GET) /jquery.loadmask.min.js returned 404, took 5 Milliseconds
net.liftweb.util.TimeHelpers - Service request (GET) /jquery.loadmask.css returned 404, took 5 Milliseconds
net.liftweb.util.TimeHelpers - Service request (POST) /api/reset-games returned 200, took 8 Milliseconds
net.liftweb.util.TimeHelpers - Service request (POST) /api/reset-players returned 200, took 17 Milliseconds
net.liftweb.util.TimeHelpers - Service request (GET) /ranking returned 200, took 46 Milliseconds
net.liftweb.util.TimeHelpers - Service request (GET) /jquery.loadmask.css returned 404, took 4 Milliseconds
net.liftweb.util.TimeHelpers - Service request (GET) /jquery.loadmask.min.js returned 404, took 4 Milliseconds
net.liftweb.util.TimeHelpers - Service request (GET) /ranking returned 200, took 48 Milliseconds
net.liftweb.util.TimeHelpers - Service request (GET) /jquery.loadmask.css returned 404, took 3 Milliseconds
net.liftweb.util.TimeHelpers - Service request (GET) /jquery.loadmask.min.js returned 404, took 3 Milliseconds
net.liftweb.util.TimeHelpers - Service request (GET) /game returned 200, took 36 Milliseconds
net.liftweb.util.TimeHelpers - Service request (GET) /jquery.loadmask.css returned 404, took 4 Milliseconds
net.liftweb.util.TimeHelpers - Service request (GET) /jquery.loadmask.min.js returned 404, took 4 Milliseconds
net.liftweb.util.TimeHelpers - Service request (POST) /api/game returned 200, took 69216 Milliseconds
net.liftweb.util.TimeHelpers - Service request (POST) /api/reset-players returned 200, took 14 Milliseconds
net.liftweb.util.TimeHelpers - Service request (POST) /api/reset-games returned 200, took 5 Milliseconds
