net.liftweb.util.TimeHelpers - Service request (GET) / returned 200, took 369 Milliseconds
net.liftweb.util.TimeHelpers - Service request (GET) /game returned 200, took 153 Milliseconds
net.liftweb.util.TimeHelpers - Service request (GET) /api/ranking returned 200, took 82 Milliseconds
net.liftweb.util.TimeHelpers - Service request (POST) /api/game returned 200, took 88 Milliseconds
net.liftweb.util.TimeHelpers - Service request (GET) /api/ranking returned 200, took 12 Milliseconds
net.liftweb.util.TimeHelpers - Service request (GET) /ranking returned 200, took 31 Milliseconds
net.liftweb.util.TimeHelpers - Service request (GET) /rules returned 200, took 32 Milliseconds
net.liftweb.util.TimeHelpers - Service request (GET) /game returned 200, took 42 Milliseconds
net.liftweb.http.SessionMaster -  Session 1qljhf2k32ffa1hro1zsusqmog expired
net.liftweb.util.TimeHelpers - Service request (GET) /game returned 200, took 49 Milliseconds
net.liftweb.util.TimeHelpers - Service request (GET) /ranking returned 200, took 26 Milliseconds
net.liftweb.util.TimeHelpers - Service request (GET) /game returned 200, took 36 Milliseconds
net.liftweb.util.TimeHelpers - Service request (GET) /ranking returned 200, took 26 Milliseconds
net.liftweb.util.TimeHelpers - Service request (GET) /api/ranking returned 200, took 8 Milliseconds
net.liftweb.util.TimeHelpers - Service request (GET) /game returned 200, took 36 Milliseconds
net.liftweb.util.TimeHelpers - Service request (POST) /api/game returned 200, took 16 Milliseconds
net.liftweb.util.TimeHelpers - Service request (GET) /api/ranking returned 200, took 9 Milliseconds
net.liftweb.util.TimeHelpers - Service request (GET) /ranking returned 200, took 23 Milliseconds
net.liftweb.util.TimeHelpers - Service request (GET) /game returned 200, took 33 Milliseconds
net.liftweb.util.TimeHelpers - Service request (POST) /api/game returned 200, took 27 Milliseconds
net.liftweb.util.TimeHelpers - Service request (GET) /ranking returned 200, took 22 Milliseconds
net.liftweb.util.TimeHelpers - Service request (GET) /api/ranking returned 200, took 9 Milliseconds
net.liftweb.util.TimeHelpers - Service request (GET) /player returned 200, took 25 Milliseconds
net.liftweb.util.TimeHelpers - Service request (GET) /api/players returned 200, took 14 Milliseconds
net.liftweb.util.TimeHelpers - Service request (GET) /api/games returned 200, took 11 Milliseconds
net.liftweb.util.TimeHelpers - Service request (GET) /game returned 200, took 30 Milliseconds
net.liftweb.util.TimeHelpers - Service request (GET) /rules returned 200, took 21 Milliseconds
net.liftweb.util.TimeHelpers - Service request (GET) /player returned 200, took 19 Milliseconds
net.liftweb.util.TimeHelpers - Service request (GET) /game returned 200, took 26 Milliseconds
net.liftweb.util.TimeHelpers - Service request (GET) /rules returned 200, took 18 Milliseconds
net.liftweb.util.TimeHelpers - Service request (GET) /index returned 200, took 21 Milliseconds
net.liftweb.util.TimeHelpers - Service request (GET) /rules returned 200, took 20 Milliseconds
net.liftweb.util.TimeHelpers - Service request (GET) /index returned 200, took 20 Milliseconds
net.liftweb.util.TimeHelpers - Service request (GET) /rules returned 200, took 21 Milliseconds
net.liftweb.util.TimeHelpers - Service request (GET) /player returned 200, took 19 Milliseconds
net.liftweb.util.TimeHelpers - Service request (GET) /game returned 200, took 26 Milliseconds
net.liftweb.util.TimeHelpers - Service request (GET) /ranking returned 200, took 20 Milliseconds
net.liftweb.util.TimeHelpers - Service request (GET) /game returned 200, took 25 Milliseconds
net.liftweb.util.TimeHelpers - Service request (POST) /api/game returned 200, took 16 Milliseconds
net.liftweb.util.TimeHelpers - Service request (GET) /api/games returned 200, took 8 Milliseconds
net.liftweb.util.TimeHelpers - Service request (GET) /api/ranking returned 200, took 7 Milliseconds
net.liftweb.util.TimeHelpers - Service request (POST) /api/game returned 200, took 6 Milliseconds
net.liftweb.util.TimeHelpers - Service request (GET) /api/ranking returned 200, took 9 Milliseconds
net.liftweb.util.TimeHelpers - Service request (GET) /api/ranking returned 200, took 6 Milliseconds
net.liftweb.util.TimeHelpers - Service request (POST) /api/game returned 200, took 7 Milliseconds
net.liftweb.util.TimeHelpers - Service request (GET) /api/ranking returned 200, took 8 Milliseconds
net.liftweb.util.TimeHelpers - Service request (GET) /api/ranking returned 200, took 8 Milliseconds
net.liftweb.util.TimeHelpers - Service request (GET) /api/ranking returned 200, took 7 Milliseconds
net.liftweb.util.TimeHelpers - Service request (GET) /api/ranking returned 200, took 8 Milliseconds
net.liftweb.util.TimeHelpers - Service request (GET) /api/ranking returned 200, took 7 Milliseconds
