net.liftweb.util.TimeHelpers - Service request (GET) /ranking returned 200, took 549 Milliseconds
net.liftweb.util.TimeHelpers - Service request (GET) /ranking returned 200, took 62 Milliseconds
net.liftweb.util.TimeHelpers - Service request (GET) /api/games/55cec387d4c67265498db210 returned 200, took 63 Milliseconds
net.liftweb.util.TimeHelpers - Service request (GET) /api/games/55cec35cd4c67265498db20b returned 200, took 20 Milliseconds
net.liftweb.util.TimeHelpers - Service request (GET) /api/games/55cec4c1d4c67265498db215 returned 200, took 16 Milliseconds
net.liftweb.util.TimeHelpers - Service request (GET) /player returned 200, took 40 Milliseconds
net.liftweb.util.TimeHelpers - Service request (GET) /game returned 200, took 50 Milliseconds
net.liftweb.util.TimeHelpers - Service request (GET) /rules returned 200, took 27 Milliseconds
net.liftweb.util.TimeHelpers - Service request (GET) /player returned 200, took 28 Milliseconds
net.liftweb.util.TimeHelpers - Service request (GET) /game returned 200, took 34 Milliseconds
net.liftweb.util.TimeHelpers - Service request (GET) /ranking returned 200, took 43 Milliseconds
net.liftweb.util.TimeHelpers - Service request (GET) /game returned 200, took 32 Milliseconds
net.liftweb.util.TimeHelpers - Service request (POST) /api/game returned 200, took 77 Milliseconds
net.liftweb.util.TimeHelpers - Service request (GET) /ranking returned 200, took 40 Milliseconds
net.liftweb.util.TimeHelpers - Service request (GET) /api/games/55cec390d4c67265498db211 returned 200, took 9 Milliseconds
net.liftweb.util.TimeHelpers - Service request (GET) /game returned 200, took 33 Milliseconds
net.liftweb.util.TimeHelpers - Service request (GET) /ranking returned 200, took 37 Milliseconds
net.liftweb.util.TimeHelpers - Service request (GET) /api/games/55cec390d4c67265498db211 returned 200, took 10 Milliseconds
net.liftweb.util.TimeHelpers - Service request (GET) /game returned 200, took 27 Milliseconds
net.liftweb.util.TimeHelpers - Service request (POST) /api/game returned 200, took 14 Milliseconds
net.liftweb.util.TimeHelpers - Service request (GET) /ranking returned 200, took 37 Milliseconds
net.liftweb.util.TimeHelpers - Service request (GET) /api/games/55cec390d4c67265498db211 returned 200, took 11 Milliseconds
net.liftweb.util.TimeHelpers - Service request (GET) /api/games/55cec366d4c67265498db20c returned 200, took 11 Milliseconds
net.liftweb.util.TimeHelpers - Service request (GET) /api/games/55cec366d4c67265498db20c returned 200, took 11 Milliseconds
net.liftweb.util.TimeHelpers - Service request (GET) /api/games/55cec390d4c67265498db211 returned 200, took 11 Milliseconds
net.liftweb.util.TimeHelpers - Service request (GET) /api/games/55cec387d4c67265498db210 returned 200, took 11 Milliseconds
net.liftweb.util.TimeHelpers - Service request (GET) /api/games/55cec36fd4c67265498db20d returned 200, took 12 Milliseconds
net.liftweb.util.TimeHelpers - Service request (GET) /game returned 200, took 28 Milliseconds
net.liftweb.util.TimeHelpers - Service request (GET) /player returned 200, took 22 Milliseconds
net.liftweb.util.TimeHelpers - Service request (POST) /api/player returned 200, took 234 Milliseconds
net.liftweb.util.TimeHelpers - Service request (GET) /game returned 200, took 28 Milliseconds
net.liftweb.util.TimeHelpers - Service request (GET) /ranking returned 200, took 33 Milliseconds
net.liftweb.util.TimeHelpers - Service request (GET) /game returned 200, took 25 Milliseconds
net.liftweb.util.TimeHelpers - Service request (POST) /api/game returned 200, took 13 Milliseconds
net.liftweb.util.TimeHelpers - Service request (POST) /api/game returned 200, took 19 Milliseconds
net.liftweb.util.TimeHelpers - Service request (GET) /ranking returned 200, took 30 Milliseconds
net.liftweb.util.TimeHelpers - Service request (GET) /api/games/55d0198ad4c66220111e675b returned 200, took 6 Milliseconds
net.liftweb.util.TimeHelpers - Service request (GET) /game returned 200, took 24 Milliseconds
net.liftweb.util.TimeHelpers - Service request (GET) /index returned 200, took 17 Milliseconds
net.liftweb.util.TimeHelpers - Service request (GET) /rules returned 200, took 17 Milliseconds
net.liftweb.util.TimeHelpers - Service request (GET) /player returned 200, took 19 Milliseconds
net.liftweb.util.TimeHelpers - Service request (GET) /rules returned 200, took 17 Milliseconds
net.liftweb.util.TimeHelpers - Service request (GET) /player returned 200, took 17 Milliseconds
net.liftweb.util.TimeHelpers - Service request (GET) /game returned 200, took 24 Milliseconds
net.liftweb.util.TimeHelpers - Service request (GET) /ranking returned 200, took 29 Milliseconds
net.liftweb.util.TimeHelpers - Service request (GET) /ranking returned 200, took 27 Milliseconds
net.liftweb.util.TimeHelpers - Service request (GET) /player returned 200, took 20 Milliseconds
net.liftweb.util.TimeHelpers - Service request (GET) /player returned 200, took 16 Milliseconds
net.liftweb.util.TimeHelpers - Service request (POST) /api/player returned 200, took 4 Milliseconds
net.liftweb.util.TimeHelpers - Service request (GET) /game returned 200, took 24 Milliseconds
net.liftweb.util.TimeHelpers - Service request (GET) /ranking returned 200, took 30 Milliseconds
net.liftweb.util.TimeHelpers - Service request (GET) /api/games/55cec387d4c67265498db210 returned 200, took 9 Milliseconds
net.liftweb.util.TimeHelpers - Service request (GET) /api/games/55cec35cd4c67265498db20b returned 200, took 12 Milliseconds
net.liftweb.util.TimeHelpers - Service request (GET) /api/games/55cec35cd4c67265498db20b returned 200, took 12 Milliseconds
net.liftweb.util.TimeHelpers - Service request (GET) /api/games/55cec366d4c67265498db20c returned 200, took 7 Milliseconds
net.liftweb.util.TimeHelpers - Service request (GET) /api/games/55cec375d4c67265498db20e returned 200, took 10 Milliseconds
