net.liftweb.util.TimeHelpers - Service request (GET) / returned 200, took 412 Milliseconds
net.liftweb.util.TimeHelpers - Service request (GET) /favicon.ico returned 404, took 11 Milliseconds
net.liftweb.util.TimeHelpers - Service request (GET) / returned 200, took 30 Milliseconds
net.liftweb.util.TimeHelpers - Service request (GET) / returned 200, took 30 Milliseconds
net.liftweb.util.TimeHelpers - Service request (GET) / returned 200, took 26 Milliseconds
net.liftweb.util.TimeHelpers - Service request (GET) / returned 200, took 25 Milliseconds
net.liftweb.util.TimeHelpers - Service request (GET) / returned 200, took 23 Milliseconds
net.liftweb.util.TimeHelpers - Service request (GET) / returned 200, took 23 Milliseconds
net.liftweb.util.TimeHelpers - Service request (GET) /index returned 200, took 29 Milliseconds
net.liftweb.util.TimeHelpers - Service request (GET) /rules returned 200, took 30 Milliseconds
net.liftweb.util.TimeHelpers - Service request (GET) /player returned 200, took 60 Milliseconds
net.liftweb.http.LiftRules - Exception being returned to browser when processing /game: Message: java.lang.reflect.InvocationTargetException
	sun.reflect.NativeConstructorAccessorImpl.newInstance0(Native Method)
	sun.reflect.NativeConstructorAccessorImpl.newInstance(NativeConstructorAccessorImpl.java:39)
	sun.reflect.DelegatingConstructorAccessorImpl.newInstance(DelegatingConstructorAccessorImpl.java:27)
	java.lang.reflect.Constructor.newInstance(Constructor.java:513)
	net.liftweb.http.UnitConstructor.makeOne(Templates.scala:360)
	net.liftweb.http.LiftSession$$anonfun$constructFrom$1.apply(LiftSession.scala:140)
	net.liftweb.http.LiftSession$$anonfun$constructFrom$1.apply(LiftSession.scala:139)
	net.liftweb.common.Full.map(Box.scala:491)
	net.liftweb.http.LiftSession$.constructFrom(LiftSession.scala:139)
	net.liftweb.http.LiftSession.net$liftweb$http$LiftSession$$instantiateOrRedirect(LiftSession.scala:1260)
	net.liftweb.http.LiftSession$$anonfun$net$liftweb$http$LiftSession$$findSnippetInstance$1$$anonfun$apply$64$$anonfun$apply$65.apply(LiftSession.scala:1390)
	net.liftweb.http.LiftSession$$anonfun$net$liftweb$http$LiftSession$$findSnippetInstance$1$$anonfun$apply$64$$anonfun$apply$65.apply(LiftSession.scala:1390)
	net.liftweb.common.Full.flatMap(Box.scala:493)
	net.liftweb.http.LiftSession$$anonfun$net$liftweb$http$LiftSession$$findSnippetInstance$1$$anonfun$apply$64.apply(LiftSession.scala:1390)
	net.liftweb.http.LiftSession$$anonfun$net$liftweb$http$LiftSession$$findSnippetInstance$1$$anonfun$apply$64.apply(LiftSession.scala:1390)
	net.liftweb.common.EmptyBox.or(Box.scala:576)
	net.liftweb.http.LiftSession$$anonfun$net$liftweb$http$LiftSession$$findSnippetInstance$1.apply(LiftSession.scala:1389)
	net.liftweb.http.LiftSession$$anonfun$net$liftweb$http$LiftSession$$findSnippetInstance$1.apply(LiftSession.scala:1389)
	net.liftweb.common.EmptyBox.or(Box.scala:576)
	net.liftweb.http.LiftSession.net$liftweb$http$LiftSession$$findSnippetInstance(LiftSession.scala:1388)
	net.liftweb.http.LiftSession$$anonfun$locateAndCacheSnippet$1$1$$anonfun$apply$78.apply(LiftSession.scala:1543)
	net.liftweb.http.LiftSession$$anonfun$locateAndCacheSnippet$1$1$$anonfun$apply$78.apply(LiftSession.scala:1542)
	scala.Function1$$anonfun$andThen$1.apply(Function1.scala:49)
	scala.collection.immutable.Stream.flatMap(Stream.scala:213)
	net.liftweb.util.ListHelpers$class.first(ListHelpers.scala:137)
	net.liftweb.util.Helpers$.first(Helpers.scala:34)
	net.liftweb.http.LiftSession$$anonfun$locateAndCacheSnippet$1$1.apply(LiftSession.scala:1541)
	net.liftweb.http.LiftSession$$anonfun$locateAndCacheSnippet$1$1.apply(LiftSession.scala:1541)
	net.liftweb.common.EmptyBox.or(Box.scala:576)
	net.liftweb.http.LiftSession.locateAndCacheSnippet$1(LiftSession.scala:1540)
	net.liftweb.http.LiftSession$$anonfun$27$$anonfun$apply$80$$anonfun$apply$83$$anonfun$apply$85.apply(LiftSession.scala:1558)
	net.liftweb.http.LiftSession$$anonfun$27$$anonfun$apply$80$$anonfun$apply$83$$anonfun$apply$85.apply(LiftSession.scala:1556)
	net.liftweb.common.EmptyBox.openOr(Box.scala:574)
	net.liftweb.http.LiftSession$$anonfun$27$$anonfun$apply$80$$anonfun$apply$83.apply(LiftSession.scala:1556)
	net.liftweb.http.LiftSession$$anonfun$27$$anonfun$apply$80$$anonfun$apply$83.apply(LiftSession.scala:1556)
	net.liftweb.common.EmptyBox.openOr(Box.scala:574)
	net.liftweb.http.LiftSession$$anonfun$27$$anonfun$apply$80.apply(LiftSession.scala:1555)
	net.liftweb.http.LiftSession$$anonfun$27$$anonfun$apply$80.apply(LiftSession.scala:1555)
	net.liftweb.http.S$class.doSnippet(S.scala:2228)
	net.liftweb.http.S$.doSnippet(S.scala:48)
	net.liftweb.http.LiftSession$$anonfun$27.apply(LiftSession.scala:1553)
	net.liftweb.http.LiftSession$$anonfun$27.apply(LiftSession.scala:1552)
	net.liftweb.common.Full.map(Box.scala:491)
	net.liftweb.http.LiftSession.net$liftweb$http$LiftSession$$processSnippet(LiftSession.scala:1552)
	net.liftweb.http.LiftSession$$anonfun$_defaultLiftTagProcessing$1.apply(LiftSession.scala:1778)
	net.liftweb.http.LiftSession$$anonfun$_defaultLiftTagProcessing$1.apply(LiftSession.scala:1766)
	net.liftweb.util.NamedPF.apply(NamedPartialFunction.scala:36)
	net.liftweb.util.NamedPF$.apply(NamedPartialFunction.scala:82)
	net.liftweb.http.LiftSession$$anonfun$processSurroundAndInclude$1$$anonfun$apply$92$$anonfun$apply$93$$anonfun$apply$94.apply(LiftSession.scala:1869)
	net.liftweb.http.LiftSession$$anonfun$processSurroundAndInclude$1$$anonfun$apply$92$$anonfun$apply$93$$anonfun$apply$94.apply(LiftSession.scala:1868)
	net.liftweb.util.ThreadGlobal.doWith(ThreadGlobal.scala:71)
	net.liftweb.http.S$class.withAttrs(S.scala:2018)
	net.liftweb.http.S$.withAttrs(S.scala:48)
	net.liftweb.http.LiftSession$$anonfun$processSurroundAndInclude$1$$anonfun$apply$92$$anonfun$apply$93.apply(LiftSession.scala:1867)
	net.liftweb.http.LiftSession$$anonfun$processSurroundAndInclude$1$$anonfun$apply$92$$anonfun$apply$93.apply(LiftSession.scala:1867)
	net.liftweb.http.S$class.doSnippet(S.scala:2228)
	net.liftweb.http.S$.doSnippet(S.scala:48)
	net.liftweb.http.LiftSession$$anonfun$processSurroundAndInclude$1$$anonfun$apply$92.apply(LiftSession.scala:1866)
	net.liftweb.http.LiftSession$$anonfun$processSurroundAndInclude$1$$anonfun$apply$92.apply(LiftSession.scala:1866)
	net.liftweb.http.LiftSession.net$liftweb$http$LiftSession$$processOrDefer(LiftSession.scala:1853)
	net.liftweb.http.LiftSession$$anonfun$processSurroundAndInclude$1.apply(LiftSession.scala:1865)
	net.liftweb.http.LiftSession$$anonfun$processSurroundAndInclude$1.apply(LiftSession.scala:1860)
	scala.collection.TraversableLike$$anonfun$flatMap$1.apply(TraversableLike.scala:200)
	scala.collection.TraversableLike$$anonfun$flatMap$1.apply(TraversableLike.scala:200)
	scala.collection.Iterator$class.foreach(Iterator.scala:660)
	scala.collection.LinearSeqLike$$anon$1.foreach(LinearSeqLike.scala:50)
	scala.collection.IterableLike$class.foreach(IterableLike.scala:73)
	scala.xml.NodeSeq.foreach(NodeSeq.scala:43)
	scala.collection.TraversableLike$class.flatMap(TraversableLike.scala:200)
	scala.xml.NodeSeq.flatMap(NodeSeq.scala:43)
	net.liftweb.http.LiftSession.processSurroundAndInclude(LiftSession.scala:1860)
	net.liftweb.builtin.snippet.Surround$$anonfun$render$1$$anonfun$apply$2$$anonfun$apply$3.apply(Surround.scala:40)
	net.liftweb.builtin.snippet.Surround$$anonfun$render$1$$anonfun$apply$2$$anonfun$apply$3.apply(Surround.scala:39)
	net.liftweb.util.AnyVarTrait$class.doWith(AnyVar.scala:233)
	net.liftweb.util.AnyVar.doWith(AnyVar.scala:89)
	net.liftweb.builtin.snippet.Surround$$anonfun$render$1$$anonfun$apply$2.apply(Surround.scala:39)
	net.liftweb.builtin.snippet.Surround$$anonfun$render$1$$anonfun$apply$2.apply(Surround.scala:37)
	net.liftweb.common.Full.map(Box.scala:491)
	net.liftweb.builtin.snippet.Surround$$anonfun$render$1.apply(Surround.scala:37)
	net.liftweb.builtin.snippet.Surround$$anonfun$render$1.apply(Surround.scala:36)
	net.liftweb.common.Full.flatMap(Box.scala:493)
	net.liftweb.builtin.snippet.Surround$.render(Surround.scala:36)
	net.liftweb.builtin.snippet.Surround$$anonfun$dispatch$1$$anonfun$apply$1.apply(Surround.scala:31)
	net.liftweb.builtin.snippet.Surround$$anonfun$dispatch$1$$anonfun$apply$1.apply(Surround.scala:31)
	net.liftweb.http.LiftSession$$anonfun$27$$anonfun$apply$80$$anonfun$apply$83$$anonfun$apply$85.apply(LiftSession.scala:1584)
	net.liftweb.http.LiftSession$$anonfun$27$$anonfun$apply$80$$anonfun$apply$83$$anonfun$apply$85.apply(LiftSession.scala:1556)
	net.liftweb.common.EmptyBox.openOr(Box.scala:574)
	net.liftweb.http.LiftSession$$anonfun$27$$anonfun$apply$80$$anonfun$apply$83.apply(LiftSession.scala:1556)
	net.liftweb.http.LiftSession$$anonfun$27$$anonfun$apply$80$$anonfun$apply$83.apply(LiftSession.scala:1556)
	net.liftweb.common.EmptyBox.openOr(Box.scala:574)
	net.liftweb.http.LiftSession$$anonfun$27$$anonfun$apply$80.apply(LiftSession.scala:1555)
	net.liftweb.http.LiftSession$$anonfun$27$$anonfun$apply$80.apply(LiftSession.scala:1555)
	net.liftweb.http.S$class.doSnippet(S.scala:2228)
	net.liftweb.http.S$.doSnippet(S.scala:48)
	net.liftweb.http.LiftSession$$anonfun$27.apply(LiftSession.scala:1553)
	net.liftweb.http.LiftSession$$anonfun$27.apply(LiftSession.scala:1552)
	net.liftweb.common.Full.map(Box.scala:491)
	net.liftweb.http.LiftSession.net$liftweb$http$LiftSession$$processSnippet(LiftSession.scala:1552)
	net.liftweb.http.LiftSession$$anonfun$_defaultLiftTagProcessing$1.apply(LiftSession.scala:1778)
	net.liftweb.http.LiftSession$$anonfun$_defaultLiftTagProcessing$1.apply(LiftSession.scala:1766)
	net.liftweb.util.NamedPF.apply(NamedPartialFunction.scala:36)
	net.liftweb.util.NamedPF$.apply(NamedPartialFunction.scala:82)
	net.liftweb.http.LiftSession$$anonfun$processSurroundAndInclude$1$$anonfun$apply$92$$anonfun$apply$93$$anonfun$apply$94.apply(LiftSession.scala:1869)
	net.liftweb.http.LiftSession$$anonfun$processSurroundAndInclude$1$$anonfun$apply$92$$anonfun$apply$93$$anonfun$apply$94.apply(LiftSession.scala:1868)
	net.liftweb.util.ThreadGlobal.doWith(ThreadGlobal.scala:71)
	net.liftweb.http.S$class.withAttrs(S.scala:2018)
	net.liftweb.http.S$.withAttrs(S.scala:48)
	net.liftweb.http.LiftSession$$anonfun$processSurroundAndInclude$1$$anonfun$apply$92$$anonfun$apply$93.apply(LiftSession.scala:1867)
	net.liftweb.http.LiftSession$$anonfun$processSurroundAndInclude$1$$anonfun$apply$92$$anonfun$apply$93.apply(LiftSession.scala:1867)
	net.liftweb.http.S$class.doSnippet(S.scala:2228)
	net.liftweb.http.S$.doSnippet(S.scala:48)
	net.liftweb.http.LiftSession$$anonfun$processSurroundAndInclude$1$$anonfun$apply$92.apply(LiftSession.scala:1866)
	net.liftweb.http.LiftSession$$anonfun$processSurroundAndInclude$1$$anonfun$apply$92.apply(LiftSession.scala:1866)
	net.liftweb.http.LiftSession.net$liftweb$http$LiftSession$$processOrDefer(LiftSession.scala:1853)
	net.liftweb.http.LiftSession$$anonfun$processSurroundAndInclude$1.apply(LiftSession.scala:1865)
	net.liftweb.http.LiftSession$$anonfun$processSurroundAndInclude$1.apply(LiftSession.scala:1860)
	scala.collection.TraversableLike$$anonfun$flatMap$1.apply(TraversableLike.scala:200)
	scala.collection.TraversableLike$$anonfun$flatMap$1.apply(TraversableLike.scala:200)
	scala.collection.Iterator$class.foreach(Iterator.scala:660)
	scala.collection.LinearSeqLike$$anon$1.foreach(LinearSeqLike.scala:50)
	scala.collection.IterableLike$class.foreach(IterableLike.scala:73)
	scala.xml.NodeSeq.foreach(NodeSeq.scala:43)
	scala.collection.TraversableLike$class.flatMap(TraversableLike.scala:200)
	scala.xml.NodeSeq.flatMap(NodeSeq.scala:43)
	net.liftweb.http.LiftSession.processSurroundAndInclude(LiftSession.scala:1860)
	net.liftweb.http.LiftSession$$anonfun$processTemplate$1$$anonfun$apply$44$$anonfun$apply$45.apply(LiftSession.scala:986)
	net.liftweb.http.LiftSession$$anonfun$processTemplate$1$$anonfun$apply$44$$anonfun$apply$45.apply(LiftSession.scala:983)
	net.liftweb.util.ThreadGlobal.doWith(ThreadGlobal.scala:71)
	net.liftweb.http.LiftSession$$anonfun$processTemplate$1$$anonfun$apply$44.apply(LiftSession.scala:983)
	net.liftweb.http.LiftSession$$anonfun$processTemplate$1$$anonfun$apply$44.apply(LiftSession.scala:982)
	net.liftweb.common.Full.map(Box.scala:491)
	net.liftweb.http.LiftSession$$anonfun$processTemplate$1.apply(LiftSession.scala:981)
	net.liftweb.http.LiftSession$$anonfun$processTemplate$1.apply(LiftSession.scala:981)
	net.liftweb.util.AnyVarTrait$class.doWith(AnyVar.scala:233)
	net.liftweb.util.AnyVar.doWith(AnyVar.scala:89)
	net.liftweb.http.LiftSession.processTemplate(LiftSession.scala:980)
	net.liftweb.http.LiftSession$$anonfun$19$$anonfun$apply$46$$anonfun$apply$47$$anonfun$apply$50.apply(LiftSession.scala:1087)
	net.liftweb.http.LiftSession$$anonfun$19$$anonfun$apply$46$$anonfun$apply$47$$anonfun$apply$50.apply(LiftSession.scala:1087)
	net.liftweb.common.EmptyBox.or(Box.scala:576)
	net.liftweb.http.LiftSession$$anonfun$19$$anonfun$apply$46$$anonfun$apply$47.apply(LiftSession.scala:1086)
	net.liftweb.http.LiftSession$$anonfun$19$$anonfun$apply$46$$anonfun$apply$47.apply(LiftSession.scala:1086)
	net.liftweb.util.StackableMaker$class.doWith(Maker.scala:141)
	net.liftweb.http.Factory$FactoryMaker.doWith(Factory.scala:37)
	net.liftweb.util.StackableMaker$class.doWith(Maker.scala:135)
	net.liftweb.http.Factory$FactoryMaker.doWith(Factory.scala:37)
	net.liftweb.http.LiftSession$$anonfun$19$$anonfun$apply$46.apply(LiftSession.scala:1085)
	net.liftweb.http.LiftSession$$anonfun$19$$anonfun$apply$46.apply(LiftSession.scala:1081)
	net.liftweb.http.LiftSession.net$liftweb$http$LiftSession$$checkStatelessInSiteMap(LiftSession.scala:1025)
	net.liftweb.http.LiftSession$$anonfun$19.apply(LiftSession.scala:1081)
	net.liftweb.http.LiftSession$$anonfun$19.apply(LiftSession.scala:1079)
	net.liftweb.common.EmptyBox.or(Box.scala:576)
	net.liftweb.http.LiftSession.processRequest(LiftSession.scala:1079)
	net.liftweb.http.LiftServlet.net$liftweb$http$LiftServlet$$dispatchStatefulRequest(LiftServlet.scala:414)
	net.liftweb.http.LiftServlet$$anonfun$doSession$1$1.apply(LiftServlet.scala:279)
	net.liftweb.http.LiftServlet$$anonfun$doSession$1$1.apply(LiftServlet.scala:279)
	net.liftweb.http.S$class.net$liftweb$http$S$$wrapQuery(S.scala:1376)
	net.liftweb.http.S$$anonfun$net$liftweb$http$S$$_nest2InnerInit$1$$anonfun$apply$34.apply(S.scala:1524)
	net.liftweb.http.S$class.net$liftweb$http$S$$doAround(S.scala:1305)
	net.liftweb.http.S$$anonfun$net$liftweb$http$S$$_nest2InnerInit$1.apply(S.scala:1522)
	net.liftweb.util.ThreadGlobal.doWith(ThreadGlobal.scala:71)
	net.liftweb.http.S$class.net$liftweb$http$S$$_nest2InnerInit(S.scala:1521)
	net.liftweb.http.S$$anonfun$net$liftweb$http$S$$_innerInit$1$$anonfun$apply$38$$anonfun$apply$39$$anonfun$apply$40$$anonfun$apply$41.apply(S.scala:1561)
	net.liftweb.util.ThreadGlobal.doWith(ThreadGlobal.scala:71)
	net.liftweb.http.S$$anonfun$withReq$1.apply(S.scala:1571)
	net.liftweb.util.ThreadGlobal.doWith(ThreadGlobal.scala:71)
	net.liftweb.http.S$class.withReq(S.scala:1570)
	net.liftweb.http.S$.withReq(S.scala:48)
	net.liftweb.http.S$$anonfun$net$liftweb$http$S$$_innerInit$1$$anonfun$apply$38$$anonfun$apply$39$$anonfun$apply$40.apply(S.scala:1560)
	net.liftweb.util.ThreadGlobal.doWith(ThreadGlobal.scala:71)
	net.liftweb.http.S$$anonfun$net$liftweb$http$S$$_innerInit$1$$anonfun$apply$38$$anonfun$apply$39.apply(S.scala:1559)
	net.liftweb.util.ThreadGlobal.doWith(ThreadGlobal.scala:71)
	net.liftweb.http.S$$anonfun$net$liftweb$http$S$$_innerInit$1$$anonfun$apply$38.apply(S.scala:1558)
	net.liftweb.util.ThreadGlobal.doWith(ThreadGlobal.scala:71)
	net.liftweb.http.S$$anonfun$net$liftweb$http$S$$_innerInit$1.apply(S.scala:1557)
	net.liftweb.util.ThreadGlobal.doWith(ThreadGlobal.scala:71)
	net.liftweb.http.S$class.net$liftweb$http$S$$_innerInit(S.scala:1556)
	net.liftweb.http.S$$anonfun$net$liftweb$http$S$$_init$1$$anonfun$apply$44$$anonfun$apply$45$$anonfun$apply$46$$anonfun$apply$47$$anonfun$apply$48.apply(S.scala:1594)
	net.liftweb.util.ThreadGlobal.doWith(ThreadGlobal.scala:71)
	net.liftweb.http.S$$anonfun$net$liftweb$http$S$$_init$1$$anonfun$apply$44$$anonfun$apply$45$$anonfun$apply$46$$anonfun$apply$47.apply(S.scala:1592)
	net.liftweb.http.CoreRequestVarHandler$class.apply(Vars.scala:613)
	net.liftweb.http.RequestVarHandler$.apply(Vars.scala:515)
	net.liftweb.http.S$$anonfun$net$liftweb$http$S$$_init$1$$anonfun$apply$44$$anonfun$apply$45$$anonfun$apply$46.apply(S.scala:1591)
	net.liftweb.http.CoreRequestVarHandler$class.apply(Vars.scala:613)
	net.liftweb.http.TransientRequestVarHandler$.apply(Vars.scala:528)
	net.liftweb.http.S$$anonfun$net$liftweb$http$S$$_init$1$$anonfun$apply$44$$anonfun$apply$45.apply(S.scala:1590)
	net.liftweb.util.ThreadGlobal.doWith(ThreadGlobal.scala:71)
	net.liftweb.http.S$$anonfun$net$liftweb$http$S$$_init$1$$anonfun$apply$44.apply(S.scala:1589)
	net.liftweb.util.ThreadGlobal.doWith(ThreadGlobal.scala:71)
	net.liftweb.http.S$$anonfun$net$liftweb$http$S$$_init$1.apply(S.scala:1588)
	net.liftweb.util.ThreadGlobal.doWith(ThreadGlobal.scala:71)
	net.liftweb.http.S$class.net$liftweb$http$S$$_init(S.scala:1587)
	net.liftweb.http.S$class.init(S.scala:1190)
	net.liftweb.http.LiftServlet.doSession$1(LiftServlet.scala:278)
	net.liftweb.http.LiftServlet.doService(LiftServlet.scala:288)
	net.liftweb.http.LiftServlet$$anonfun$doIt$1$1.apply(LiftServlet.scala:132)
	net.liftweb.http.LiftServlet$$anonfun$doIt$1$1.apply(LiftServlet.scala:131)
	net.liftweb.util.TimeHelpers$class.calcTime(TimeHelpers.scala:344)
	net.liftweb.util.Helpers$.calcTime(Helpers.scala:34)
	net.liftweb.util.TimeHelpers$class.logTime(TimeHelpers.scala:363)
	net.liftweb.util.Helpers$.logTime(Helpers.scala:34)
	net.liftweb.http.LiftServlet.doIt$1(LiftServlet.scala:131)
	net.liftweb.http.LiftServlet.service(LiftServlet.scala:142)
	net.liftweb.http.provider.HTTPProvider$$anonfun$service$2$$anonfun$apply$mcV$sp$1$$anonfun$apply$mcV$sp$2.apply$mcV$sp(HTTPProvider.scala:72)
	net.liftweb.http.provider.HTTPProvider$$anonfun$service$2$$anonfun$apply$mcV$sp$1$$anonfun$apply$mcV$sp$2.apply(HTTPProvider.scala:71)
	net.liftweb.http.provider.HTTPProvider$$anonfun$service$2$$anonfun$apply$mcV$sp$1$$anonfun$apply$mcV$sp$2.apply(HTTPProvider.scala:71)
	net.liftweb.util.ThreadGlobal.doWith(ThreadGlobal.scala:71)
	net.liftweb.http.URLRewriter$.doWith(Req.scala:1253)
	net.liftweb.http.provider.HTTPProvider$$anonfun$service$2$$anonfun$apply$mcV$sp$1.apply$mcV$sp(HTTPProvider.scala:70)
	net.liftweb.http.provider.HTTPProvider$$anonfun$service$2$$anonfun$apply$mcV$sp$1.apply(HTTPProvider.scala:70)
	net.liftweb.http.provider.HTTPProvider$$anonfun$service$2$$anonfun$apply$mcV$sp$1.apply(HTTPProvider.scala:70)
	net.liftweb.util.ThreadGlobal.doWith(ThreadGlobal.scala:71)
	net.liftweb.http.provider.HTTPProvider$$anonfun$service$2.apply$mcV$sp(HTTPProvider.scala:66)
	net.liftweb.http.provider.HTTPProvider$$anonfun$service$2.apply(HTTPProvider.scala:60)
	net.liftweb.http.provider.HTTPProvider$$anonfun$service$2.apply(HTTPProvider.scala:60)
	net.liftweb.util.ThreadGlobal.doWith(ThreadGlobal.scala:71)
	net.liftweb.http.provider.HTTPProvider$class.service(HTTPProvider.scala:60)
	net.liftweb.http.LiftFilter.service(LiftServlet.scala:757)
	net.liftweb.http.provider.servlet.ServletFilterProvider$$anonfun$doFilter$1$$anonfun$apply$mcV$sp$1.apply$mcV$sp(ServletFilterProvider.scala:67)
	net.liftweb.http.provider.servlet.ServletFilterProvider$$anonfun$doFilter$1$$anonfun$apply$mcV$sp$1.apply(ServletFilterProvider.scala:62)
	net.liftweb.http.provider.servlet.ServletFilterProvider$$anonfun$doFilter$1$$anonfun$apply$mcV$sp$1.apply(ServletFilterProvider.scala:62)
	net.liftweb.http.CoreRequestVarHandler$$anonfun$apply$16$$anonfun$apply$17$$anonfun$apply$18$$anonfun$apply$19.apply(Vars.scala:619)
	net.liftweb.util.ThreadGlobal.doWith(ThreadGlobal.scala:71)
	net.liftweb.http.CoreRequestVarHandler$$anonfun$apply$16$$anonfun$apply$17$$anonfun$apply$18.apply(Vars.scala:618)
	net.liftweb.util.ThreadGlobal.doWith(ThreadGlobal.scala:71)
	net.liftweb.http.CoreRequestVarHandler$$anonfun$apply$16$$anonfun$apply$17.apply(Vars.scala:617)
	net.liftweb.util.ThreadGlobal.doWith(ThreadGlobal.scala:71)
	net.liftweb.http.CoreRequestVarHandler$$anonfun$apply$16.apply(Vars.scala:616)
	net.liftweb.util.ThreadGlobal.doWith(ThreadGlobal.scala:71)
	net.liftweb.http.CoreRequestVarHandler$class.apply(Vars.scala:615)
	net.liftweb.http.RequestVarHandler$.apply(Vars.scala:515)
	net.liftweb.http.provider.servlet.ServletFilterProvider$$anonfun$doFilter$1.apply(ServletFilterProvider.scala:61)
	net.liftweb.http.provider.servlet.ServletFilterProvider$$anonfun$doFilter$1.apply(ServletFilterProvider.scala:61)
	net.liftweb.http.CoreRequestVarHandler$$anonfun$apply$16$$anonfun$apply$17$$anonfun$apply$18$$anonfun$apply$19.apply(Vars.scala:619)
	net.liftweb.util.ThreadGlobal.doWith(ThreadGlobal.scala:71)
	net.liftweb.http.CoreRequestVarHandler$$anonfun$apply$16$$anonfun$apply$17$$anonfun$apply$18.apply(Vars.scala:618)
	net.liftweb.util.ThreadGlobal.doWith(ThreadGlobal.scala:71)
	net.liftweb.http.CoreRequestVarHandler$$anonfun$apply$16$$anonfun$apply$17.apply(Vars.scala:617)
	net.liftweb.util.ThreadGlobal.doWith(ThreadGlobal.scala:71)
	net.liftweb.http.CoreRequestVarHandler$$anonfun$apply$16.apply(Vars.scala:616)
	net.liftweb.util.ThreadGlobal.doWith(ThreadGlobal.scala:71)
	net.liftweb.http.CoreRequestVarHandler$class.apply(Vars.scala:615)
	net.liftweb.http.provider.servlet.ServletFilterProvider$class.doFilter(ServletFilterProvider.scala:60)
	net.liftweb.http.LiftFilter.doFilter(LiftServlet.scala:757)
	org.eclipse.jetty.servlet.ServletHandler$CachedChain.doFilter(ServletHandler.java:1476)
	org.eclipse.jetty.servlet.ServletHandler.doHandle(ServletHandler.java:499)
	org.eclipse.jetty.server.handler.ScopedHandler.handle(ScopedHandler.java:137)
	org.eclipse.jetty.security.SecurityHandler.handle(SecurityHandler.java:557)
	org.eclipse.jetty.server.session.SessionHandler.doHandle(SessionHandler.java:231)
	org.eclipse.jetty.server.handler.ContextHandler.doHandle(ContextHandler.java:1086)
	org.eclipse.jetty.servlet.ServletHandler.doScope(ServletHandler.java:428)
	org.eclipse.jetty.server.session.SessionHandler.doScope(SessionHandler.java:193)
	org.eclipse.jetty.server.handler.ContextHandler.doScope(ContextHandler.java:1020)
	org.eclipse.jetty.server.handler.ScopedHandler.handle(ScopedHandler.java:135)
	org.eclipse.jetty.server.handler.ContextHandlerCollection.handle(ContextHandlerCollection.java:255)
	org.eclipse.jetty.server.handler.HandlerCollection.handle(HandlerCollection.java:154)
	org.eclipse.jetty.server.handler.HandlerWrapper.handle(HandlerWrapper.java:116)
	org.eclipse.jetty.server.Server.handle(Server.java:370)
	org.eclipse.jetty.server.AbstractHttpConnection.handleRequest(AbstractHttpConnection.java:494)
	org.eclipse.jetty.server.AbstractHttpConnection.headerComplete(AbstractHttpConnection.java:971)
	org.eclipse.jetty.server.AbstractHttpConnection$RequestHandler.headerComplete(AbstractHttpConnection.java:1033)
	org.eclipse.jetty.http.HttpParser.parseNext(HttpParser.java:644)
	org.eclipse.jetty.http.HttpParser.parseAvailable(HttpParser.java:235)
	org.eclipse.jetty.server.AsyncHttpConnection.handle(AsyncHttpConnection.java:82)
	org.eclipse.jetty.io.nio.SelectChannelEndPoint.handle(SelectChannelEndPoint.java:667)
	org.eclipse.jetty.io.nio.SelectChannelEndPoint$1.run(SelectChannelEndPoint.java:52)
	org.eclipse.jetty.util.thread.QueuedThreadPool.runJob(QueuedThreadPool.java:608)
	org.eclipse.jetty.util.thread.QueuedThreadPool$3.run(QueuedThreadPool.java:543)
	java.lang.Thread.run(Thread.java:695)

Caught and thrown by:
Message: com.mongodb.MongoTimeoutException: Timed out while waiting to connect after 10000 ms
	com.mongodb.BaseCluster.getDescription(BaseCluster.java:131)
	com.mongodb.DBTCPConnector.getClusterDescription(DBTCPConnector.java:396)
	com.mongodb.DBTCPConnector.getType(DBTCPConnector.java:569)
	com.mongodb.DBTCPConnector.isMongosConnection(DBTCPConnector.java:370)
	com.mongodb.Mongo.isMongosConnection(Mongo.java:645)
	com.mongodb.DBCursor._check(DBCursor.java:454)
	com.mongodb.DBCursor._hasNext(DBCursor.java:546)
	com.mongodb.DBCursor._fill(DBCursor.java:605)
	com.mongodb.DBCursor.toArray(DBCursor.java:640)
	com.mongodb.DBCursor.toArray(DBCursor.java:629)
	net.liftweb.mongodb.record.MongoMetaRecord$$anonfun$findAll$1.apply(MongoMetaRecord.scala:140)
	net.liftweb.mongodb.record.MongoMetaRecord$$anonfun$findAll$1.apply(MongoMetaRecord.scala:139)
	net.liftweb.mongodb.MongoDB$.useCollection(Mongo.scala:178)
	net.liftweb.mongodb.MongoMeta$class.useColl(MongoMeta.scala:71)
	br.com.ranking.model.Player$.useColl(Player.scala:29)
	net.liftweb.mongodb.record.MongoMetaRecord$class.findAll(MongoMetaRecord.scala:139)
	br.com.ranking.model.Player$.findAll(Player.scala:29)
	br.com.ranking.model.PlayerDAO$class.findAll(Player.scala:64)
	br.com.ranking.model.PlayerDAO$.findAll(Player.scala:72)
	br.com.ranking.snippet.GameSnippet.<init>(GameSnippet.scala:9)
	sun.reflect.NativeConstructorAccessorImpl.newInstance0(Native Method)
	sun.reflect.NativeConstructorAccessorImpl.newInstance(NativeConstructorAccessorImpl.java:39)
	sun.reflect.DelegatingConstructorAccessorImpl.newInstance(DelegatingConstructorAccessorImpl.java:27)
	java.lang.reflect.Constructor.newInstance(Constructor.java:513)
	net.liftweb.http.UnitConstructor.makeOne(Templates.scala:360)
	net.liftweb.http.LiftSession$$anonfun$constructFrom$1.apply(LiftSession.scala:140)
	net.liftweb.http.LiftSession$$anonfun$constructFrom$1.apply(LiftSession.scala:139)
	net.liftweb.common.Full.map(Box.scala:491)
	net.liftweb.http.LiftSession$.constructFrom(LiftSession.scala:139)
	net.liftweb.http.LiftSession.net$liftweb$http$LiftSession$$instantiateOrRedirect(LiftSession.scala:1260)
	net.liftweb.http.LiftSession$$anonfun$net$liftweb$http$LiftSession$$findSnippetInstance$1$$anonfun$apply$64$$anonfun$apply$65.apply(LiftSession.scala:1390)
	net.liftweb.http.LiftSession$$anonfun$net$liftweb$http$LiftSession$$findSnippetInstance$1$$anonfun$apply$64$$anonfun$apply$65.apply(LiftSession.scala:1390)
	net.liftweb.common.Full.flatMap(Box.scala:493)
	net.liftweb.http.LiftSession$$anonfun$net$liftweb$http$LiftSession$$findSnippetInstance$1$$anonfun$apply$64.apply(LiftSession.scala:1390)
	net.liftweb.http.LiftSession$$anonfun$net$liftweb$http$LiftSession$$findSnippetInstance$1$$anonfun$apply$64.apply(LiftSession.scala:1390)
	net.liftweb.common.EmptyBox.or(Box.scala:576)
	net.liftweb.http.LiftSession$$anonfun$net$liftweb$http$LiftSession$$findSnippetInstance$1.apply(LiftSession.scala:1389)
	net.liftweb.http.LiftSession$$anonfun$net$liftweb$http$LiftSession$$findSnippetInstance$1.apply(LiftSession.scala:1389)
	net.liftweb.common.EmptyBox.or(Box.scala:576)
	net.liftweb.http.LiftSession.net$liftweb$http$LiftSession$$findSnippetInstance(LiftSession.scala:1388)
	net.liftweb.http.LiftSession$$anonfun$locateAndCacheSnippet$1$1$$anonfun$apply$78.apply(LiftSession.scala:1543)
	net.liftweb.http.LiftSession$$anonfun$locateAndCacheSnippet$1$1$$anonfun$apply$78.apply(LiftSession.scala:1542)
	scala.Function1$$anonfun$andThen$1.apply(Function1.scala:49)
	scala.collection.immutable.Stream.flatMap(Stream.scala:213)
	net.liftweb.util.ListHelpers$class.first(ListHelpers.scala:137)
	net.liftweb.util.Helpers$.first(Helpers.scala:34)
	net.liftweb.http.LiftSession$$anonfun$locateAndCacheSnippet$1$1.apply(LiftSession.scala:1541)
	net.liftweb.http.LiftSession$$anonfun$locateAndCacheSnippet$1$1.apply(LiftSession.scala:1541)
	net.liftweb.common.EmptyBox.or(Box.scala:576)
	net.liftweb.http.LiftSession.locateAndCacheSnippet$1(LiftSession.scala:1540)
	net.liftweb.http.LiftSession$$anonfun$27$$anonfun$apply$80$$anonfun$apply$83$$anonfun$apply$85.apply(LiftSession.scala:1558)
	net.liftweb.http.LiftSession$$anonfun$27$$anonfun$apply$80$$anonfun$apply$83$$anonfun$apply$85.apply(LiftSession.scala:1556)
	net.liftweb.common.EmptyBox.openOr(Box.scala:574)
	net.liftweb.http.LiftSession$$anonfun$27$$anonfun$apply$80$$anonfun$apply$83.apply(LiftSession.scala:1556)
	net.liftweb.http.LiftSession$$anonfun$27$$anonfun$apply$80$$anonfun$apply$83.apply(LiftSession.scala:1556)
	net.liftweb.common.EmptyBox.openOr(Box.scala:574)
	net.liftweb.http.LiftSession$$anonfun$27$$anonfun$apply$80.apply(LiftSession.scala:1555)
	net.liftweb.http.LiftSession$$anonfun$27$$anonfun$apply$80.apply(LiftSession.scala:1555)
	net.liftweb.http.S$class.doSnippet(S.scala:2228)
	net.liftweb.http.S$.doSnippet(S.scala:48)
	net.liftweb.http.LiftSession$$anonfun$27.apply(LiftSession.scala:1553)
	net.liftweb.http.LiftSession$$anonfun$27.apply(LiftSession.scala:1552)
	net.liftweb.common.Full.map(Box.scala:491)
	net.liftweb.http.LiftSession.net$liftweb$http$LiftSession$$processSnippet(LiftSession.scala:1552)
	net.liftweb.http.LiftSession$$anonfun$_defaultLiftTagProcessing$1.apply(LiftSession.scala:1778)
	net.liftweb.http.LiftSession$$anonfun$_defaultLiftTagProcessing$1.apply(LiftSession.scala:1766)
	net.liftweb.util.NamedPF.apply(NamedPartialFunction.scala:36)
	net.liftweb.util.NamedPF$.apply(NamedPartialFunction.scala:82)
	net.liftweb.http.LiftSession$$anonfun$processSurroundAndInclude$1$$anonfun$apply$92$$anonfun$apply$93$$anonfun$apply$94.apply(LiftSession.scala:1869)
	net.liftweb.http.LiftSession$$anonfun$processSurroundAndInclude$1$$anonfun$apply$92$$anonfun$apply$93$$anonfun$apply$94.apply(LiftSession.scala:1868)
	net.liftweb.util.ThreadGlobal.doWith(ThreadGlobal.scala:71)
	net.liftweb.http.S$class.withAttrs(S.scala:2018)
	net.liftweb.http.S$.withAttrs(S.scala:48)
	net.liftweb.http.LiftSession$$anonfun$processSurroundAndInclude$1$$anonfun$apply$92$$anonfun$apply$93.apply(LiftSession.scala:1867)
	net.liftweb.http.LiftSession$$anonfun$processSurroundAndInclude$1$$anonfun$apply$92$$anonfun$apply$93.apply(LiftSession.scala:1867)
	net.liftweb.http.S$class.doSnippet(S.scala:2228)
	net.liftweb.http.S$.doSnippet(S.scala:48)
	net.liftweb.http.LiftSession$$anonfun$processSurroundAndInclude$1$$anonfun$apply$92.apply(LiftSession.scala:1866)
	net.liftweb.http.LiftSession$$anonfun$processSurroundAndInclude$1$$anonfun$apply$92.apply(LiftSession.scala:1866)
	net.liftweb.http.LiftSession.net$liftweb$http$LiftSession$$processOrDefer(LiftSession.scala:1853)
	net.liftweb.http.LiftSession$$anonfun$processSurroundAndInclude$1.apply(LiftSession.scala:1865)
	net.liftweb.http.LiftSession$$anonfun$processSurroundAndInclude$1.apply(LiftSession.scala:1860)
	scala.collection.TraversableLike$$anonfun$flatMap$1.apply(TraversableLike.scala:200)
	scala.collection.TraversableLike$$anonfun$flatMap$1.apply(TraversableLike.scala:200)
	scala.collection.Iterator$class.foreach(Iterator.scala:660)
	scala.collection.LinearSeqLike$$anon$1.foreach(LinearSeqLike.scala:50)
	scala.collection.IterableLike$class.foreach(IterableLike.scala:73)
	scala.xml.NodeSeq.foreach(NodeSeq.scala:43)
	scala.collection.TraversableLike$class.flatMap(TraversableLike.scala:200)
	scala.xml.NodeSeq.flatMap(NodeSeq.scala:43)
	net.liftweb.http.LiftSession.processSurroundAndInclude(LiftSession.scala:1860)
	net.liftweb.builtin.snippet.Surround$$anonfun$render$1$$anonfun$apply$2$$anonfun$apply$3.apply(Surround.scala:40)
	net.liftweb.builtin.snippet.Surround$$anonfun$render$1$$anonfun$apply$2$$anonfun$apply$3.apply(Surround.scala:39)
	net.liftweb.util.AnyVarTrait$class.doWith(AnyVar.scala:233)
	net.liftweb.util.AnyVar.doWith(AnyVar.scala:89)
	net.liftweb.builtin.snippet.Surround$$anonfun$render$1$$anonfun$apply$2.apply(Surround.scala:39)
	net.liftweb.builtin.snippet.Surround$$anonfun$render$1$$anonfun$apply$2.apply(Surround.scala:37)
	net.liftweb.common.Full.map(Box.scala:491)
	net.liftweb.builtin.snippet.Surround$$anonfun$render$1.apply(Surround.scala:37)
	net.liftweb.builtin.snippet.Surround$$anonfun$render$1.apply(Surround.scala:36)
	net.liftweb.common.Full.flatMap(Box.scala:493)
	net.liftweb.builtin.snippet.Surround$.render(Surround.scala:36)
	net.liftweb.builtin.snippet.Surround$$anonfun$dispatch$1$$anonfun$apply$1.apply(Surround.scala:31)
	net.liftweb.builtin.snippet.Surround$$anonfun$dispatch$1$$anonfun$apply$1.apply(Surround.scala:31)
	net.liftweb.http.LiftSession$$anonfun$27$$anonfun$apply$80$$anonfun$apply$83$$anonfun$apply$85.apply(LiftSession.scala:1584)
	net.liftweb.http.LiftSession$$anonfun$27$$anonfun$apply$80$$anonfun$apply$83$$anonfun$apply$85.apply(LiftSession.scala:1556)
	net.liftweb.common.EmptyBox.openOr(Box.scala:574)
	net.liftweb.http.LiftSession$$anonfun$27$$anonfun$apply$80$$anonfun$apply$83.apply(LiftSession.scala:1556)
	net.liftweb.http.LiftSession$$anonfun$27$$anonfun$apply$80$$anonfun$apply$83.apply(LiftSession.scala:1556)
	net.liftweb.common.EmptyBox.openOr(Box.scala:574)
	net.liftweb.http.LiftSession$$anonfun$27$$anonfun$apply$80.apply(LiftSession.scala:1555)
	net.liftweb.http.LiftSession$$anonfun$27$$anonfun$apply$80.apply(LiftSession.scala:1555)
	net.liftweb.http.S$class.doSnippet(S.scala:2228)
	net.liftweb.http.S$.doSnippet(S.scala:48)
	net.liftweb.http.LiftSession$$anonfun$27.apply(LiftSession.scala:1553)
	net.liftweb.http.LiftSession$$anonfun$27.apply(LiftSession.scala:1552)
	net.liftweb.common.Full.map(Box.scala:491)
	net.liftweb.http.LiftSession.net$liftweb$http$LiftSession$$processSnippet(LiftSession.scala:1552)
	net.liftweb.http.LiftSession$$anonfun$_defaultLiftTagProcessing$1.apply(LiftSession.scala:1778)
	net.liftweb.http.LiftSession$$anonfun$_defaultLiftTagProcessing$1.apply(LiftSession.scala:1766)
	net.liftweb.util.NamedPF.apply(NamedPartialFunction.scala:36)
	net.liftweb.util.NamedPF$.apply(NamedPartialFunction.scala:82)
	net.liftweb.http.LiftSession$$anonfun$processSurroundAndInclude$1$$anonfun$apply$92$$anonfun$apply$93$$anonfun$apply$94.apply(LiftSession.scala:1869)
	net.liftweb.http.LiftSession$$anonfun$processSurroundAndInclude$1$$anonfun$apply$92$$anonfun$apply$93$$anonfun$apply$94.apply(LiftSession.scala:1868)
	net.liftweb.util.ThreadGlobal.doWith(ThreadGlobal.scala:71)
	net.liftweb.http.S$class.withAttrs(S.scala:2018)
	net.liftweb.http.S$.withAttrs(S.scala:48)
	net.liftweb.http.LiftSession$$anonfun$processSurroundAndInclude$1$$anonfun$apply$92$$anonfun$apply$93.apply(LiftSession.scala:1867)
	net.liftweb.http.LiftSession$$anonfun$processSurroundAndInclude$1$$anonfun$apply$92$$anonfun$apply$93.apply(LiftSession.scala:1867)
	net.liftweb.http.S$class.doSnippet(S.scala:2228)
	net.liftweb.http.S$.doSnippet(S.scala:48)
	net.liftweb.http.LiftSession$$anonfun$processSurroundAndInclude$1$$anonfun$apply$92.apply(LiftSession.scala:1866)
	net.liftweb.http.LiftSession$$anonfun$processSurroundAndInclude$1$$anonfun$apply$92.apply(LiftSession.scala:1866)
	net.liftweb.http.LiftSession.net$liftweb$http$LiftSession$$processOrDefer(LiftSession.scala:1853)
	net.liftweb.http.LiftSession$$anonfun$processSurroundAndInclude$1.apply(LiftSession.scala:1865)
	net.liftweb.http.LiftSession$$anonfun$processSurroundAndInclude$1.apply(LiftSession.scala:1860)
	scala.collection.TraversableLike$$anonfun$flatMap$1.apply(TraversableLike.scala:200)
	scala.collection.TraversableLike$$anonfun$flatMap$1.apply(TraversableLike.scala:200)
	scala.collection.Iterator$class.foreach(Iterator.scala:660)
	scala.collection.LinearSeqLike$$anon$1.foreach(LinearSeqLike.scala:50)
	scala.collection.IterableLike$class.foreach(IterableLike.scala:73)
	scala.xml.NodeSeq.foreach(NodeSeq.scala:43)
	scala.collection.TraversableLike$class.flatMap(TraversableLike.scala:200)
	scala.xml.NodeSeq.flatMap(NodeSeq.scala:43)
	net.liftweb.http.LiftSession.processSurroundAndInclude(LiftSession.scala:1860)
	net.liftweb.http.LiftSession$$anonfun$processTemplate$1$$anonfun$apply$44$$anonfun$apply$45.apply(LiftSession.scala:986)
	net.liftweb.http.LiftSession$$anonfun$processTemplate$1$$anonfun$apply$44$$anonfun$apply$45.apply(LiftSession.scala:983)
	net.liftweb.util.ThreadGlobal.doWith(ThreadGlobal.scala:71)
	net.liftweb.http.LiftSession$$anonfun$processTemplate$1$$anonfun$apply$44.apply(LiftSession.scala:983)
	net.liftweb.http.LiftSession$$anonfun$processTemplate$1$$anonfun$apply$44.apply(LiftSession.scala:982)
	net.liftweb.common.Full.map(Box.scala:491)
	net.liftweb.http.LiftSession$$anonfun$processTemplate$1.apply(LiftSession.scala:981)
	net.liftweb.http.LiftSession$$anonfun$processTemplate$1.apply(LiftSession.scala:981)
	net.liftweb.util.AnyVarTrait$class.doWith(AnyVar.scala:233)
	net.liftweb.util.AnyVar.doWith(AnyVar.scala:89)
	net.liftweb.http.LiftSession.processTemplate(LiftSession.scala:980)
	net.liftweb.http.LiftSession$$anonfun$19$$anonfun$apply$46$$anonfun$apply$47$$anonfun$apply$50.apply(LiftSession.scala:1087)
	net.liftweb.http.LiftSession$$anonfun$19$$anonfun$apply$46$$anonfun$apply$47$$anonfun$apply$50.apply(LiftSession.scala:1087)
	net.liftweb.common.EmptyBox.or(Box.scala:576)
	net.liftweb.http.LiftSession$$anonfun$19$$anonfun$apply$46$$anonfun$apply$47.apply(LiftSession.scala:1086)
	net.liftweb.http.LiftSession$$anonfun$19$$anonfun$apply$46$$anonfun$apply$47.apply(LiftSession.scala:1086)
	net.liftweb.util.StackableMaker$class.doWith(Maker.scala:141)
	net.liftweb.http.Factory$FactoryMaker.doWith(Factory.scala:37)
	net.liftweb.util.StackableMaker$class.doWith(Maker.scala:135)
	net.liftweb.http.Factory$FactoryMaker.doWith(Factory.scala:37)
	net.liftweb.http.LiftSession$$anonfun$19$$anonfun$apply$46.apply(LiftSession.scala:1085)
	net.liftweb.http.LiftSession$$anonfun$19$$anonfun$apply$46.apply(LiftSession.scala:1081)
	net.liftweb.http.LiftSession.net$liftweb$http$LiftSession$$checkStatelessInSiteMap(LiftSession.scala:1025)
	net.liftweb.http.LiftSession$$anonfun$19.apply(LiftSession.scala:1081)
	net.liftweb.http.LiftSession$$anonfun$19.apply(LiftSession.scala:1079)
	net.liftweb.common.EmptyBox.or(Box.scala:576)
	net.liftweb.http.LiftSession.processRequest(LiftSession.scala:1079)
	net.liftweb.http.LiftServlet.net$liftweb$http$LiftServlet$$dispatchStatefulRequest(LiftServlet.scala:414)
	net.liftweb.http.LiftServlet$$anonfun$doSession$1$1.apply(LiftServlet.scala:279)
	net.liftweb.http.LiftServlet$$anonfun$doSession$1$1.apply(LiftServlet.scala:279)
	net.liftweb.http.S$class.net$liftweb$http$S$$wrapQuery(S.scala:1376)
	net.liftweb.http.S$$anonfun$net$liftweb$http$S$$_nest2InnerInit$1$$anonfun$apply$34.apply(S.scala:1524)
	net.liftweb.http.S$class.net$liftweb$http$S$$doAround(S.scala:1305)
	net.liftweb.http.S$$anonfun$net$liftweb$http$S$$_nest2InnerInit$1.apply(S.scala:1522)
	net.liftweb.util.ThreadGlobal.doWith(ThreadGlobal.scala:71)
	net.liftweb.http.S$class.net$liftweb$http$S$$_nest2InnerInit(S.scala:1521)
	net.liftweb.http.S$$anonfun$net$liftweb$http$S$$_innerInit$1$$anonfun$apply$38$$anonfun$apply$39$$anonfun$apply$40$$anonfun$apply$41.apply(S.scala:1561)
	net.liftweb.util.ThreadGlobal.doWith(ThreadGlobal.scala:71)
	net.liftweb.http.S$$anonfun$withReq$1.apply(S.scala:1571)
	net.liftweb.util.ThreadGlobal.doWith(ThreadGlobal.scala:71)
	net.liftweb.http.S$class.withReq(S.scala:1570)
	net.liftweb.http.S$.withReq(S.scala:48)
	net.liftweb.http.S$$anonfun$net$liftweb$http$S$$_innerInit$1$$anonfun$apply$38$$anonfun$apply$39$$anonfun$apply$40.apply(S.scala:1560)
	net.liftweb.util.ThreadGlobal.doWith(ThreadGlobal.scala:71)
	net.liftweb.http.S$$anonfun$net$liftweb$http$S$$_innerInit$1$$anonfun$apply$38$$anonfun$apply$39.apply(S.scala:1559)
	net.liftweb.util.ThreadGlobal.doWith(ThreadGlobal.scala:71)
	net.liftweb.http.S$$anonfun$net$liftweb$http$S$$_innerInit$1$$anonfun$apply$38.apply(S.scala:1558)
	net.liftweb.util.ThreadGlobal.doWith(ThreadGlobal.scala:71)
	net.liftweb.http.S$$anonfun$net$liftweb$http$S$$_innerInit$1.apply(S.scala:1557)
	net.liftweb.util.ThreadGlobal.doWith(ThreadGlobal.scala:71)
	net.liftweb.http.S$class.net$liftweb$http$S$$_innerInit(S.scala:1556)
	net.liftweb.http.S$$anonfun$net$liftweb$http$S$$_init$1$$anonfun$apply$44$$anonfun$apply$45$$anonfun$apply$46$$anonfun$apply$47$$anonfun$apply$48.apply(S.scala:1594)
	net.liftweb.util.ThreadGlobal.doWith(ThreadGlobal.scala:71)
	net.liftweb.http.S$$anonfun$net$liftweb$http$S$$_init$1$$anonfun$apply$44$$anonfun$apply$45$$anonfun$apply$46$$anonfun$apply$47.apply(S.scala:1592)
	net.liftweb.http.CoreRequestVarHandler$class.apply(Vars.scala:613)
	net.liftweb.http.RequestVarHandler$.apply(Vars.scala:515)
	net.liftweb.http.S$$anonfun$net$liftweb$http$S$$_init$1$$anonfun$apply$44$$anonfun$apply$45$$anonfun$apply$46.apply(S.scala:1591)
	net.liftweb.http.CoreRequestVarHandler$class.apply(Vars.scala:613)
	net.liftweb.http.TransientRequestVarHandler$.apply(Vars.scala:528)
	net.liftweb.http.S$$anonfun$net$liftweb$http$S$$_init$1$$anonfun$apply$44$$anonfun$apply$45.apply(S.scala:1590)
	net.liftweb.util.ThreadGlobal.doWith(ThreadGlobal.scala:71)
	net.liftweb.http.S$$anonfun$net$liftweb$http$S$$_init$1$$anonfun$apply$44.apply(S.scala:1589)
	net.liftweb.util.ThreadGlobal.doWith(ThreadGlobal.scala:71)
	net.liftweb.http.S$$anonfun$net$liftweb$http$S$$_init$1.apply(S.scala:1588)
	net.liftweb.util.ThreadGlobal.doWith(ThreadGlobal.scala:71)
	net.liftweb.http.S$class.net$liftweb$http$S$$_init(S.scala:1587)
	net.liftweb.http.S$class.init(S.scala:1190)
	net.liftweb.http.LiftServlet.doSession$1(LiftServlet.scala:278)
	net.liftweb.http.LiftServlet.doService(LiftServlet.scala:288)
	net.liftweb.http.LiftServlet$$anonfun$doIt$1$1.apply(LiftServlet.scala:132)
	net.liftweb.http.LiftServlet$$anonfun$doIt$1$1.apply(LiftServlet.scala:131)
	net.liftweb.util.TimeHelpers$class.calcTime(TimeHelpers.scala:344)
	net.liftweb.util.Helpers$.calcTime(Helpers.scala:34)
	net.liftweb.util.TimeHelpers$class.logTime(TimeHelpers.scala:363)
	net.liftweb.util.Helpers$.logTime(Helpers.scala:34)
	net.liftweb.http.LiftServlet.doIt$1(LiftServlet.scala:131)
	net.liftweb.http.LiftServlet.service(LiftServlet.scala:142)
	net.liftweb.http.provider.HTTPProvider$$anonfun$service$2$$anonfun$apply$mcV$sp$1$$anonfun$apply$mcV$sp$2.apply$mcV$sp(HTTPProvider.scala:72)
	net.liftweb.http.provider.HTTPProvider$$anonfun$service$2$$anonfun$apply$mcV$sp$1$$anonfun$apply$mcV$sp$2.apply(HTTPProvider.scala:71)
	net.liftweb.http.provider.HTTPProvider$$anonfun$service$2$$anonfun$apply$mcV$sp$1$$anonfun$apply$mcV$sp$2.apply(HTTPProvider.scala:71)
	net.liftweb.util.ThreadGlobal.doWith(ThreadGlobal.scala:71)
	net.liftweb.http.URLRewriter$.doWith(Req.scala:1253)
	net.liftweb.http.provider.HTTPProvider$$anonfun$service$2$$anonfun$apply$mcV$sp$1.apply$mcV$sp(HTTPProvider.scala:70)
	net.liftweb.http.provider.HTTPProvider$$anonfun$service$2$$anonfun$apply$mcV$sp$1.apply(HTTPProvider.scala:70)
	net.liftweb.http.provider.HTTPProvider$$anonfun$service$2$$anonfun$apply$mcV$sp$1.apply(HTTPProvider.scala:70)
	net.liftweb.util.ThreadGlobal.doWith(ThreadGlobal.scala:71)
	net.liftweb.http.provider.HTTPProvider$$anonfun$service$2.apply$mcV$sp(HTTPProvider.scala:66)
	net.liftweb.http.provider.HTTPProvider$$anonfun$service$2.apply(HTTPProvider.scala:60)
	net.liftweb.http.provider.HTTPProvider$$anonfun$service$2.apply(HTTPProvider.scala:60)
	net.liftweb.util.ThreadGlobal.doWith(ThreadGlobal.scala:71)
	net.liftweb.http.provider.HTTPProvider$class.service(HTTPProvider.scala:60)
	net.liftweb.http.LiftFilter.service(LiftServlet.scala:757)
	net.liftweb.http.provider.servlet.ServletFilterProvider$$anonfun$doFilter$1$$anonfun$apply$mcV$sp$1.apply$mcV$sp(ServletFilterProvider.scala:67)
	net.liftweb.http.provider.servlet.ServletFilterProvider$$anonfun$doFilter$1$$anonfun$apply$mcV$sp$1.apply(ServletFilterProvider.scala:62)
	net.liftweb.http.provider.servlet.ServletFilterProvider$$anonfun$doFilter$1$$anonfun$apply$mcV$sp$1.apply(ServletFilterProvider.scala:62)
	net.liftweb.http.CoreRequestVarHandler$$anonfun$apply$16$$anonfun$apply$17$$anonfun$apply$18$$anonfun$apply$19.apply(Vars.scala:619)
	net.liftweb.util.ThreadGlobal.doWith(ThreadGlobal.scala:71)
	net.liftweb.http.CoreRequestVarHandler$$anonfun$apply$16$$anonfun$apply$17$$anonfun$apply$18.apply(Vars.scala:618)
	net.liftweb.util.ThreadGlobal.doWith(ThreadGlobal.scala:71)
	net.liftweb.http.CoreRequestVarHandler$$anonfun$apply$16$$anonfun$apply$17.apply(Vars.scala:617)
	net.liftweb.util.ThreadGlobal.doWith(ThreadGlobal.scala:71)
	net.liftweb.http.CoreRequestVarHandler$$anonfun$apply$16.apply(Vars.scala:616)
	net.liftweb.util.ThreadGlobal.doWith(ThreadGlobal.scala:71)
	net.liftweb.http.CoreRequestVarHandler$class.apply(Vars.scala:615)
	net.liftweb.http.RequestVarHandler$.apply(Vars.scala:515)
	net.liftweb.http.provider.servlet.ServletFilterProvider$$anonfun$doFilter$1.apply(ServletFilterProvider.scala:61)
	net.liftweb.http.provider.servlet.ServletFilterProvider$$anonfun$doFilter$1.apply(ServletFilterProvider.scala:61)
	net.liftweb.http.CoreRequestVarHandler$$anonfun$apply$16$$anonfun$apply$17$$anonfun$apply$18$$anonfun$apply$19.apply(Vars.scala:619)
	net.liftweb.util.ThreadGlobal.doWith(ThreadGlobal.scala:71)
	net.liftweb.http.CoreRequestVarHandler$$anonfun$apply$16$$anonfun$apply$17$$anonfun$apply$18.apply(Vars.scala:618)
	net.liftweb.util.ThreadGlobal.doWith(ThreadGlobal.scala:71)
	net.liftweb.http.CoreRequestVarHandler$$anonfun$apply$16$$anonfun$apply$17.apply(Vars.scala:617)
	net.liftweb.util.ThreadGlobal.doWith(ThreadGlobal.scala:71)
	net.liftweb.http.CoreRequestVarHandler$$anonfun$apply$16.apply(Vars.scala:616)
	net.liftweb.util.ThreadGlobal.doWith(ThreadGlobal.scala:71)
	net.liftweb.http.CoreRequestVarHandler$class.apply(Vars.scala:615)
	net.liftweb.http.provider.servlet.ServletFilterProvider$class.doFilter(ServletFilterProvider.scala:60)
	net.liftweb.http.LiftFilter.doFilter(LiftServlet.scala:757)
	org.eclipse.jetty.servlet.ServletHandler$CachedChain.doFilter(ServletHandler.java:1476)
	org.eclipse.jetty.servlet.ServletHandler.doHandle(ServletHandler.java:499)
	org.eclipse.jetty.server.handler.ScopedHandler.handle(ScopedHandler.java:137)
	org.eclipse.jetty.security.SecurityHandler.handle(SecurityHandler.java:557)
	org.eclipse.jetty.server.session.SessionHandler.doHandle(SessionHandler.java:231)
	org.eclipse.jetty.server.handler.ContextHandler.doHandle(ContextHandler.java:1086)
	org.eclipse.jetty.servlet.ServletHandler.doScope(ServletHandler.java:428)
	org.eclipse.jetty.server.session.SessionHandler.doScope(SessionHandler.java:193)
	org.eclipse.jetty.server.handler.ContextHandler.doScope(ContextHandler.java:1020)
	org.eclipse.jetty.server.handler.ScopedHandler.handle(ScopedHandler.java:135)
	org.eclipse.jetty.server.handler.ContextHandlerCollection.handle(ContextHandlerCollection.java:255)
	org.eclipse.jetty.server.handler.HandlerCollection.handle(HandlerCollection.java:154)
	org.eclipse.jetty.server.handler.HandlerWrapper.handle(HandlerWrapper.java:116)
	org.eclipse.jetty.server.Server.handle(Server.java:370)
	org.eclipse.jetty.server.AbstractHttpConnection.handleRequest(AbstractHttpConnection.java:494)
	org.eclipse.jetty.server.AbstractHttpConnection.headerComplete(AbstractHttpConnection.java:971)
	org.eclipse.jetty.server.AbstractHttpConnection$RequestHandler.headerComplete(AbstractHttpConnection.java:1033)
	org.eclipse.jetty.http.HttpParser.parseNext(HttpParser.java:644)
	org.eclipse.jetty.http.HttpParser.parseAvailable(HttpParser.java:235)
	org.eclipse.jetty.server.AsyncHttpConnection.handle(AsyncHttpConnection.java:82)
	org.eclipse.jetty.io.nio.SelectChannelEndPoint.handle(SelectChannelEndPoint.java:667)
	org.eclipse.jetty.io.nio.SelectChannelEndPoint$1.run(SelectChannelEndPoint.java:52)
	org.eclipse.jetty.util.thread.QueuedThreadPool.runJob(QueuedThreadPool.java:608)
	org.eclipse.jetty.util.thread.QueuedThreadPool$3.run(QueuedThreadPool.java:543)
	java.lang.Thread.run(Thread.java:695)

net.liftweb.util.TimeHelpers - Service request (GET) /game returned 500, took 10067 Milliseconds
net.liftweb.http.LiftRules - Exception being returned to browser when processing /game: Message: java.lang.reflect.InvocationTargetException
	sun.reflect.NativeConstructorAccessorImpl.newInstance0(Native Method)
	sun.reflect.NativeConstructorAccessorImpl.newInstance(NativeConstructorAccessorImpl.java:39)
	sun.reflect.DelegatingConstructorAccessorImpl.newInstance(DelegatingConstructorAccessorImpl.java:27)
	java.lang.reflect.Constructor.newInstance(Constructor.java:513)
	net.liftweb.http.UnitConstructor.makeOne(Templates.scala:360)
	net.liftweb.http.LiftSession$$anonfun$constructFrom$1.apply(LiftSession.scala:140)
	net.liftweb.http.LiftSession$$anonfun$constructFrom$1.apply(LiftSession.scala:139)
	net.liftweb.common.Full.map(Box.scala:491)
	net.liftweb.http.LiftSession$.constructFrom(LiftSession.scala:139)
	net.liftweb.http.LiftSession.net$liftweb$http$LiftSession$$instantiateOrRedirect(LiftSession.scala:1260)
	net.liftweb.http.LiftSession$$anonfun$net$liftweb$http$LiftSession$$findSnippetInstance$1$$anonfun$apply$64$$anonfun$apply$65.apply(LiftSession.scala:1390)
	net.liftweb.http.LiftSession$$anonfun$net$liftweb$http$LiftSession$$findSnippetInstance$1$$anonfun$apply$64$$anonfun$apply$65.apply(LiftSession.scala:1390)
	net.liftweb.common.Full.flatMap(Box.scala:493)
	net.liftweb.http.LiftSession$$anonfun$net$liftweb$http$LiftSession$$findSnippetInstance$1$$anonfun$apply$64.apply(LiftSession.scala:1390)
	net.liftweb.http.LiftSession$$anonfun$net$liftweb$http$LiftSession$$findSnippetInstance$1$$anonfun$apply$64.apply(LiftSession.scala:1390)
	net.liftweb.common.EmptyBox.or(Box.scala:576)
	net.liftweb.http.LiftSession$$anonfun$net$liftweb$http$LiftSession$$findSnippetInstance$1.apply(LiftSession.scala:1389)
	net.liftweb.http.LiftSession$$anonfun$net$liftweb$http$LiftSession$$findSnippetInstance$1.apply(LiftSession.scala:1389)
	net.liftweb.common.EmptyBox.or(Box.scala:576)
	net.liftweb.http.LiftSession.net$liftweb$http$LiftSession$$findSnippetInstance(LiftSession.scala:1388)
	net.liftweb.http.LiftSession$$anonfun$locateAndCacheSnippet$1$1$$anonfun$apply$78.apply(LiftSession.scala:1543)
	net.liftweb.http.LiftSession$$anonfun$locateAndCacheSnippet$1$1$$anonfun$apply$78.apply(LiftSession.scala:1542)
	scala.Function1$$anonfun$andThen$1.apply(Function1.scala:49)
	scala.collection.immutable.Stream.flatMap(Stream.scala:213)
	net.liftweb.util.ListHelpers$class.first(ListHelpers.scala:137)
	net.liftweb.util.Helpers$.first(Helpers.scala:34)
	net.liftweb.http.LiftSession$$anonfun$locateAndCacheSnippet$1$1.apply(LiftSession.scala:1541)
	net.liftweb.http.LiftSession$$anonfun$locateAndCacheSnippet$1$1.apply(LiftSession.scala:1541)
	net.liftweb.common.EmptyBox.or(Box.scala:576)
	net.liftweb.http.LiftSession.locateAndCacheSnippet$1(LiftSession.scala:1540)
	net.liftweb.http.LiftSession$$anonfun$27$$anonfun$apply$80$$anonfun$apply$83$$anonfun$apply$85.apply(LiftSession.scala:1558)
	net.liftweb.http.LiftSession$$anonfun$27$$anonfun$apply$80$$anonfun$apply$83$$anonfun$apply$85.apply(LiftSession.scala:1556)
	net.liftweb.common.EmptyBox.openOr(Box.scala:574)
	net.liftweb.http.LiftSession$$anonfun$27$$anonfun$apply$80$$anonfun$apply$83.apply(LiftSession.scala:1556)
	net.liftweb.http.LiftSession$$anonfun$27$$anonfun$apply$80$$anonfun$apply$83.apply(LiftSession.scala:1556)
	net.liftweb.common.EmptyBox.openOr(Box.scala:574)
	net.liftweb.http.LiftSession$$anonfun$27$$anonfun$apply$80.apply(LiftSession.scala:1555)
	net.liftweb.http.LiftSession$$anonfun$27$$anonfun$apply$80.apply(LiftSession.scala:1555)
	net.liftweb.http.S$class.doSnippet(S.scala:2228)
	net.liftweb.http.S$.doSnippet(S.scala:48)
	net.liftweb.http.LiftSession$$anonfun$27.apply(LiftSession.scala:1553)
	net.liftweb.http.LiftSession$$anonfun$27.apply(LiftSession.scala:1552)
	net.liftweb.common.Full.map(Box.scala:491)
	net.liftweb.http.LiftSession.net$liftweb$http$LiftSession$$processSnippet(LiftSession.scala:1552)
	net.liftweb.http.LiftSession$$anonfun$_defaultLiftTagProcessing$1.apply(LiftSession.scala:1778)
	net.liftweb.http.LiftSession$$anonfun$_defaultLiftTagProcessing$1.apply(LiftSession.scala:1766)
	net.liftweb.util.NamedPF.apply(NamedPartialFunction.scala:36)
	net.liftweb.util.NamedPF$.apply(NamedPartialFunction.scala:82)
	net.liftweb.http.LiftSession$$anonfun$processSurroundAndInclude$1$$anonfun$apply$92$$anonfun$apply$93$$anonfun$apply$94.apply(LiftSession.scala:1869)
	net.liftweb.http.LiftSession$$anonfun$processSurroundAndInclude$1$$anonfun$apply$92$$anonfun$apply$93$$anonfun$apply$94.apply(LiftSession.scala:1868)
	net.liftweb.util.ThreadGlobal.doWith(ThreadGlobal.scala:71)
	net.liftweb.http.S$class.withAttrs(S.scala:2018)
	net.liftweb.http.S$.withAttrs(S.scala:48)
	net.liftweb.http.LiftSession$$anonfun$processSurroundAndInclude$1$$anonfun$apply$92$$anonfun$apply$93.apply(LiftSession.scala:1867)
	net.liftweb.http.LiftSession$$anonfun$processSurroundAndInclude$1$$anonfun$apply$92$$anonfun$apply$93.apply(LiftSession.scala:1867)
	net.liftweb.http.S$class.doSnippet(S.scala:2228)
	net.liftweb.http.S$.doSnippet(S.scala:48)
	net.liftweb.http.LiftSession$$anonfun$processSurroundAndInclude$1$$anonfun$apply$92.apply(LiftSession.scala:1866)
	net.liftweb.http.LiftSession$$anonfun$processSurroundAndInclude$1$$anonfun$apply$92.apply(LiftSession.scala:1866)
	net.liftweb.http.LiftSession.net$liftweb$http$LiftSession$$processOrDefer(LiftSession.scala:1853)
	net.liftweb.http.LiftSession$$anonfun$processSurroundAndInclude$1.apply(LiftSession.scala:1865)
	net.liftweb.http.LiftSession$$anonfun$processSurroundAndInclude$1.apply(LiftSession.scala:1860)
	scala.collection.TraversableLike$$anonfun$flatMap$1.apply(TraversableLike.scala:200)
	scala.collection.TraversableLike$$anonfun$flatMap$1.apply(TraversableLike.scala:200)
	scala.collection.Iterator$class.foreach(Iterator.scala:660)
	scala.collection.LinearSeqLike$$anon$1.foreach(LinearSeqLike.scala:50)
	scala.collection.IterableLike$class.foreach(IterableLike.scala:73)
	scala.xml.NodeSeq.foreach(NodeSeq.scala:43)
	scala.collection.TraversableLike$class.flatMap(TraversableLike.scala:200)
	scala.xml.NodeSeq.flatMap(NodeSeq.scala:43)
	net.liftweb.http.LiftSession.processSurroundAndInclude(LiftSession.scala:1860)
	net.liftweb.builtin.snippet.Surround$$anonfun$render$1$$anonfun$apply$2$$anonfun$apply$3.apply(Surround.scala:40)
	net.liftweb.builtin.snippet.Surround$$anonfun$render$1$$anonfun$apply$2$$anonfun$apply$3.apply(Surround.scala:39)
	net.liftweb.util.AnyVarTrait$class.doWith(AnyVar.scala:233)
	net.liftweb.util.AnyVar.doWith(AnyVar.scala:89)
	net.liftweb.builtin.snippet.Surround$$anonfun$render$1$$anonfun$apply$2.apply(Surround.scala:39)
	net.liftweb.builtin.snippet.Surround$$anonfun$render$1$$anonfun$apply$2.apply(Surround.scala:37)
	net.liftweb.common.Full.map(Box.scala:491)
	net.liftweb.builtin.snippet.Surround$$anonfun$render$1.apply(Surround.scala:37)
	net.liftweb.builtin.snippet.Surround$$anonfun$render$1.apply(Surround.scala:36)
	net.liftweb.common.Full.flatMap(Box.scala:493)
	net.liftweb.builtin.snippet.Surround$.render(Surround.scala:36)
	net.liftweb.builtin.snippet.Surround$$anonfun$dispatch$1$$anonfun$apply$1.apply(Surround.scala:31)
	net.liftweb.builtin.snippet.Surround$$anonfun$dispatch$1$$anonfun$apply$1.apply(Surround.scala:31)
	net.liftweb.http.LiftSession$$anonfun$27$$anonfun$apply$80$$anonfun$apply$83$$anonfun$apply$85.apply(LiftSession.scala:1584)
	net.liftweb.http.LiftSession$$anonfun$27$$anonfun$apply$80$$anonfun$apply$83$$anonfun$apply$85.apply(LiftSession.scala:1556)
	net.liftweb.common.EmptyBox.openOr(Box.scala:574)
	net.liftweb.http.LiftSession$$anonfun$27$$anonfun$apply$80$$anonfun$apply$83.apply(LiftSession.scala:1556)
	net.liftweb.http.LiftSession$$anonfun$27$$anonfun$apply$80$$anonfun$apply$83.apply(LiftSession.scala:1556)
	net.liftweb.common.EmptyBox.openOr(Box.scala:574)
	net.liftweb.http.LiftSession$$anonfun$27$$anonfun$apply$80.apply(LiftSession.scala:1555)
	net.liftweb.http.LiftSession$$anonfun$27$$anonfun$apply$80.apply(LiftSession.scala:1555)
	net.liftweb.http.S$class.doSnippet(S.scala:2228)
	net.liftweb.http.S$.doSnippet(S.scala:48)
	net.liftweb.http.LiftSession$$anonfun$27.apply(LiftSession.scala:1553)
	net.liftweb.http.LiftSession$$anonfun$27.apply(LiftSession.scala:1552)
	net.liftweb.common.Full.map(Box.scala:491)
	net.liftweb.http.LiftSession.net$liftweb$http$LiftSession$$processSnippet(LiftSession.scala:1552)
	net.liftweb.http.LiftSession$$anonfun$_defaultLiftTagProcessing$1.apply(LiftSession.scala:1778)
	net.liftweb.http.LiftSession$$anonfun$_defaultLiftTagProcessing$1.apply(LiftSession.scala:1766)
	net.liftweb.util.NamedPF.apply(NamedPartialFunction.scala:36)
	net.liftweb.util.NamedPF$.apply(NamedPartialFunction.scala:82)
	net.liftweb.http.LiftSession$$anonfun$processSurroundAndInclude$1$$anonfun$apply$92$$anonfun$apply$93$$anonfun$apply$94.apply(LiftSession.scala:1869)
	net.liftweb.http.LiftSession$$anonfun$processSurroundAndInclude$1$$anonfun$apply$92$$anonfun$apply$93$$anonfun$apply$94.apply(LiftSession.scala:1868)
	net.liftweb.util.ThreadGlobal.doWith(ThreadGlobal.scala:71)
	net.liftweb.http.S$class.withAttrs(S.scala:2018)
	net.liftweb.http.S$.withAttrs(S.scala:48)
	net.liftweb.http.LiftSession$$anonfun$processSurroundAndInclude$1$$anonfun$apply$92$$anonfun$apply$93.apply(LiftSession.scala:1867)
	net.liftweb.http.LiftSession$$anonfun$processSurroundAndInclude$1$$anonfun$apply$92$$anonfun$apply$93.apply(LiftSession.scala:1867)
	net.liftweb.http.S$class.doSnippet(S.scala:2228)
	net.liftweb.http.S$.doSnippet(S.scala:48)
	net.liftweb.http.LiftSession$$anonfun$processSurroundAndInclude$1$$anonfun$apply$92.apply(LiftSession.scala:1866)
	net.liftweb.http.LiftSession$$anonfun$processSurroundAndInclude$1$$anonfun$apply$92.apply(LiftSession.scala:1866)
	net.liftweb.http.LiftSession.net$liftweb$http$LiftSession$$processOrDefer(LiftSession.scala:1853)
	net.liftweb.http.LiftSession$$anonfun$processSurroundAndInclude$1.apply(LiftSession.scala:1865)
	net.liftweb.http.LiftSession$$anonfun$processSurroundAndInclude$1.apply(LiftSession.scala:1860)
	scala.collection.TraversableLike$$anonfun$flatMap$1.apply(TraversableLike.scala:200)
	scala.collection.TraversableLike$$anonfun$flatMap$1.apply(TraversableLike.scala:200)
	scala.collection.Iterator$class.foreach(Iterator.scala:660)
	scala.collection.LinearSeqLike$$anon$1.foreach(LinearSeqLike.scala:50)
	scala.collection.IterableLike$class.foreach(IterableLike.scala:73)
	scala.xml.NodeSeq.foreach(NodeSeq.scala:43)
	scala.collection.TraversableLike$class.flatMap(TraversableLike.scala:200)
	scala.xml.NodeSeq.flatMap(NodeSeq.scala:43)
	net.liftweb.http.LiftSession.processSurroundAndInclude(LiftSession.scala:1860)
	net.liftweb.http.LiftSession$$anonfun$processTemplate$1$$anonfun$apply$44$$anonfun$apply$45.apply(LiftSession.scala:986)
	net.liftweb.http.LiftSession$$anonfun$processTemplate$1$$anonfun$apply$44$$anonfun$apply$45.apply(LiftSession.scala:983)
	net.liftweb.util.ThreadGlobal.doWith(ThreadGlobal.scala:71)
	net.liftweb.http.LiftSession$$anonfun$processTemplate$1$$anonfun$apply$44.apply(LiftSession.scala:983)
	net.liftweb.http.LiftSession$$anonfun$processTemplate$1$$anonfun$apply$44.apply(LiftSession.scala:982)
	net.liftweb.common.Full.map(Box.scala:491)
	net.liftweb.http.LiftSession$$anonfun$processTemplate$1.apply(LiftSession.scala:981)
	net.liftweb.http.LiftSession$$anonfun$processTemplate$1.apply(LiftSession.scala:981)
	net.liftweb.util.AnyVarTrait$class.doWith(AnyVar.scala:233)
	net.liftweb.util.AnyVar.doWith(AnyVar.scala:89)
	net.liftweb.http.LiftSession.processTemplate(LiftSession.scala:980)
	net.liftweb.http.LiftSession$$anonfun$19$$anonfun$apply$46$$anonfun$apply$47$$anonfun$apply$50.apply(LiftSession.scala:1087)
	net.liftweb.http.LiftSession$$anonfun$19$$anonfun$apply$46$$anonfun$apply$47$$anonfun$apply$50.apply(LiftSession.scala:1087)
	net.liftweb.common.EmptyBox.or(Box.scala:576)
	net.liftweb.http.LiftSession$$anonfun$19$$anonfun$apply$46$$anonfun$apply$47.apply(LiftSession.scala:1086)
	net.liftweb.http.LiftSession$$anonfun$19$$anonfun$apply$46$$anonfun$apply$47.apply(LiftSession.scala:1086)
	net.liftweb.util.StackableMaker$class.doWith(Maker.scala:141)
	net.liftweb.http.Factory$FactoryMaker.doWith(Factory.scala:37)
	net.liftweb.util.StackableMaker$class.doWith(Maker.scala:135)
	net.liftweb.http.Factory$FactoryMaker.doWith(Factory.scala:37)
	net.liftweb.http.LiftSession$$anonfun$19$$anonfun$apply$46.apply(LiftSession.scala:1085)
	net.liftweb.http.LiftSession$$anonfun$19$$anonfun$apply$46.apply(LiftSession.scala:1081)
	net.liftweb.http.LiftSession.net$liftweb$http$LiftSession$$checkStatelessInSiteMap(LiftSession.scala:1025)
	net.liftweb.http.LiftSession$$anonfun$19.apply(LiftSession.scala:1081)
	net.liftweb.http.LiftSession$$anonfun$19.apply(LiftSession.scala:1079)
	net.liftweb.common.EmptyBox.or(Box.scala:576)
	net.liftweb.http.LiftSession.processRequest(LiftSession.scala:1079)
	net.liftweb.http.LiftServlet.net$liftweb$http$LiftServlet$$dispatchStatefulRequest(LiftServlet.scala:414)
	net.liftweb.http.LiftServlet$$anonfun$doSession$1$1.apply(LiftServlet.scala:279)
	net.liftweb.http.LiftServlet$$anonfun$doSession$1$1.apply(LiftServlet.scala:279)
	net.liftweb.http.S$class.net$liftweb$http$S$$wrapQuery(S.scala:1376)
	net.liftweb.http.S$$anonfun$net$liftweb$http$S$$_nest2InnerInit$1$$anonfun$apply$34.apply(S.scala:1524)
	net.liftweb.http.S$class.net$liftweb$http$S$$doAround(S.scala:1305)
	net.liftweb.http.S$$anonfun$net$liftweb$http$S$$_nest2InnerInit$1.apply(S.scala:1522)
	net.liftweb.util.ThreadGlobal.doWith(ThreadGlobal.scala:71)
	net.liftweb.http.S$class.net$liftweb$http$S$$_nest2InnerInit(S.scala:1521)
	net.liftweb.http.S$$anonfun$net$liftweb$http$S$$_innerInit$1$$anonfun$apply$38$$anonfun$apply$39$$anonfun$apply$40$$anonfun$apply$41.apply(S.scala:1561)
	net.liftweb.util.ThreadGlobal.doWith(ThreadGlobal.scala:71)
	net.liftweb.http.S$$anonfun$withReq$1.apply(S.scala:1571)
	net.liftweb.util.ThreadGlobal.doWith(ThreadGlobal.scala:71)
	net.liftweb.http.S$class.withReq(S.scala:1570)
	net.liftweb.http.S$.withReq(S.scala:48)
	net.liftweb.http.S$$anonfun$net$liftweb$http$S$$_innerInit$1$$anonfun$apply$38$$anonfun$apply$39$$anonfun$apply$40.apply(S.scala:1560)
	net.liftweb.util.ThreadGlobal.doWith(ThreadGlobal.scala:71)
	net.liftweb.http.S$$anonfun$net$liftweb$http$S$$_innerInit$1$$anonfun$apply$38$$anonfun$apply$39.apply(S.scala:1559)
	net.liftweb.util.ThreadGlobal.doWith(ThreadGlobal.scala:71)
	net.liftweb.http.S$$anonfun$net$liftweb$http$S$$_innerInit$1$$anonfun$apply$38.apply(S.scala:1558)
	net.liftweb.util.ThreadGlobal.doWith(ThreadGlobal.scala:71)
	net.liftweb.http.S$$anonfun$net$liftweb$http$S$$_innerInit$1.apply(S.scala:1557)
	net.liftweb.util.ThreadGlobal.doWith(ThreadGlobal.scala:71)
	net.liftweb.http.S$class.net$liftweb$http$S$$_innerInit(S.scala:1556)
	net.liftweb.http.S$$anonfun$net$liftweb$http$S$$_init$1$$anonfun$apply$44$$anonfun$apply$45$$anonfun$apply$46$$anonfun$apply$47$$anonfun$apply$48.apply(S.scala:1594)
	net.liftweb.util.ThreadGlobal.doWith(ThreadGlobal.scala:71)
	net.liftweb.http.S$$anonfun$net$liftweb$http$S$$_init$1$$anonfun$apply$44$$anonfun$apply$45$$anonfun$apply$46$$anonfun$apply$47.apply(S.scala:1592)
	net.liftweb.http.CoreRequestVarHandler$class.apply(Vars.scala:613)
	net.liftweb.http.RequestVarHandler$.apply(Vars.scala:515)
	net.liftweb.http.S$$anonfun$net$liftweb$http$S$$_init$1$$anonfun$apply$44$$anonfun$apply$45$$anonfun$apply$46.apply(S.scala:1591)
	net.liftweb.http.CoreRequestVarHandler$class.apply(Vars.scala:613)
	net.liftweb.http.TransientRequestVarHandler$.apply(Vars.scala:528)
	net.liftweb.http.S$$anonfun$net$liftweb$http$S$$_init$1$$anonfun$apply$44$$anonfun$apply$45.apply(S.scala:1590)
	net.liftweb.util.ThreadGlobal.doWith(ThreadGlobal.scala:71)
	net.liftweb.http.S$$anonfun$net$liftweb$http$S$$_init$1$$anonfun$apply$44.apply(S.scala:1589)
	net.liftweb.util.ThreadGlobal.doWith(ThreadGlobal.scala:71)
	net.liftweb.http.S$$anonfun$net$liftweb$http$S$$_init$1.apply(S.scala:1588)
	net.liftweb.util.ThreadGlobal.doWith(ThreadGlobal.scala:71)
	net.liftweb.http.S$class.net$liftweb$http$S$$_init(S.scala:1587)
	net.liftweb.http.S$class.init(S.scala:1190)
	net.liftweb.http.LiftServlet.doSession$1(LiftServlet.scala:278)
	net.liftweb.http.LiftServlet.doService(LiftServlet.scala:288)
	net.liftweb.http.LiftServlet$$anonfun$doIt$1$1.apply(LiftServlet.scala:132)
	net.liftweb.http.LiftServlet$$anonfun$doIt$1$1.apply(LiftServlet.scala:131)
	net.liftweb.util.TimeHelpers$class.calcTime(TimeHelpers.scala:344)
	net.liftweb.util.Helpers$.calcTime(Helpers.scala:34)
	net.liftweb.util.TimeHelpers$class.logTime(TimeHelpers.scala:363)
	net.liftweb.util.Helpers$.logTime(Helpers.scala:34)
	net.liftweb.http.LiftServlet.doIt$1(LiftServlet.scala:131)
	net.liftweb.http.LiftServlet.service(LiftServlet.scala:142)
	net.liftweb.http.provider.HTTPProvider$$anonfun$service$2$$anonfun$apply$mcV$sp$1$$anonfun$apply$mcV$sp$2.apply$mcV$sp(HTTPProvider.scala:72)
	net.liftweb.http.provider.HTTPProvider$$anonfun$service$2$$anonfun$apply$mcV$sp$1$$anonfun$apply$mcV$sp$2.apply(HTTPProvider.scala:71)
	net.liftweb.http.provider.HTTPProvider$$anonfun$service$2$$anonfun$apply$mcV$sp$1$$anonfun$apply$mcV$sp$2.apply(HTTPProvider.scala:71)
	net.liftweb.util.ThreadGlobal.doWith(ThreadGlobal.scala:71)
	net.liftweb.http.URLRewriter$.doWith(Req.scala:1253)
	net.liftweb.http.provider.HTTPProvider$$anonfun$service$2$$anonfun$apply$mcV$sp$1.apply$mcV$sp(HTTPProvider.scala:70)
	net.liftweb.http.provider.HTTPProvider$$anonfun$service$2$$anonfun$apply$mcV$sp$1.apply(HTTPProvider.scala:70)
	net.liftweb.http.provider.HTTPProvider$$anonfun$service$2$$anonfun$apply$mcV$sp$1.apply(HTTPProvider.scala:70)
	net.liftweb.util.ThreadGlobal.doWith(ThreadGlobal.scala:71)
	net.liftweb.http.provider.HTTPProvider$$anonfun$service$2.apply$mcV$sp(HTTPProvider.scala:66)
	net.liftweb.http.provider.HTTPProvider$$anonfun$service$2.apply(HTTPProvider.scala:60)
	net.liftweb.http.provider.HTTPProvider$$anonfun$service$2.apply(HTTPProvider.scala:60)
	net.liftweb.util.ThreadGlobal.doWith(ThreadGlobal.scala:71)
	net.liftweb.http.provider.HTTPProvider$class.service(HTTPProvider.scala:60)
	net.liftweb.http.LiftFilter.service(LiftServlet.scala:757)
	net.liftweb.http.provider.servlet.ServletFilterProvider$$anonfun$doFilter$1$$anonfun$apply$mcV$sp$1.apply$mcV$sp(ServletFilterProvider.scala:67)
	net.liftweb.http.provider.servlet.ServletFilterProvider$$anonfun$doFilter$1$$anonfun$apply$mcV$sp$1.apply(ServletFilterProvider.scala:62)
	net.liftweb.http.provider.servlet.ServletFilterProvider$$anonfun$doFilter$1$$anonfun$apply$mcV$sp$1.apply(ServletFilterProvider.scala:62)
	net.liftweb.http.CoreRequestVarHandler$$anonfun$apply$16$$anonfun$apply$17$$anonfun$apply$18$$anonfun$apply$19.apply(Vars.scala:619)
	net.liftweb.util.ThreadGlobal.doWith(ThreadGlobal.scala:71)
	net.liftweb.http.CoreRequestVarHandler$$anonfun$apply$16$$anonfun$apply$17$$anonfun$apply$18.apply(Vars.scala:618)
	net.liftweb.util.ThreadGlobal.doWith(ThreadGlobal.scala:71)
	net.liftweb.http.CoreRequestVarHandler$$anonfun$apply$16$$anonfun$apply$17.apply(Vars.scala:617)
	net.liftweb.util.ThreadGlobal.doWith(ThreadGlobal.scala:71)
	net.liftweb.http.CoreRequestVarHandler$$anonfun$apply$16.apply(Vars.scala:616)
	net.liftweb.util.ThreadGlobal.doWith(ThreadGlobal.scala:71)
	net.liftweb.http.CoreRequestVarHandler$class.apply(Vars.scala:615)
	net.liftweb.http.RequestVarHandler$.apply(Vars.scala:515)
	net.liftweb.http.provider.servlet.ServletFilterProvider$$anonfun$doFilter$1.apply(ServletFilterProvider.scala:61)
	net.liftweb.http.provider.servlet.ServletFilterProvider$$anonfun$doFilter$1.apply(ServletFilterProvider.scala:61)
	net.liftweb.http.CoreRequestVarHandler$$anonfun$apply$16$$anonfun$apply$17$$anonfun$apply$18$$anonfun$apply$19.apply(Vars.scala:619)
	net.liftweb.util.ThreadGlobal.doWith(ThreadGlobal.scala:71)
	net.liftweb.http.CoreRequestVarHandler$$anonfun$apply$16$$anonfun$apply$17$$anonfun$apply$18.apply(Vars.scala:618)
	net.liftweb.util.ThreadGlobal.doWith(ThreadGlobal.scala:71)
	net.liftweb.http.CoreRequestVarHandler$$anonfun$apply$16$$anonfun$apply$17.apply(Vars.scala:617)
	net.liftweb.util.ThreadGlobal.doWith(ThreadGlobal.scala:71)
	net.liftweb.http.CoreRequestVarHandler$$anonfun$apply$16.apply(Vars.scala:616)
	net.liftweb.util.ThreadGlobal.doWith(ThreadGlobal.scala:71)
	net.liftweb.http.CoreRequestVarHandler$class.apply(Vars.scala:615)
	net.liftweb.http.provider.servlet.ServletFilterProvider$class.doFilter(ServletFilterProvider.scala:60)
	net.liftweb.http.LiftFilter.doFilter(LiftServlet.scala:757)
	org.eclipse.jetty.servlet.ServletHandler$CachedChain.doFilter(ServletHandler.java:1476)
	org.eclipse.jetty.servlet.ServletHandler.doHandle(ServletHandler.java:499)
	org.eclipse.jetty.server.handler.ScopedHandler.handle(ScopedHandler.java:137)
	org.eclipse.jetty.security.SecurityHandler.handle(SecurityHandler.java:557)
	org.eclipse.jetty.server.session.SessionHandler.doHandle(SessionHandler.java:231)
	org.eclipse.jetty.server.handler.ContextHandler.doHandle(ContextHandler.java:1086)
	org.eclipse.jetty.servlet.ServletHandler.doScope(ServletHandler.java:428)
	org.eclipse.jetty.server.session.SessionHandler.doScope(SessionHandler.java:193)
	org.eclipse.jetty.server.handler.ContextHandler.doScope(ContextHandler.java:1020)
	org.eclipse.jetty.server.handler.ScopedHandler.handle(ScopedHandler.java:135)
	org.eclipse.jetty.server.handler.ContextHandlerCollection.handle(ContextHandlerCollection.java:255)
	org.eclipse.jetty.server.handler.HandlerCollection.handle(HandlerCollection.java:154)
	org.eclipse.jetty.server.handler.HandlerWrapper.handle(HandlerWrapper.java:116)
	org.eclipse.jetty.server.Server.handle(Server.java:370)
	org.eclipse.jetty.server.AbstractHttpConnection.handleRequest(AbstractHttpConnection.java:494)
	org.eclipse.jetty.server.AbstractHttpConnection.headerComplete(AbstractHttpConnection.java:971)
	org.eclipse.jetty.server.AbstractHttpConnection$RequestHandler.headerComplete(AbstractHttpConnection.java:1033)
	org.eclipse.jetty.http.HttpParser.parseNext(HttpParser.java:644)
	org.eclipse.jetty.http.HttpParser.parseAvailable(HttpParser.java:235)
	org.eclipse.jetty.server.AsyncHttpConnection.handle(AsyncHttpConnection.java:82)
	org.eclipse.jetty.io.nio.SelectChannelEndPoint.handle(SelectChannelEndPoint.java:667)
	org.eclipse.jetty.io.nio.SelectChannelEndPoint$1.run(SelectChannelEndPoint.java:52)
	org.eclipse.jetty.util.thread.QueuedThreadPool.runJob(QueuedThreadPool.java:608)
	org.eclipse.jetty.util.thread.QueuedThreadPool$3.run(QueuedThreadPool.java:543)
	java.lang.Thread.run(Thread.java:695)

Caught and thrown by:
Message: com.mongodb.MongoTimeoutException: Timed out while waiting to connect after 10000 ms
	com.mongodb.BaseCluster.getDescription(BaseCluster.java:131)
	com.mongodb.DBTCPConnector.getClusterDescription(DBTCPConnector.java:396)
	com.mongodb.DBTCPConnector.getType(DBTCPConnector.java:569)
	com.mongodb.DBTCPConnector.isMongosConnection(DBTCPConnector.java:370)
	com.mongodb.Mongo.isMongosConnection(Mongo.java:645)
	com.mongodb.DBCursor._check(DBCursor.java:454)
	com.mongodb.DBCursor._hasNext(DBCursor.java:546)
	com.mongodb.DBCursor._fill(DBCursor.java:605)
	com.mongodb.DBCursor.toArray(DBCursor.java:640)
	com.mongodb.DBCursor.toArray(DBCursor.java:629)
	net.liftweb.mongodb.record.MongoMetaRecord$$anonfun$findAll$1.apply(MongoMetaRecord.scala:140)
	net.liftweb.mongodb.record.MongoMetaRecord$$anonfun$findAll$1.apply(MongoMetaRecord.scala:139)
	net.liftweb.mongodb.MongoDB$.useCollection(Mongo.scala:178)
	net.liftweb.mongodb.MongoMeta$class.useColl(MongoMeta.scala:71)
	br.com.ranking.model.Player$.useColl(Player.scala:29)
	net.liftweb.mongodb.record.MongoMetaRecord$class.findAll(MongoMetaRecord.scala:139)
	br.com.ranking.model.Player$.findAll(Player.scala:29)
	br.com.ranking.model.PlayerDAO$class.findAll(Player.scala:64)
	br.com.ranking.model.PlayerDAO$.findAll(Player.scala:72)
	br.com.ranking.snippet.GameSnippet.<init>(GameSnippet.scala:9)
	sun.reflect.NativeConstructorAccessorImpl.newInstance0(Native Method)
	sun.reflect.NativeConstructorAccessorImpl.newInstance(NativeConstructorAccessorImpl.java:39)
	sun.reflect.DelegatingConstructorAccessorImpl.newInstance(DelegatingConstructorAccessorImpl.java:27)
	java.lang.reflect.Constructor.newInstance(Constructor.java:513)
	net.liftweb.http.UnitConstructor.makeOne(Templates.scala:360)
	net.liftweb.http.LiftSession$$anonfun$constructFrom$1.apply(LiftSession.scala:140)
	net.liftweb.http.LiftSession$$anonfun$constructFrom$1.apply(LiftSession.scala:139)
	net.liftweb.common.Full.map(Box.scala:491)
	net.liftweb.http.LiftSession$.constructFrom(LiftSession.scala:139)
	net.liftweb.http.LiftSession.net$liftweb$http$LiftSession$$instantiateOrRedirect(LiftSession.scala:1260)
	net.liftweb.http.LiftSession$$anonfun$net$liftweb$http$LiftSession$$findSnippetInstance$1$$anonfun$apply$64$$anonfun$apply$65.apply(LiftSession.scala:1390)
	net.liftweb.http.LiftSession$$anonfun$net$liftweb$http$LiftSession$$findSnippetInstance$1$$anonfun$apply$64$$anonfun$apply$65.apply(LiftSession.scala:1390)
	net.liftweb.common.Full.flatMap(Box.scala:493)
	net.liftweb.http.LiftSession$$anonfun$net$liftweb$http$LiftSession$$findSnippetInstance$1$$anonfun$apply$64.apply(LiftSession.scala:1390)
	net.liftweb.http.LiftSession$$anonfun$net$liftweb$http$LiftSession$$findSnippetInstance$1$$anonfun$apply$64.apply(LiftSession.scala:1390)
	net.liftweb.common.EmptyBox.or(Box.scala:576)
	net.liftweb.http.LiftSession$$anonfun$net$liftweb$http$LiftSession$$findSnippetInstance$1.apply(LiftSession.scala:1389)
	net.liftweb.http.LiftSession$$anonfun$net$liftweb$http$LiftSession$$findSnippetInstance$1.apply(LiftSession.scala:1389)
	net.liftweb.common.EmptyBox.or(Box.scala:576)
	net.liftweb.http.LiftSession.net$liftweb$http$LiftSession$$findSnippetInstance(LiftSession.scala:1388)
	net.liftweb.http.LiftSession$$anonfun$locateAndCacheSnippet$1$1$$anonfun$apply$78.apply(LiftSession.scala:1543)
	net.liftweb.http.LiftSession$$anonfun$locateAndCacheSnippet$1$1$$anonfun$apply$78.apply(LiftSession.scala:1542)
	scala.Function1$$anonfun$andThen$1.apply(Function1.scala:49)
	scala.collection.immutable.Stream.flatMap(Stream.scala:213)
	net.liftweb.util.ListHelpers$class.first(ListHelpers.scala:137)
	net.liftweb.util.Helpers$.first(Helpers.scala:34)
	net.liftweb.http.LiftSession$$anonfun$locateAndCacheSnippet$1$1.apply(LiftSession.scala:1541)
	net.liftweb.http.LiftSession$$anonfun$locateAndCacheSnippet$1$1.apply(LiftSession.scala:1541)
	net.liftweb.common.EmptyBox.or(Box.scala:576)
	net.liftweb.http.LiftSession.locateAndCacheSnippet$1(LiftSession.scala:1540)
	net.liftweb.http.LiftSession$$anonfun$27$$anonfun$apply$80$$anonfun$apply$83$$anonfun$apply$85.apply(LiftSession.scala:1558)
	net.liftweb.http.LiftSession$$anonfun$27$$anonfun$apply$80$$anonfun$apply$83$$anonfun$apply$85.apply(LiftSession.scala:1556)
	net.liftweb.common.EmptyBox.openOr(Box.scala:574)
	net.liftweb.http.LiftSession$$anonfun$27$$anonfun$apply$80$$anonfun$apply$83.apply(LiftSession.scala:1556)
	net.liftweb.http.LiftSession$$anonfun$27$$anonfun$apply$80$$anonfun$apply$83.apply(LiftSession.scala:1556)
	net.liftweb.common.EmptyBox.openOr(Box.scala:574)
	net.liftweb.http.LiftSession$$anonfun$27$$anonfun$apply$80.apply(LiftSession.scala:1555)
	net.liftweb.http.LiftSession$$anonfun$27$$anonfun$apply$80.apply(LiftSession.scala:1555)
	net.liftweb.http.S$class.doSnippet(S.scala:2228)
	net.liftweb.http.S$.doSnippet(S.scala:48)
	net.liftweb.http.LiftSession$$anonfun$27.apply(LiftSession.scala:1553)
	net.liftweb.http.LiftSession$$anonfun$27.apply(LiftSession.scala:1552)
	net.liftweb.common.Full.map(Box.scala:491)
	net.liftweb.http.LiftSession.net$liftweb$http$LiftSession$$processSnippet(LiftSession.scala:1552)
	net.liftweb.http.LiftSession$$anonfun$_defaultLiftTagProcessing$1.apply(LiftSession.scala:1778)
	net.liftweb.http.LiftSession$$anonfun$_defaultLiftTagProcessing$1.apply(LiftSession.scala:1766)
	net.liftweb.util.NamedPF.apply(NamedPartialFunction.scala:36)
	net.liftweb.util.NamedPF$.apply(NamedPartialFunction.scala:82)
	net.liftweb.http.LiftSession$$anonfun$processSurroundAndInclude$1$$anonfun$apply$92$$anonfun$apply$93$$anonfun$apply$94.apply(LiftSession.scala:1869)
	net.liftweb.http.LiftSession$$anonfun$processSurroundAndInclude$1$$anonfun$apply$92$$anonfun$apply$93$$anonfun$apply$94.apply(LiftSession.scala:1868)
	net.liftweb.util.ThreadGlobal.doWith(ThreadGlobal.scala:71)
	net.liftweb.http.S$class.withAttrs(S.scala:2018)
	net.liftweb.http.S$.withAttrs(S.scala:48)
	net.liftweb.http.LiftSession$$anonfun$processSurroundAndInclude$1$$anonfun$apply$92$$anonfun$apply$93.apply(LiftSession.scala:1867)
	net.liftweb.http.LiftSession$$anonfun$processSurroundAndInclude$1$$anonfun$apply$92$$anonfun$apply$93.apply(LiftSession.scala:1867)
	net.liftweb.http.S$class.doSnippet(S.scala:2228)
	net.liftweb.http.S$.doSnippet(S.scala:48)
	net.liftweb.http.LiftSession$$anonfun$processSurroundAndInclude$1$$anonfun$apply$92.apply(LiftSession.scala:1866)
	net.liftweb.http.LiftSession$$anonfun$processSurroundAndInclude$1$$anonfun$apply$92.apply(LiftSession.scala:1866)
	net.liftweb.http.LiftSession.net$liftweb$http$LiftSession$$processOrDefer(LiftSession.scala:1853)
	net.liftweb.http.LiftSession$$anonfun$processSurroundAndInclude$1.apply(LiftSession.scala:1865)
	net.liftweb.http.LiftSession$$anonfun$processSurroundAndInclude$1.apply(LiftSession.scala:1860)
	scala.collection.TraversableLike$$anonfun$flatMap$1.apply(TraversableLike.scala:200)
	scala.collection.TraversableLike$$anonfun$flatMap$1.apply(TraversableLike.scala:200)
	scala.collection.Iterator$class.foreach(Iterator.scala:660)
	scala.collection.LinearSeqLike$$anon$1.foreach(LinearSeqLike.scala:50)
	scala.collection.IterableLike$class.foreach(IterableLike.scala:73)
	scala.xml.NodeSeq.foreach(NodeSeq.scala:43)
	scala.collection.TraversableLike$class.flatMap(TraversableLike.scala:200)
	scala.xml.NodeSeq.flatMap(NodeSeq.scala:43)
	net.liftweb.http.LiftSession.processSurroundAndInclude(LiftSession.scala:1860)
	net.liftweb.builtin.snippet.Surround$$anonfun$render$1$$anonfun$apply$2$$anonfun$apply$3.apply(Surround.scala:40)
	net.liftweb.builtin.snippet.Surround$$anonfun$render$1$$anonfun$apply$2$$anonfun$apply$3.apply(Surround.scala:39)
	net.liftweb.util.AnyVarTrait$class.doWith(AnyVar.scala:233)
	net.liftweb.util.AnyVar.doWith(AnyVar.scala:89)
	net.liftweb.builtin.snippet.Surround$$anonfun$render$1$$anonfun$apply$2.apply(Surround.scala:39)
	net.liftweb.builtin.snippet.Surround$$anonfun$render$1$$anonfun$apply$2.apply(Surround.scala:37)
	net.liftweb.common.Full.map(Box.scala:491)
	net.liftweb.builtin.snippet.Surround$$anonfun$render$1.apply(Surround.scala:37)
	net.liftweb.builtin.snippet.Surround$$anonfun$render$1.apply(Surround.scala:36)
	net.liftweb.common.Full.flatMap(Box.scala:493)
	net.liftweb.builtin.snippet.Surround$.render(Surround.scala:36)
	net.liftweb.builtin.snippet.Surround$$anonfun$dispatch$1$$anonfun$apply$1.apply(Surround.scala:31)
	net.liftweb.builtin.snippet.Surround$$anonfun$dispatch$1$$anonfun$apply$1.apply(Surround.scala:31)
	net.liftweb.http.LiftSession$$anonfun$27$$anonfun$apply$80$$anonfun$apply$83$$anonfun$apply$85.apply(LiftSession.scala:1584)
	net.liftweb.http.LiftSession$$anonfun$27$$anonfun$apply$80$$anonfun$apply$83$$anonfun$apply$85.apply(LiftSession.scala:1556)
	net.liftweb.common.EmptyBox.openOr(Box.scala:574)
	net.liftweb.http.LiftSession$$anonfun$27$$anonfun$apply$80$$anonfun$apply$83.apply(LiftSession.scala:1556)
	net.liftweb.http.LiftSession$$anonfun$27$$anonfun$apply$80$$anonfun$apply$83.apply(LiftSession.scala:1556)
	net.liftweb.common.EmptyBox.openOr(Box.scala:574)
	net.liftweb.http.LiftSession$$anonfun$27$$anonfun$apply$80.apply(LiftSession.scala:1555)
	net.liftweb.http.LiftSession$$anonfun$27$$anonfun$apply$80.apply(LiftSession.scala:1555)
	net.liftweb.http.S$class.doSnippet(S.scala:2228)
	net.liftweb.http.S$.doSnippet(S.scala:48)
	net.liftweb.http.LiftSession$$anonfun$27.apply(LiftSession.scala:1553)
	net.liftweb.http.LiftSession$$anonfun$27.apply(LiftSession.scala:1552)
	net.liftweb.common.Full.map(Box.scala:491)
	net.liftweb.http.LiftSession.net$liftweb$http$LiftSession$$processSnippet(LiftSession.scala:1552)
	net.liftweb.http.LiftSession$$anonfun$_defaultLiftTagProcessing$1.apply(LiftSession.scala:1778)
	net.liftweb.http.LiftSession$$anonfun$_defaultLiftTagProcessing$1.apply(LiftSession.scala:1766)
	net.liftweb.util.NamedPF.apply(NamedPartialFunction.scala:36)
	net.liftweb.util.NamedPF$.apply(NamedPartialFunction.scala:82)
	net.liftweb.http.LiftSession$$anonfun$processSurroundAndInclude$1$$anonfun$apply$92$$anonfun$apply$93$$anonfun$apply$94.apply(LiftSession.scala:1869)
	net.liftweb.http.LiftSession$$anonfun$processSurroundAndInclude$1$$anonfun$apply$92$$anonfun$apply$93$$anonfun$apply$94.apply(LiftSession.scala:1868)
	net.liftweb.util.ThreadGlobal.doWith(ThreadGlobal.scala:71)
	net.liftweb.http.S$class.withAttrs(S.scala:2018)
	net.liftweb.http.S$.withAttrs(S.scala:48)
	net.liftweb.http.LiftSession$$anonfun$processSurroundAndInclude$1$$anonfun$apply$92$$anonfun$apply$93.apply(LiftSession.scala:1867)
	net.liftweb.http.LiftSession$$anonfun$processSurroundAndInclude$1$$anonfun$apply$92$$anonfun$apply$93.apply(LiftSession.scala:1867)
	net.liftweb.http.S$class.doSnippet(S.scala:2228)
	net.liftweb.http.S$.doSnippet(S.scala:48)
	net.liftweb.http.LiftSession$$anonfun$processSurroundAndInclude$1$$anonfun$apply$92.apply(LiftSession.scala:1866)
	net.liftweb.http.LiftSession$$anonfun$processSurroundAndInclude$1$$anonfun$apply$92.apply(LiftSession.scala:1866)
	net.liftweb.http.LiftSession.net$liftweb$http$LiftSession$$processOrDefer(LiftSession.scala:1853)
	net.liftweb.http.LiftSession$$anonfun$processSurroundAndInclude$1.apply(LiftSession.scala:1865)
	net.liftweb.http.LiftSession$$anonfun$processSurroundAndInclude$1.apply(LiftSession.scala:1860)
	scala.collection.TraversableLike$$anonfun$flatMap$1.apply(TraversableLike.scala:200)
	scala.collection.TraversableLike$$anonfun$flatMap$1.apply(TraversableLike.scala:200)
	scala.collection.Iterator$class.foreach(Iterator.scala:660)
	scala.collection.LinearSeqLike$$anon$1.foreach(LinearSeqLike.scala:50)
	scala.collection.IterableLike$class.foreach(IterableLike.scala:73)
	scala.xml.NodeSeq.foreach(NodeSeq.scala:43)
	scala.collection.TraversableLike$class.flatMap(TraversableLike.scala:200)
	scala.xml.NodeSeq.flatMap(NodeSeq.scala:43)
	net.liftweb.http.LiftSession.processSurroundAndInclude(LiftSession.scala:1860)
	net.liftweb.http.LiftSession$$anonfun$processTemplate$1$$anonfun$apply$44$$anonfun$apply$45.apply(LiftSession.scala:986)
	net.liftweb.http.LiftSession$$anonfun$processTemplate$1$$anonfun$apply$44$$anonfun$apply$45.apply(LiftSession.scala:983)
	net.liftweb.util.ThreadGlobal.doWith(ThreadGlobal.scala:71)
	net.liftweb.http.LiftSession$$anonfun$processTemplate$1$$anonfun$apply$44.apply(LiftSession.scala:983)
	net.liftweb.http.LiftSession$$anonfun$processTemplate$1$$anonfun$apply$44.apply(LiftSession.scala:982)
	net.liftweb.common.Full.map(Box.scala:491)
	net.liftweb.http.LiftSession$$anonfun$processTemplate$1.apply(LiftSession.scala:981)
	net.liftweb.http.LiftSession$$anonfun$processTemplate$1.apply(LiftSession.scala:981)
	net.liftweb.util.AnyVarTrait$class.doWith(AnyVar.scala:233)
	net.liftweb.util.AnyVar.doWith(AnyVar.scala:89)
	net.liftweb.http.LiftSession.processTemplate(LiftSession.scala:980)
	net.liftweb.http.LiftSession$$anonfun$19$$anonfun$apply$46$$anonfun$apply$47$$anonfun$apply$50.apply(LiftSession.scala:1087)
	net.liftweb.http.LiftSession$$anonfun$19$$anonfun$apply$46$$anonfun$apply$47$$anonfun$apply$50.apply(LiftSession.scala:1087)
	net.liftweb.common.EmptyBox.or(Box.scala:576)
	net.liftweb.http.LiftSession$$anonfun$19$$anonfun$apply$46$$anonfun$apply$47.apply(LiftSession.scala:1086)
	net.liftweb.http.LiftSession$$anonfun$19$$anonfun$apply$46$$anonfun$apply$47.apply(LiftSession.scala:1086)
	net.liftweb.util.StackableMaker$class.doWith(Maker.scala:141)
	net.liftweb.http.Factory$FactoryMaker.doWith(Factory.scala:37)
	net.liftweb.util.StackableMaker$class.doWith(Maker.scala:135)
	net.liftweb.http.Factory$FactoryMaker.doWith(Factory.scala:37)
	net.liftweb.http.LiftSession$$anonfun$19$$anonfun$apply$46.apply(LiftSession.scala:1085)
	net.liftweb.http.LiftSession$$anonfun$19$$anonfun$apply$46.apply(LiftSession.scala:1081)
	net.liftweb.http.LiftSession.net$liftweb$http$LiftSession$$checkStatelessInSiteMap(LiftSession.scala:1025)
	net.liftweb.http.LiftSession$$anonfun$19.apply(LiftSession.scala:1081)
	net.liftweb.http.LiftSession$$anonfun$19.apply(LiftSession.scala:1079)
	net.liftweb.common.EmptyBox.or(Box.scala:576)
	net.liftweb.http.LiftSession.processRequest(LiftSession.scala:1079)
	net.liftweb.http.LiftServlet.net$liftweb$http$LiftServlet$$dispatchStatefulRequest(LiftServlet.scala:414)
	net.liftweb.http.LiftServlet$$anonfun$doSession$1$1.apply(LiftServlet.scala:279)
	net.liftweb.http.LiftServlet$$anonfun$doSession$1$1.apply(LiftServlet.scala:279)
	net.liftweb.http.S$class.net$liftweb$http$S$$wrapQuery(S.scala:1376)
	net.liftweb.http.S$$anonfun$net$liftweb$http$S$$_nest2InnerInit$1$$anonfun$apply$34.apply(S.scala:1524)
	net.liftweb.http.S$class.net$liftweb$http$S$$doAround(S.scala:1305)
	net.liftweb.http.S$$anonfun$net$liftweb$http$S$$_nest2InnerInit$1.apply(S.scala:1522)
	net.liftweb.util.ThreadGlobal.doWith(ThreadGlobal.scala:71)
	net.liftweb.http.S$class.net$liftweb$http$S$$_nest2InnerInit(S.scala:1521)
	net.liftweb.http.S$$anonfun$net$liftweb$http$S$$_innerInit$1$$anonfun$apply$38$$anonfun$apply$39$$anonfun$apply$40$$anonfun$apply$41.apply(S.scala:1561)
	net.liftweb.util.ThreadGlobal.doWith(ThreadGlobal.scala:71)
	net.liftweb.http.S$$anonfun$withReq$1.apply(S.scala:1571)
	net.liftweb.util.ThreadGlobal.doWith(ThreadGlobal.scala:71)
	net.liftweb.http.S$class.withReq(S.scala:1570)
	net.liftweb.http.S$.withReq(S.scala:48)
	net.liftweb.http.S$$anonfun$net$liftweb$http$S$$_innerInit$1$$anonfun$apply$38$$anonfun$apply$39$$anonfun$apply$40.apply(S.scala:1560)
	net.liftweb.util.ThreadGlobal.doWith(ThreadGlobal.scala:71)
	net.liftweb.http.S$$anonfun$net$liftweb$http$S$$_innerInit$1$$anonfun$apply$38$$anonfun$apply$39.apply(S.scala:1559)
	net.liftweb.util.ThreadGlobal.doWith(ThreadGlobal.scala:71)
	net.liftweb.http.S$$anonfun$net$liftweb$http$S$$_innerInit$1$$anonfun$apply$38.apply(S.scala:1558)
	net.liftweb.util.ThreadGlobal.doWith(ThreadGlobal.scala:71)
	net.liftweb.http.S$$anonfun$net$liftweb$http$S$$_innerInit$1.apply(S.scala:1557)
	net.liftweb.util.ThreadGlobal.doWith(ThreadGlobal.scala:71)
	net.liftweb.http.S$class.net$liftweb$http$S$$_innerInit(S.scala:1556)
	net.liftweb.http.S$$anonfun$net$liftweb$http$S$$_init$1$$anonfun$apply$44$$anonfun$apply$45$$anonfun$apply$46$$anonfun$apply$47$$anonfun$apply$48.apply(S.scala:1594)
	net.liftweb.util.ThreadGlobal.doWith(ThreadGlobal.scala:71)
	net.liftweb.http.S$$anonfun$net$liftweb$http$S$$_init$1$$anonfun$apply$44$$anonfun$apply$45$$anonfun$apply$46$$anonfun$apply$47.apply(S.scala:1592)
	net.liftweb.http.CoreRequestVarHandler$class.apply(Vars.scala:613)
	net.liftweb.http.RequestVarHandler$.apply(Vars.scala:515)
	net.liftweb.http.S$$anonfun$net$liftweb$http$S$$_init$1$$anonfun$apply$44$$anonfun$apply$45$$anonfun$apply$46.apply(S.scala:1591)
	net.liftweb.http.CoreRequestVarHandler$class.apply(Vars.scala:613)
	net.liftweb.http.TransientRequestVarHandler$.apply(Vars.scala:528)
	net.liftweb.http.S$$anonfun$net$liftweb$http$S$$_init$1$$anonfun$apply$44$$anonfun$apply$45.apply(S.scala:1590)
	net.liftweb.util.ThreadGlobal.doWith(ThreadGlobal.scala:71)
	net.liftweb.http.S$$anonfun$net$liftweb$http$S$$_init$1$$anonfun$apply$44.apply(S.scala:1589)
	net.liftweb.util.ThreadGlobal.doWith(ThreadGlobal.scala:71)
	net.liftweb.http.S$$anonfun$net$liftweb$http$S$$_init$1.apply(S.scala:1588)
	net.liftweb.util.ThreadGlobal.doWith(ThreadGlobal.scala:71)
	net.liftweb.http.S$class.net$liftweb$http$S$$_init(S.scala:1587)
	net.liftweb.http.S$class.init(S.scala:1190)
	net.liftweb.http.LiftServlet.doSession$1(LiftServlet.scala:278)
	net.liftweb.http.LiftServlet.doService(LiftServlet.scala:288)
	net.liftweb.http.LiftServlet$$anonfun$doIt$1$1.apply(LiftServlet.scala:132)
	net.liftweb.http.LiftServlet$$anonfun$doIt$1$1.apply(LiftServlet.scala:131)
	net.liftweb.util.TimeHelpers$class.calcTime(TimeHelpers.scala:344)
	net.liftweb.util.Helpers$.calcTime(Helpers.scala:34)
	net.liftweb.util.TimeHelpers$class.logTime(TimeHelpers.scala:363)
	net.liftweb.util.Helpers$.logTime(Helpers.scala:34)
	net.liftweb.http.LiftServlet.doIt$1(LiftServlet.scala:131)
	net.liftweb.http.LiftServlet.service(LiftServlet.scala:142)
	net.liftweb.http.provider.HTTPProvider$$anonfun$service$2$$anonfun$apply$mcV$sp$1$$anonfun$apply$mcV$sp$2.apply$mcV$sp(HTTPProvider.scala:72)
	net.liftweb.http.provider.HTTPProvider$$anonfun$service$2$$anonfun$apply$mcV$sp$1$$anonfun$apply$mcV$sp$2.apply(HTTPProvider.scala:71)
	net.liftweb.http.provider.HTTPProvider$$anonfun$service$2$$anonfun$apply$mcV$sp$1$$anonfun$apply$mcV$sp$2.apply(HTTPProvider.scala:71)
	net.liftweb.util.ThreadGlobal.doWith(ThreadGlobal.scala:71)
	net.liftweb.http.URLRewriter$.doWith(Req.scala:1253)
	net.liftweb.http.provider.HTTPProvider$$anonfun$service$2$$anonfun$apply$mcV$sp$1.apply$mcV$sp(HTTPProvider.scala:70)
	net.liftweb.http.provider.HTTPProvider$$anonfun$service$2$$anonfun$apply$mcV$sp$1.apply(HTTPProvider.scala:70)
	net.liftweb.http.provider.HTTPProvider$$anonfun$service$2$$anonfun$apply$mcV$sp$1.apply(HTTPProvider.scala:70)
	net.liftweb.util.ThreadGlobal.doWith(ThreadGlobal.scala:71)
	net.liftweb.http.provider.HTTPProvider$$anonfun$service$2.apply$mcV$sp(HTTPProvider.scala:66)
	net.liftweb.http.provider.HTTPProvider$$anonfun$service$2.apply(HTTPProvider.scala:60)
	net.liftweb.http.provider.HTTPProvider$$anonfun$service$2.apply(HTTPProvider.scala:60)
	net.liftweb.util.ThreadGlobal.doWith(ThreadGlobal.scala:71)
	net.liftweb.http.provider.HTTPProvider$class.service(HTTPProvider.scala:60)
	net.liftweb.http.LiftFilter.service(LiftServlet.scala:757)
	net.liftweb.http.provider.servlet.ServletFilterProvider$$anonfun$doFilter$1$$anonfun$apply$mcV$sp$1.apply$mcV$sp(ServletFilterProvider.scala:67)
	net.liftweb.http.provider.servlet.ServletFilterProvider$$anonfun$doFilter$1$$anonfun$apply$mcV$sp$1.apply(ServletFilterProvider.scala:62)
	net.liftweb.http.provider.servlet.ServletFilterProvider$$anonfun$doFilter$1$$anonfun$apply$mcV$sp$1.apply(ServletFilterProvider.scala:62)
	net.liftweb.http.CoreRequestVarHandler$$anonfun$apply$16$$anonfun$apply$17$$anonfun$apply$18$$anonfun$apply$19.apply(Vars.scala:619)
	net.liftweb.util.ThreadGlobal.doWith(ThreadGlobal.scala:71)
	net.liftweb.http.CoreRequestVarHandler$$anonfun$apply$16$$anonfun$apply$17$$anonfun$apply$18.apply(Vars.scala:618)
	net.liftweb.util.ThreadGlobal.doWith(ThreadGlobal.scala:71)
	net.liftweb.http.CoreRequestVarHandler$$anonfun$apply$16$$anonfun$apply$17.apply(Vars.scala:617)
	net.liftweb.util.ThreadGlobal.doWith(ThreadGlobal.scala:71)
	net.liftweb.http.CoreRequestVarHandler$$anonfun$apply$16.apply(Vars.scala:616)
	net.liftweb.util.ThreadGlobal.doWith(ThreadGlobal.scala:71)
	net.liftweb.http.CoreRequestVarHandler$class.apply(Vars.scala:615)
	net.liftweb.http.RequestVarHandler$.apply(Vars.scala:515)
	net.liftweb.http.provider.servlet.ServletFilterProvider$$anonfun$doFilter$1.apply(ServletFilterProvider.scala:61)
	net.liftweb.http.provider.servlet.ServletFilterProvider$$anonfun$doFilter$1.apply(ServletFilterProvider.scala:61)
	net.liftweb.http.CoreRequestVarHandler$$anonfun$apply$16$$anonfun$apply$17$$anonfun$apply$18$$anonfun$apply$19.apply(Vars.scala:619)
	net.liftweb.util.ThreadGlobal.doWith(ThreadGlobal.scala:71)
	net.liftweb.http.CoreRequestVarHandler$$anonfun$apply$16$$anonfun$apply$17$$anonfun$apply$18.apply(Vars.scala:618)
	net.liftweb.util.ThreadGlobal.doWith(ThreadGlobal.scala:71)
	net.liftweb.http.CoreRequestVarHandler$$anonfun$apply$16$$anonfun$apply$17.apply(Vars.scala:617)
	net.liftweb.util.ThreadGlobal.doWith(ThreadGlobal.scala:71)
	net.liftweb.http.CoreRequestVarHandler$$anonfun$apply$16.apply(Vars.scala:616)
	net.liftweb.util.ThreadGlobal.doWith(ThreadGlobal.scala:71)
	net.liftweb.http.CoreRequestVarHandler$class.apply(Vars.scala:615)
	net.liftweb.http.provider.servlet.ServletFilterProvider$class.doFilter(ServletFilterProvider.scala:60)
	net.liftweb.http.LiftFilter.doFilter(LiftServlet.scala:757)
	org.eclipse.jetty.servlet.ServletHandler$CachedChain.doFilter(ServletHandler.java:1476)
	org.eclipse.jetty.servlet.ServletHandler.doHandle(ServletHandler.java:499)
	org.eclipse.jetty.server.handler.ScopedHandler.handle(ScopedHandler.java:137)
	org.eclipse.jetty.security.SecurityHandler.handle(SecurityHandler.java:557)
	org.eclipse.jetty.server.session.SessionHandler.doHandle(SessionHandler.java:231)
	org.eclipse.jetty.server.handler.ContextHandler.doHandle(ContextHandler.java:1086)
	org.eclipse.jetty.servlet.ServletHandler.doScope(ServletHandler.java:428)
	org.eclipse.jetty.server.session.SessionHandler.doScope(SessionHandler.java:193)
	org.eclipse.jetty.server.handler.ContextHandler.doScope(ContextHandler.java:1020)
	org.eclipse.jetty.server.handler.ScopedHandler.handle(ScopedHandler.java:135)
	org.eclipse.jetty.server.handler.ContextHandlerCollection.handle(ContextHandlerCollection.java:255)
	org.eclipse.jetty.server.handler.HandlerCollection.handle(HandlerCollection.java:154)
	org.eclipse.jetty.server.handler.HandlerWrapper.handle(HandlerWrapper.java:116)
	org.eclipse.jetty.server.Server.handle(Server.java:370)
	org.eclipse.jetty.server.AbstractHttpConnection.handleRequest(AbstractHttpConnection.java:494)
	org.eclipse.jetty.server.AbstractHttpConnection.headerComplete(AbstractHttpConnection.java:971)
	org.eclipse.jetty.server.AbstractHttpConnection$RequestHandler.headerComplete(AbstractHttpConnection.java:1033)
	org.eclipse.jetty.http.HttpParser.parseNext(HttpParser.java:644)
	org.eclipse.jetty.http.HttpParser.parseAvailable(HttpParser.java:235)
	org.eclipse.jetty.server.AsyncHttpConnection.handle(AsyncHttpConnection.java:82)
	org.eclipse.jetty.io.nio.SelectChannelEndPoint.handle(SelectChannelEndPoint.java:667)
	org.eclipse.jetty.io.nio.SelectChannelEndPoint$1.run(SelectChannelEndPoint.java:52)
	org.eclipse.jetty.util.thread.QueuedThreadPool.runJob(QueuedThreadPool.java:608)
	org.eclipse.jetty.util.thread.QueuedThreadPool$3.run(QueuedThreadPool.java:543)
	java.lang.Thread.run(Thread.java:695)

net.liftweb.util.TimeHelpers - Service request (GET) /game returned 500, took 17676 Milliseconds
