net.liftweb.util.TimeHelpers - Service request (GET) /api/players returned 200, took 228 Milliseconds
net.liftweb.util.TimeHelpers - Service request (GET) /api/games returned 200, took 28 Milliseconds
net.liftweb.util.TimeHelpers - Service request (POST) /api/reset-games returned 200, took 37 Milliseconds
net.liftweb.util.TimeHelpers - Service request (POST) /api/reset-players returned 200, took 22 Milliseconds
net.liftweb.util.TimeHelpers - Service request (GET) /api/ranking returned 200, took 58 Milliseconds
net.liftweb.util.TimeHelpers - Service request (POST) /api/game returned 200, took 64 Milliseconds
net.liftweb.util.TimeHelpers - Service request (GET) /api/ranking returned 200, took 12 Milliseconds
net.liftweb.util.TimeHelpers - Service request (POST) /api/game returned 200, took 17 Milliseconds
net.liftweb.util.TimeHelpers - Service request (GET) /api/ranking returned 200, took 12 Milliseconds
net.liftweb.util.TimeHelpers - Service request (POST) /api/game returned 200, took 14 Milliseconds
net.liftweb.util.TimeHelpers - Service request (GET) /api/ranking returned 200, took 11 Milliseconds
net.liftweb.util.TimeHelpers - Service request (GET) /api/ranking returned 200, took 11 Milliseconds
net.liftweb.util.TimeHelpers - Service request (GET) /api/games returned 200, took 12 Milliseconds
net.liftweb.util.TimeHelpers - Service request (GET) /api/players returned 200, took 12 Milliseconds
net.liftweb.util.TimeHelpers - Service request (POST) /api/game returned 200, took 13 Milliseconds
net.liftweb.util.TimeHelpers - Service request (GET) /api/players returned 200, took 11 Milliseconds
net.liftweb.util.TimeHelpers - Service request (GET) /api/ranking returned 200, took 10 Milliseconds
net.liftweb.util.TimeHelpers - Service request (POST) /api/game returned 200, took 17 Milliseconds
net.liftweb.util.TimeHelpers - Service request (GET) /api/ranking returned 200, took 9 Milliseconds
net.liftweb.util.TimeHelpers - Service request (GET) /api/ranking returned 200, took 9 Milliseconds
net.liftweb.util.TimeHelpers - Service request (GET) /api/ranking returned 200, took 10 Milliseconds
net.liftweb.util.TimeHelpers - Service request (GET) /api/ranking returned 200, took 9 Milliseconds
net.liftweb.util.TimeHelpers - Service request (GET) /api/ranking returned 200, took 10 Milliseconds
net.liftweb.util.TimeHelpers - Service request (GET) /api/ranking returned 200, took 10 Milliseconds
net.liftweb.util.TimeHelpers - Service request (GET) /api/ranking returned 200, took 9 Milliseconds
net.liftweb.util.TimeHelpers - Service request (GET) /api/ranking returned 200, took 9 Milliseconds
net.liftweb.util.TimeHelpers - Service request (GET) /api/ranking returned 200, took 9 Milliseconds
net.liftweb.util.TimeHelpers - Service request (GET) /api/ranking returned 200, took 9 Milliseconds
net.liftweb.util.TimeHelpers - Service request (POST) /api/game returned 200, took 17 Milliseconds
net.liftweb.util.TimeHelpers - Service request (GET) /api/ranking returned 200, took 7 Milliseconds
net.liftweb.util.TimeHelpers - Service request (GET) /api/ranking returned 200, took 9 Milliseconds
net.liftweb.util.TimeHelpers - Service request (POST) /api/reset-games returned 200, took 11 Milliseconds
net.liftweb.util.TimeHelpers - Service request (POST) /api/reset-players returned 200, took 13 Milliseconds
net.liftweb.util.TimeHelpers - Service request (GET) /api/ranking returned 200, took 10 Milliseconds
net.liftweb.util.TimeHelpers - Service request (POST) /api/game returned 200, took 12 Milliseconds
net.liftweb.util.TimeHelpers - Service request (GET) /api/ranking returned 200, took 9 Milliseconds
net.liftweb.util.TimeHelpers - Service request (POST) /api/game returned 200, took 14 Milliseconds
net.liftweb.util.TimeHelpers - Service request (GET) /api/ranking returned 200, took 9 Milliseconds
net.liftweb.util.TimeHelpers - Service request (POST) /api/game returned 200, took 16 Milliseconds
net.liftweb.util.TimeHelpers - Service request (GET) /api/ranking returned 200, took 7 Milliseconds
net.liftweb.util.TimeHelpers - Service request (POST) /api/game returned 200, took 16 Milliseconds
net.liftweb.util.TimeHelpers - Service request (GET) /api/ranking returned 200, took 8 Milliseconds
net.liftweb.util.TimeHelpers - Service request (GET) /api/ranking returned 200, took 7 Milliseconds
net.liftweb.util.TimeHelpers - Service request (POST) /api/game returned 200, took 11 Milliseconds
net.liftweb.util.TimeHelpers - Service request (GET) /api/ranking returned 200, took 8 Milliseconds
net.liftweb.util.TimeHelpers - Service request (POST) /api/game returned 200, took 9 Milliseconds
net.liftweb.util.TimeHelpers - Service request (GET) /api/ranking returned 200, took 9 Milliseconds
net.liftweb.util.TimeHelpers - Service request (GET) /api/ranking returned 200, took 9 Milliseconds
net.liftweb.util.TimeHelpers - Service request (GET) /api/ranking returned 200, took 9 Milliseconds
net.liftweb.util.TimeHelpers - Service request (GET) /api/ranking returned 200, took 7 Milliseconds
net.liftweb.util.TimeHelpers - Service request (POST) /api/game returned 200, took 11 Milliseconds
net.liftweb.util.TimeHelpers - Service request (GET) /api/ranking returned 200, took 8 Milliseconds
net.liftweb.util.TimeHelpers - Service request (GET) /api/ranking returned 200, took 8 Milliseconds
net.liftweb.util.TimeHelpers - Service request (GET) /api/ranking returned 200, took 8 Milliseconds
net.liftweb.util.TimeHelpers - Service request (GET) /api/ranking returned 200, took 8 Milliseconds
net.liftweb.util.TimeHelpers - Service request (GET) /api/ranking returned 200, took 9 Milliseconds
net.liftweb.util.TimeHelpers - Service request (POST) /api/game returned 200, took 16 Milliseconds
net.liftweb.util.TimeHelpers - Service request (GET) /api/ranking returned 200, took 7 Milliseconds
net.liftweb.util.TimeHelpers - Service request (GET) /api/ranking returned 200, took 8 Milliseconds
net.liftweb.util.TimeHelpers - Service request (GET) /api/ranking returned 200, took 7 Milliseconds
net.liftweb.util.TimeHelpers - Service request (GET) /api/ranking returned 200, took 8 Milliseconds
net.liftweb.util.TimeHelpers - Service request (GET) /api/ranking returned 200, took 8 Milliseconds
net.liftweb.util.TimeHelpers - Service request (GET) /api/ranking returned 200, took 8 Milliseconds
net.liftweb.util.TimeHelpers - Service request (GET) /api/ranking returned 200, took 8 Milliseconds
net.liftweb.util.TimeHelpers - Service request (GET) /api/ranking returned 200, took 7 Milliseconds
net.liftweb.util.TimeHelpers - Service request (GET) /api/ranking returned 200, took 9 Milliseconds
net.liftweb.util.TimeHelpers - Service request (GET) /api/ranking returned 200, took 7 Milliseconds
net.liftweb.util.TimeHelpers - Service request (GET) /api/ranking returned 200, took 7 Milliseconds
net.liftweb.util.TimeHelpers - Service request (POST) /api/game returned 200, took 15 Milliseconds
net.liftweb.util.TimeHelpers - Service request (GET) /api/ranking returned 200, took 7 Milliseconds
net.liftweb.util.TimeHelpers - Service request (POST) /api/game returned 200, took 16 Milliseconds
net.liftweb.util.TimeHelpers - Service request (GET) /api/ranking returned 200, took 7 Milliseconds
net.liftweb.util.TimeHelpers - Service request (POST) /api/game returned 200, took 12 Milliseconds
net.liftweb.util.TimeHelpers - Service request (GET) /api/ranking returned 200, took 7 Milliseconds
net.liftweb.util.TimeHelpers - Service request (POST) /api/game returned 200, took 12 Milliseconds
net.liftweb.util.TimeHelpers - Service request (GET) /api/ranking returned 200, took 7 Milliseconds
net.liftweb.util.TimeHelpers - Service request (POST) /api/game returned 200, took 13 Milliseconds
net.liftweb.util.TimeHelpers - Service request (GET) /api/ranking returned 200, took 7 Milliseconds
net.liftweb.util.TimeHelpers - Service request (POST) /api/game returned 200, took 9 Milliseconds
net.liftweb.util.TimeHelpers - Service request (POST) /api/game returned 200, took 10 Milliseconds
net.liftweb.util.TimeHelpers - Service request (GET) /api/ranking returned 200, took 7 Milliseconds
net.liftweb.util.TimeHelpers - Service request (GET) /api/ranking returned 200, took 6 Milliseconds
net.liftweb.util.TimeHelpers - Service request (GET) /api/ranking returned 200, took 6 Milliseconds
