net.liftweb.util.TimeHelpers - Service request (GET) /game returned 200, took 513 Milliseconds
net.liftweb.util.TimeHelpers - Service request (POST) /api/reset-games returned 200, took 67 Milliseconds
net.liftweb.util.TimeHelpers - Service request (POST) /api/reset-players returned 200, took 27 Milliseconds
net.liftweb.util.TimeHelpers - Service request (GET) /player returned 200, took 44 Milliseconds
net.liftweb.util.TimeHelpers - Service request (GET) /ranking returned 200, took 89 Milliseconds
net.liftweb.util.TimeHelpers - Service request (GET) /game returned 200, took 42 Milliseconds
net.liftweb.util.TimeHelpers - Service request (POST) /api/game returned 200, took 74 Milliseconds
net.liftweb.util.TimeHelpers - Service request (POST) /api/game returned 200, took 13 Milliseconds
net.liftweb.util.TimeHelpers - Service request (GET) /ranking returned 200, took 52 Milliseconds
net.liftweb.util.TimeHelpers - Service request (GET) /game returned 200, took 37 Milliseconds
net.liftweb.util.TimeHelpers - Service request (POST) /api/game returned 200, took 17 Milliseconds
net.liftweb.util.TimeHelpers - Service request (GET) /ranking returned 200, took 41 Milliseconds
net.liftweb.util.TimeHelpers - Service request (GET) /game returned 200, took 30 Milliseconds
net.liftweb.util.TimeHelpers - Service request (POST) /api/game returned 200, took 14 Milliseconds
net.liftweb.util.TimeHelpers - Service request (POST) /api/game returned 200, took 13 Milliseconds
net.liftweb.util.TimeHelpers - Service request (POST) /api/game returned 200, took 23 Milliseconds
net.liftweb.util.TimeHelpers - Service request (GET) /ranking returned 200, took 38 Milliseconds
net.liftweb.util.TimeHelpers - Service request (GET) /game returned 200, took 33 Milliseconds
net.liftweb.util.TimeHelpers - Service request (POST) /api/game returned 200, took 18 Milliseconds
net.liftweb.util.TimeHelpers - Service request (GET) /ranking returned 200, took 36 Milliseconds
net.liftweb.util.TimeHelpers - Service request (GET) /game returned 200, took 28 Milliseconds
net.liftweb.util.TimeHelpers - Service request (POST) /api/game returned 200, took 17 Milliseconds
net.liftweb.util.TimeHelpers - Service request (POST) /api/game returned 200, took 4604 Milliseconds
net.liftweb.util.TimeHelpers - Service request (GET) /ranking returned 200, took 37 Milliseconds
net.liftweb.util.TimeHelpers - Service request (GET) /api/games/55cec37dd4c67265498db20f returned 200, took 12 Milliseconds
net.liftweb.util.TimeHelpers - Service request (GET) /api/games/55cec366d4c67265498db20c returned 200, took 10 Milliseconds
net.liftweb.util.TimeHelpers - Service request (GET) /game returned 200, took 28 Milliseconds
net.liftweb.util.TimeHelpers - Service request (POST) /api/game returned 200, took 14 Milliseconds
net.liftweb.util.TimeHelpers - Service request (POST) /api/game returned 200, took 15 Milliseconds
net.liftweb.util.TimeHelpers - Service request (GET) /ranking returned 200, took 35 Milliseconds
net.liftweb.util.TimeHelpers - Service request (GET) /game returned 200, took 26 Milliseconds
net.liftweb.util.TimeHelpers - Service request (POST) /api/game returned 200, took 17 Milliseconds
net.liftweb.util.TimeHelpers - Service request (POST) /api/game returned 200, took 12 Milliseconds
net.liftweb.util.TimeHelpers - Service request (GET) /ranking returned 200, took 30 Milliseconds
net.liftweb.util.TimeHelpers - Service request (GET) /game returned 200, took 26 Milliseconds
net.liftweb.util.TimeHelpers - Service request (POST) /api/game returned 200, took 14 Milliseconds
net.liftweb.util.TimeHelpers - Service request (GET) /ranking returned 200, took 28 Milliseconds
net.liftweb.util.TimeHelpers - Service request (GET) /api/games/55cec390d4c67265498db211 returned 200, took 7 Milliseconds
net.liftweb.util.TimeHelpers - Service request (GET) /game returned 200, took 21 Milliseconds
net.liftweb.util.TimeHelpers - Service request (POST) /api/game returned 200, took 14 Milliseconds
net.liftweb.util.TimeHelpers - Service request (GET) /ranking returned 200, took 27 Milliseconds
net.liftweb.util.TimeHelpers - Service request (GET) /api/games/55cec35cd4c67265498db20b returned 200, took 11 Milliseconds
